<?xml version="1.0" encoding="utf-8"?>
<!DOCTYPE coverage SYSTEM "http://cobertura.sourceforge.net/xml/coverage-04.dtd">
<coverage line-rate="0.7777777777777778" branch-rate="1" lines-covered="7" lines-valid="9" branches-covered="0" branches-valid="0" complexity="3" version="0" timestamp="1661725459">
  <sources>
    <source>C:\Users\michaelmah\</source>
  </sources>
  <packages>
    <package name="RockPaperScissorsTests" line-rate="0.7777777777777778" branch-rate="1" complexity="3">
      <classes>
        <class name="AutoGeneratedProgram" filename="C:\Users\michaelmah\.nuget\packages\microsoft.net.test.sdk\17.3.0\build\netcoreapp2.1\Microsoft.NET.Test.Sdk.Program.cs" line-rate="0" branch-rate="1" complexity="1">
          <methods>
            <method name="Main" signature="(...)" line-rate="0" branch-rate="1" complexity="1">
              <lines>
                <line number="4" hits="0" branch="false" />
              </lines>
            </method>
          </methods>
          <lines>
            <line number="4" hits="0" branch="false" />
          </lines>
        </class>
        <class name="RockPaperScissorsTests.Game" filename="C:\Users\michaelmah\OneDrive - Derivco (Pty) Limited\Documents\Training\DevFluence TDD Fundamentals with C#\RockPaperScissors\RockPaperScissorsTests\GameTests.cs" line-rate="1" branch-rate="1" complexity="1">
          <methods>
            <method name="Play" signature="(...)" line-rate="1" branch-rate="1" complexity="1">
              <lines>
                <line number="25" hits="1" branch="false" />
                <line number="26" hits="1" branch="false" />
                <line number="27" hits="1" branch="false" />
              </lines>
            </method>
          </methods>
          <lines>
            <line number="25" hits="1" branch="false" />
            <line number="26" hits="1" branch="false" />
            <line number="27" hits="1" branch="false" />
          </lines>
        </class>
        <class name="RockPaperScissorsTests.GameTests" filename="C:\Users\michaelmah\OneDrive - Derivco (Pty) Limited\Documents\Training\DevFluence TDD Fundamentals with C#\RockPaperScissors\RockPaperScissorsTests\GameTests.cs" line-rate="0.8" branch-rate="1" complexity="1">
          <methods>
            <method name="METHOD" signature="()" line-rate="0.8" branch-rate="1" complexity="1">
              <lines>
                <line number="10" hits="1" branch="false" />
                <line number="12" hits="1" branch="false" />
                <line number="15" hits="1" branch="false" />
                <line number="18" hits="1" branch="false" />
                <line number="19" hits="0" branch="false" />
              </lines>
            </method>
          </methods>
          <lines>
            <line number="10" hits="1" branch="false" />
            <line number="12" hits="1" branch="false" />
            <line number="15" hits="1" branch="false" />
            <line number="18" hits="1" branch="false" />
            <line number="19" hits="0" branch="false" />
          </lines>
        </class>
      </classes>
    </package>
  </packages>
</coverage>