TpTrace Verbose: 0 : 29804, 1, 2022/08/28, 22:24:16.371, 112060769989, vstest.console.dll, Version: 17.2.0-release-20220408-11 Current process architecture: X64
TpTrace Information: 0 : 29804, 1, 2022/08/28, 22:24:16.385, 112060906231, vstest.console.dll, FilePatternParser: The given file C:\Users\michaelmah\OneDrive - Derivco (Pty) Limited\Documents\Training\DevFluence TDD Fundamentals with C#\RockPaperScissors\RockPaperScissorsTests\bin\Debug\netcoreapp3.1\fine-code-coverage\build-output\RockPaperScissorsTests.dll is a full path.
TpTrace Verbose: 0 : 29804, 1, 2022/08/28, 22:24:16.395, 112061005997, vstest.console.dll, TestPluginCache.DiscoverTestExtensions: finding test extensions in assemblies ends with: RuntimeProvider.dll TPluginInfo: Microsoft.VisualStudio.TestPlatform.Common.ExtensionFramework.Utilities.TestRuntimePluginInformation TExtension: Microsoft.VisualStudio.TestPlatform.ObjectModel.Host.ITestRuntimeProvider
TpTrace Verbose: 0 : 29804, 1, 2022/08/28, 22:24:16.395, 112061012600, vstest.console.dll, TestPluginCache.GetExtensionPaths: Filtered extension paths: 
TpTrace Verbose: 0 : 29804, 1, 2022/08/28, 22:24:16.396, 112061016496, vstest.console.dll, TestPluginCache.GetExtensionPaths: Added default extension paths: C:\Program Files\dotnet\sdk\6.0.303\Extensions\DumpMinitool.exe
C:\Program Files\dotnet\sdk\6.0.303\Extensions\DumpMinitool.x86.exe
C:\Program Files\dotnet\sdk\6.0.303\Extensions\Microsoft.Diagnostics.NETCore.Client.dll
C:\Program Files\dotnet\sdk\6.0.303\Extensions\Microsoft.TestPlatform.Extensions.BlameDataCollector.dll
C:\Program Files\dotnet\sdk\6.0.303\Extensions\Microsoft.TestPlatform.Extensions.EventLogCollector.dll
C:\Program Files\dotnet\sdk\6.0.303\Extensions\Microsoft.TestPlatform.TestHostRuntimeProvider.dll
C:\Program Files\dotnet\sdk\6.0.303\Extensions\Microsoft.VisualStudio.TestPlatform.Extensions.Html.TestLogger.dll
C:\Program Files\dotnet\sdk\6.0.303\Extensions\Microsoft.VisualStudio.TestPlatform.Extensions.Trx.TestLogger.dll
TpTrace Verbose: 0 : 29804, 1, 2022/08/28, 22:24:16.396, 112061017734, vstest.console.dll, TestPluginCache.GetExtensionPaths: Added unfilterableExtensionPaths: 
TpTrace Information: 0 : 29804, 1, 2022/08/28, 22:24:16.398, 112061035554, vstest.console.dll, AssemblyResolver.ctor: Creating AssemblyResolver with searchDirectories C:\Program Files\dotnet\sdk\6.0.303\Extensions,C:\Program Files\dotnet\sdk\6.0.303
TpTrace Verbose: 0 : 29804, 1, 2022/08/28, 22:24:16.400, 112061063951, vstest.console.dll, TestPluginCache.DiscoverTestExtensions: Discovering the extensions using extension path.
TpTrace Verbose: 0 : 29804, 1, 2022/08/28, 22:24:16.401, 112061066166, vstest.console.dll, TestPluginCache.GetExtensionPaths: Filtered extension paths: 
TpTrace Verbose: 0 : 29804, 1, 2022/08/28, 22:24:16.401, 112061066822, vstest.console.dll, TestPluginCache.GetExtensionPaths: Added default extension paths: C:\Program Files\dotnet\sdk\6.0.303\Extensions\DumpMinitool.exe
C:\Program Files\dotnet\sdk\6.0.303\Extensions\DumpMinitool.x86.exe
C:\Program Files\dotnet\sdk\6.0.303\Extensions\Microsoft.Diagnostics.NETCore.Client.dll
C:\Program Files\dotnet\sdk\6.0.303\Extensions\Microsoft.TestPlatform.Extensions.BlameDataCollector.dll
C:\Program Files\dotnet\sdk\6.0.303\Extensions\Microsoft.TestPlatform.Extensions.EventLogCollector.dll
C:\Program Files\dotnet\sdk\6.0.303\Extensions\Microsoft.TestPlatform.TestHostRuntimeProvider.dll
C:\Program Files\dotnet\sdk\6.0.303\Extensions\Microsoft.VisualStudio.TestPlatform.Extensions.Html.TestLogger.dll
C:\Program Files\dotnet\sdk\6.0.303\Extensions\Microsoft.VisualStudio.TestPlatform.Extensions.Trx.TestLogger.dll
TpTrace Verbose: 0 : 29804, 1, 2022/08/28, 22:24:16.401, 112061067466, vstest.console.dll, TestPluginCache.GetExtensionPaths: Added unfilterableExtensionPaths: 
TpTrace Verbose: 0 : 29804, 1, 2022/08/28, 22:24:16.401, 112061068350, vstest.console.dll, TestPluginCache.DiscoverTestExtensions: Discovering the extensions using allExtensionPaths: C:\Program Files\dotnet\sdk\6.0.303\Extensions\DumpMinitool.exe
C:\Program Files\dotnet\sdk\6.0.303\Extensions\DumpMinitool.x86.exe
C:\Program Files\dotnet\sdk\6.0.303\Extensions\Microsoft.Diagnostics.NETCore.Client.dll
C:\Program Files\dotnet\sdk\6.0.303\Extensions\Microsoft.TestPlatform.Extensions.BlameDataCollector.dll
C:\Program Files\dotnet\sdk\6.0.303\Extensions\Microsoft.TestPlatform.Extensions.EventLogCollector.dll
C:\Program Files\dotnet\sdk\6.0.303\Extensions\Microsoft.TestPlatform.TestHostRuntimeProvider.dll
C:\Program Files\dotnet\sdk\6.0.303\Extensions\Microsoft.VisualStudio.TestPlatform.Extensions.Html.TestLogger.dll
C:\Program Files\dotnet\sdk\6.0.303\Extensions\Microsoft.VisualStudio.TestPlatform.Extensions.Trx.TestLogger.dll
TpTrace Information: 0 : 29804, 1, 2022/08/28, 22:24:16.401, 112061072875, vstest.console.dll, AssemblyResolver.AddSearchDirectories: Adding more searchDirectories C:\Program Files\dotnet\sdk\6.0.303\Extensions,C:\Program Files\dotnet\sdk\6.0.303
TpTrace Information: 0 : 29804, 1, 2022/08/28, 22:24:16.401, 112061074050, vstest.console.dll, AssemblyResolver.AddSearchDirectories: Adding more searchDirectories C:\Program Files\dotnet\sdk\6.0.303\Extensions,C:\Program Files\dotnet\sdk\6.0.303
TpTrace Information: 0 : 29804, 1, 2022/08/28, 22:24:16.402, 112061074639, vstest.console.dll, AssemblyResolver.AddSearchDirectories: Adding more searchDirectories C:\Program Files\dotnet\sdk\6.0.303\Extensions,C:\Program Files\dotnet\sdk\6.0.303
TpTrace Information: 0 : 29804, 1, 2022/08/28, 22:24:16.402, 112061075106, vstest.console.dll, AssemblyResolver.AddSearchDirectories: Adding more searchDirectories C:\Program Files\dotnet\sdk\6.0.303\Extensions,C:\Program Files\dotnet\sdk\6.0.303
TpTrace Information: 0 : 29804, 1, 2022/08/28, 22:24:16.402, 112061075532, vstest.console.dll, AssemblyResolver.AddSearchDirectories: Adding more searchDirectories C:\Program Files\dotnet\sdk\6.0.303\Extensions,C:\Program Files\dotnet\sdk\6.0.303
TpTrace Information: 0 : 29804, 1, 2022/08/28, 22:24:16.402, 112061076013, vstest.console.dll, AssemblyResolver.AddSearchDirectories: Adding more searchDirectories C:\Program Files\dotnet\sdk\6.0.303\Extensions,C:\Program Files\dotnet\sdk\6.0.303
TpTrace Information: 0 : 29804, 1, 2022/08/28, 22:24:16.402, 112061076446, vstest.console.dll, AssemblyResolver.AddSearchDirectories: Adding more searchDirectories C:\Program Files\dotnet\sdk\6.0.303\Extensions,C:\Program Files\dotnet\sdk\6.0.303
TpTrace Information: 0 : 29804, 1, 2022/08/28, 22:24:16.402, 112061076860, vstest.console.dll, AssemblyResolver.AddSearchDirectories: Adding more searchDirectories C:\Program Files\dotnet\sdk\6.0.303\Extensions,C:\Program Files\dotnet\sdk\6.0.303
TpTrace Information: 0 : 29804, 1, 2022/08/28, 22:24:16.402, 112061081691, vstest.console.dll, AssemblyResolver.OnResolve: DumpMinitool: Resolving assembly.
TpTrace Information: 0 : 29804, 1, 2022/08/28, 22:24:16.402, 112061082699, vstest.console.dll, AssemblyResolver.OnResolve: DumpMinitool: Searching in: 'C:\Program Files\dotnet\sdk\6.0.303\Extensions'.
TpTrace Information: 0 : 29804, 1, 2022/08/28, 22:24:16.402, 112061084221, vstest.console.dll, AssemblyResolver.OnResolve: DumpMinitool: Assembly path does not exist: 'C:\Program Files\dotnet\sdk\6.0.303\Extensions\DumpMinitool.dll', returning.
TpTrace Information: 0 : 29804, 1, 2022/08/28, 22:24:16.403, 112061090547, vstest.console.dll, AssemblyResolver.OnResolve: DumpMinitool: Loading assembly 'C:\Program Files\dotnet\sdk\6.0.303\Extensions\DumpMinitool.exe'.
TpTrace Information: 0 : 29804, 1, 2022/08/28, 22:24:16.404, 112061102834, vstest.console.dll, AssemblyResolver.OnResolve: Resolved assembly: DumpMinitool, from path: C:\Program Files\dotnet\sdk\6.0.303\Extensions\DumpMinitool.exe
TpTrace Verbose: 0 : 29804, 1, 2022/08/28, 22:24:16.412, 112061182896, vstest.console.dll, MetadataReaderExtensionsHelper: Discovering extensions inside assembly 'DumpMinitool, Version=15.0.0.0, Culture=neutral, PublicKeyToken=b03f5f7f11d50a3a' file path 'C:\Program Files\dotnet\sdk\6.0.303\Extensions\DumpMinitool.exe'
TpTrace Information: 0 : 29804, 1, 2022/08/28, 22:24:16.423, 112061291008, vstest.console.dll, AssemblyResolver.OnResolve: DumpMinitool.x86: Resolving assembly.
TpTrace Information: 0 : 29804, 1, 2022/08/28, 22:24:16.423, 112061292851, vstest.console.dll, AssemblyResolver.OnResolve: DumpMinitool.x86: Searching in: 'C:\Program Files\dotnet\sdk\6.0.303\Extensions'.
TpTrace Information: 0 : 29804, 1, 2022/08/28, 22:24:16.423, 112061294200, vstest.console.dll, AssemblyResolver.OnResolve: DumpMinitool.x86: Assembly path does not exist: 'C:\Program Files\dotnet\sdk\6.0.303\Extensions\DumpMinitool.x86.dll', returning.
TpTrace Information: 0 : 29804, 1, 2022/08/28, 22:24:16.424, 112061297566, vstest.console.dll, AssemblyResolver.OnResolve: DumpMinitool.x86: Loading assembly 'C:\Program Files\dotnet\sdk\6.0.303\Extensions\DumpMinitool.x86.exe'.
TpTrace Information: 0 : 29804, 1, 2022/08/28, 22:24:16.425, 112061308007, vstest.console.dll, AssemblyResolver.OnResolve: Resolved assembly: DumpMinitool.x86, from path: C:\Program Files\dotnet\sdk\6.0.303\Extensions\DumpMinitool.x86.exe
TpTrace Verbose: 0 : 29804, 1, 2022/08/28, 22:24:16.425, 112061309071, vstest.console.dll, MetadataReaderExtensionsHelper: Discovering extensions inside assembly 'DumpMinitool.x86, Version=15.0.0.0, Culture=neutral, PublicKeyToken=b03f5f7f11d50a3a' file path 'C:\Program Files\dotnet\sdk\6.0.303\Extensions\DumpMinitool.x86.exe'
TpTrace Information: 0 : 29804, 1, 2022/08/28, 22:24:16.426, 112061316412, vstest.console.dll, AssemblyResolver.OnResolve: Microsoft.Diagnostics.NETCore.Client: Resolving assembly.
TpTrace Information: 0 : 29804, 1, 2022/08/28, 22:24:16.426, 112061317293, vstest.console.dll, AssemblyResolver.OnResolve: Microsoft.Diagnostics.NETCore.Client: Searching in: 'C:\Program Files\dotnet\sdk\6.0.303\Extensions'.
TpTrace Information: 0 : 29804, 1, 2022/08/28, 22:24:16.426, 112061320728, vstest.console.dll, AssemblyResolver.OnResolve: Microsoft.Diagnostics.NETCore.Client: Loading assembly 'C:\Program Files\dotnet\sdk\6.0.303\Extensions\Microsoft.Diagnostics.NETCore.Client.dll'.
TpTrace Information: 0 : 29804, 1, 2022/08/28, 22:24:16.428, 112061334898, vstest.console.dll, AssemblyResolver.OnResolve: Resolved assembly: Microsoft.Diagnostics.NETCore.Client, from path: C:\Program Files\dotnet\sdk\6.0.303\Extensions\Microsoft.Diagnostics.NETCore.Client.dll
TpTrace Verbose: 0 : 29804, 1, 2022/08/28, 22:24:16.428, 112061336763, vstest.console.dll, MetadataReaderExtensionsHelper: Discovering extensions inside assembly 'Microsoft.Diagnostics.NETCore.Client, Version=0.2.5.801, Culture=neutral, PublicKeyToken=31bf3856ad364e35' file path 'C:\Program Files\dotnet\sdk\6.0.303\Extensions\Microsoft.Diagnostics.NETCore.Client.dll'
TpTrace Information: 0 : 29804, 1, 2022/08/28, 22:24:16.440, 112061457953, vstest.console.dll, AssemblyResolver.OnResolve: Microsoft.Bcl.AsyncInterfaces: Resolving assembly.
TpTrace Information: 0 : 29804, 1, 2022/08/28, 22:24:16.440, 112061459267, vstest.console.dll, AssemblyResolver.OnResolve: Microsoft.Bcl.AsyncInterfaces: Searching in: 'C:\Program Files\dotnet\sdk\6.0.303\Extensions'.
TpTrace Information: 0 : 29804, 1, 2022/08/28, 22:24:16.440, 112061460590, vstest.console.dll, AssemblyResolver.OnResolve: Microsoft.Bcl.AsyncInterfaces: Assembly path does not exist: 'C:\Program Files\dotnet\sdk\6.0.303\Extensions\Microsoft.Bcl.AsyncInterfaces.dll', returning.
TpTrace Information: 0 : 29804, 1, 2022/08/28, 22:24:16.440, 112061461600, vstest.console.dll, AssemblyResolver.OnResolve: Microsoft.Bcl.AsyncInterfaces: Assembly path does not exist: 'C:\Program Files\dotnet\sdk\6.0.303\Extensions\Microsoft.Bcl.AsyncInterfaces.exe', returning.
TpTrace Information: 0 : 29804, 1, 2022/08/28, 22:24:16.440, 112061462176, vstest.console.dll, AssemblyResolver.OnResolve: Microsoft.Bcl.AsyncInterfaces: Searching in: 'C:\Program Files\dotnet\sdk\6.0.303'.
TpTrace Information: 0 : 29804, 1, 2022/08/28, 22:24:16.440, 112061463147, vstest.console.dll, AssemblyResolver.OnResolve: Microsoft.Bcl.AsyncInterfaces: Assembly path does not exist: 'C:\Program Files\dotnet\sdk\6.0.303\Microsoft.Bcl.AsyncInterfaces.dll', returning.
TpTrace Information: 0 : 29804, 1, 2022/08/28, 22:24:16.440, 112061464161, vstest.console.dll, AssemblyResolver.OnResolve: Microsoft.Bcl.AsyncInterfaces: Assembly path does not exist: 'C:\Program Files\dotnet\sdk\6.0.303\Microsoft.Bcl.AsyncInterfaces.exe', returning.
TpTrace Information: 0 : 29804, 1, 2022/08/28, 22:24:16.441, 112061464662, vstest.console.dll, AssemblyResolver.OnResolve: Microsoft.Bcl.AsyncInterfaces: Failed to load assembly.
TpTrace Verbose: 0 : 29804, 1, 2022/08/28, 22:24:16.441, 112061465326, vstest.console.dll, CurrentDomainAssemblyResolve: Resolving assembly 'Microsoft.Bcl.AsyncInterfaces'.
TpTrace Information: 0 : 29804, 1, 2022/08/28, 22:24:16.441, 112061466179, vstest.console.dll, AssemblyResolver.OnResolve: Microsoft.Bcl.AsyncInterfaces: Resolving assembly.
TpTrace Information: 0 : 29804, 1, 2022/08/28, 22:24:16.441, 112061466774, vstest.console.dll, AssemblyResolver.OnResolve: Microsoft.Bcl.AsyncInterfaces: Resolved from cache.
TpTrace Verbose: 0 : 29804, 1, 2022/08/28, 22:24:16.441, 112061467249, vstest.console.dll, CurrentDomainAssemblyResolve: Resolving assembly 'Microsoft.Bcl.AsyncInterfaces'.
TpTrace Verbose: 0 : 29804, 1, 2022/08/28, 22:24:16.441, 112061467798, vstest.console.dll, CurrentDomainAssemblyResolve: Failed to resolve assembly 'Microsoft.Bcl.AsyncInterfaces'.
TpTrace Verbose: 0 : 29804, 1, 2022/08/28, 22:24:16.441, 112061473665, vstest.console.dll, CurrentDomainAssemblyResolve: Failed to resolve assembly 'Microsoft.Bcl.AsyncInterfaces'.
TpTrace Warning: 0 : 29804, 1, 2022/08/28, 22:24:16.460, 112061657453, vstest.console.dll, TestPluginDiscoverer: Failed to get types from assembly 'Microsoft.Diagnostics.NETCore.Client, Version=0.2.5.801, Culture=neutral, PublicKeyToken=31bf3856ad364e35'. Error: System.Reflection.ReflectionTypeLoadException: Unable to load one or more of the requested types.
Could not load file or assembly 'Microsoft.Bcl.AsyncInterfaces, Version=1.0.0.0, Culture=neutral, PublicKeyToken=cc7b13ffcd2ddd51'. The system cannot find the file specified.
   at System.Reflection.RuntimeModule.GetTypes(RuntimeModule module)
   at System.Reflection.Assembly.GetTypes()
   at Microsoft.VisualStudio.TestPlatform.Common.ExtensionFramework.TestPluginDiscoverer.GetTestExtensionsFromAssembly[TPluginInfo,TExtension](Assembly assembly, Dictionary`2 pluginInfos, String filePath)
System.IO.FileNotFoundException: Could not load file or assembly 'Microsoft.Bcl.AsyncInterfaces, Version=1.0.0.0, Culture=neutral, PublicKeyToken=cc7b13ffcd2ddd51'. The system cannot find the file specified.
File name: 'Microsoft.Bcl.AsyncInterfaces, Version=1.0.0.0, Culture=neutral, PublicKeyToken=cc7b13ffcd2ddd51'
 ---> System.IO.FileNotFoundException: Could not load file or assembly 'Microsoft.Bcl.AsyncInterfaces, Culture=neutral, PublicKeyToken=null'. The system cannot find the file specified.
File name: 'Microsoft.Bcl.AsyncInterfaces, Culture=neutral, PublicKeyToken=null'
   at System.Reflection.RuntimeAssembly.InternalLoad(ObjectHandleOnStack assemblyName, ObjectHandleOnStack requestingAssembly, StackCrawlMarkHandle stackMark, Boolean throwOnFileNotFound, ObjectHandleOnStack assemblyLoadContext, ObjectHandleOnStack retAssembly)
   at System.Reflection.RuntimeAssembly.InternalLoad(AssemblyName assemblyName, RuntimeAssembly requestingAssembly, StackCrawlMark& stackMark, Boolean throwOnFileNotFound, AssemblyLoadContext assemblyLoadContext)
   at System.Reflection.Assembly.Load(AssemblyName assemblyRef)
   at Microsoft.VisualStudio.TestPlatform.Common.ExtensionFramework.TestPluginCache.CurrentDomainAssemblyResolve(Object sender, AssemblyResolveEventArgs args)
   at Microsoft.VisualStudio.TestPlatform.PlatformAbstractions.PlatformAssemblyResolver.AssemblyResolverEvent(Object sender, Object eventArgs)
   at System.Runtime.Loader.AssemblyLoadContext.GetFirstResolvedAssemblyFromResolvingEvent(AssemblyName assemblyName)
   at System.Runtime.Loader.AssemblyLoadContext.ResolveUsingEvent(AssemblyName assemblyName)
   at System.Runtime.Loader.AssemblyLoadContext.ResolveUsingResolvingEvent(IntPtr gchManagedAssemblyLoadContext, AssemblyName assemblyName)
TpTrace Warning: 0 : 29804, 1, 2022/08/28, 22:24:16.460, 112061662705, vstest.console.dll, LoaderExceptions: System.IO.FileNotFoundException: Could not load file or assembly 'Microsoft.Bcl.AsyncInterfaces, Version=1.0.0.0, Culture=neutral, PublicKeyToken=cc7b13ffcd2ddd51'. The system cannot find the file specified.
File name: 'Microsoft.Bcl.AsyncInterfaces, Version=1.0.0.0, Culture=neutral, PublicKeyToken=cc7b13ffcd2ddd51'
 ---> System.IO.FileNotFoundException: Could not load file or assembly 'Microsoft.Bcl.AsyncInterfaces, Culture=neutral, PublicKeyToken=null'. The system cannot find the file specified.
File name: 'Microsoft.Bcl.AsyncInterfaces, Culture=neutral, PublicKeyToken=null'
   at System.Reflection.RuntimeAssembly.InternalLoad(ObjectHandleOnStack assemblyName, ObjectHandleOnStack requestingAssembly, StackCrawlMarkHandle stackMark, Boolean throwOnFileNotFound, ObjectHandleOnStack assemblyLoadContext, ObjectHandleOnStack retAssembly)
   at System.Reflection.RuntimeAssembly.InternalLoad(AssemblyName assemblyName, RuntimeAssembly requestingAssembly, StackCrawlMark& stackMark, Boolean throwOnFileNotFound, AssemblyLoadContext assemblyLoadContext)
   at System.Reflection.Assembly.Load(AssemblyName assemblyRef)
   at Microsoft.VisualStudio.TestPlatform.Common.ExtensionFramework.TestPluginCache.CurrentDomainAssemblyResolve(Object sender, AssemblyResolveEventArgs args)
   at Microsoft.VisualStudio.TestPlatform.PlatformAbstractions.PlatformAssemblyResolver.AssemblyResolverEvent(Object sender, Object eventArgs)
   at System.Runtime.Loader.AssemblyLoadContext.GetFirstResolvedAssemblyFromResolvingEvent(AssemblyName assemblyName)
   at System.Runtime.Loader.AssemblyLoadContext.ResolveUsingEvent(AssemblyName assemblyName)
   at System.Runtime.Loader.AssemblyLoadContext.ResolveUsingResolvingEvent(IntPtr gchManagedAssemblyLoadContext, AssemblyName assemblyName)
TpTrace Information: 0 : 29804, 1, 2022/08/28, 22:24:16.461, 112061664761, vstest.console.dll, AssemblyResolver.OnResolve: Microsoft.TestPlatform.Extensions.BlameDataCollector: Resolving assembly.
TpTrace Information: 0 : 29804, 1, 2022/08/28, 22:24:16.461, 112061665401, vstest.console.dll, AssemblyResolver.OnResolve: Microsoft.TestPlatform.Extensions.BlameDataCollector: Searching in: 'C:\Program Files\dotnet\sdk\6.0.303\Extensions'.
TpTrace Information: 0 : 29804, 1, 2022/08/28, 22:24:16.461, 112061669416, vstest.console.dll, AssemblyResolver.OnResolve: Microsoft.TestPlatform.Extensions.BlameDataCollector: Loading assembly 'C:\Program Files\dotnet\sdk\6.0.303\Extensions\Microsoft.TestPlatform.Extensions.BlameDataCollector.dll'.
TpTrace Information: 0 : 29804, 1, 2022/08/28, 22:24:16.463, 112061693028, vstest.console.dll, AssemblyResolver.OnResolve: Resolved assembly: Microsoft.TestPlatform.Extensions.BlameDataCollector, from path: C:\Program Files\dotnet\sdk\6.0.303\Extensions\Microsoft.TestPlatform.Extensions.BlameDataCollector.dll
TpTrace Verbose: 0 : 29804, 1, 2022/08/28, 22:24:16.464, 112061694711, vstest.console.dll, MetadataReaderExtensionsHelper: Discovering extensions inside assembly 'Microsoft.TestPlatform.Extensions.BlameDataCollector, Version=15.0.0.0, Culture=neutral, PublicKeyToken=b03f5f7f11d50a3a' file path 'C:\Program Files\dotnet\sdk\6.0.303\Extensions\Microsoft.TestPlatform.Extensions.BlameDataCollector.dll'
TpTrace Information: 0 : 29804, 1, 2022/08/28, 22:24:16.465, 112061712105, vstest.console.dll, AssemblyResolver.OnResolve: Microsoft.TestPlatform.Extensions.EventLogCollector: Resolving assembly.
TpTrace Information: 0 : 29804, 1, 2022/08/28, 22:24:16.465, 112061713549, vstest.console.dll, AssemblyResolver.OnResolve: Microsoft.TestPlatform.Extensions.EventLogCollector: Searching in: 'C:\Program Files\dotnet\sdk\6.0.303\Extensions'.
TpTrace Information: 0 : 29804, 1, 2022/08/28, 22:24:16.466, 112061724396, vstest.console.dll, AssemblyResolver.OnResolve: Microsoft.TestPlatform.Extensions.EventLogCollector: Loading assembly 'C:\Program Files\dotnet\sdk\6.0.303\Extensions\Microsoft.TestPlatform.Extensions.EventLogCollector.dll'.
TpTrace Information: 0 : 29804, 1, 2022/08/28, 22:24:16.468, 112061740996, vstest.console.dll, AssemblyResolver.OnResolve: Resolved assembly: Microsoft.TestPlatform.Extensions.EventLogCollector, from path: C:\Program Files\dotnet\sdk\6.0.303\Extensions\Microsoft.TestPlatform.Extensions.EventLogCollector.dll
TpTrace Verbose: 0 : 29804, 1, 2022/08/28, 22:24:16.468, 112061742221, vstest.console.dll, MetadataReaderExtensionsHelper: Discovering extensions inside assembly 'Microsoft.TestPlatform.Extensions.EventLogCollector, Version=15.0.0.0, Culture=neutral, PublicKeyToken=b03f5f7f11d50a3a' file path 'C:\Program Files\dotnet\sdk\6.0.303\Extensions\Microsoft.TestPlatform.Extensions.EventLogCollector.dll'
TpTrace Information: 0 : 29804, 1, 2022/08/28, 22:24:16.471, 112061773270, vstest.console.dll, AssemblyResolver.OnResolve: Microsoft.TestPlatform.TestHostRuntimeProvider: Resolving assembly.
TpTrace Information: 0 : 29804, 1, 2022/08/28, 22:24:16.471, 112061774419, vstest.console.dll, AssemblyResolver.OnResolve: Microsoft.TestPlatform.TestHostRuntimeProvider: Searching in: 'C:\Program Files\dotnet\sdk\6.0.303\Extensions'.
TpTrace Information: 0 : 29804, 1, 2022/08/28, 22:24:16.472, 112061778091, vstest.console.dll, AssemblyResolver.OnResolve: Microsoft.TestPlatform.TestHostRuntimeProvider: Loading assembly 'C:\Program Files\dotnet\sdk\6.0.303\Extensions\Microsoft.TestPlatform.TestHostRuntimeProvider.dll'.
TpTrace Information: 0 : 29804, 1, 2022/08/28, 22:24:16.473, 112061790025, vstest.console.dll, AssemblyResolver.OnResolve: Resolved assembly: Microsoft.TestPlatform.TestHostRuntimeProvider, from path: C:\Program Files\dotnet\sdk\6.0.303\Extensions\Microsoft.TestPlatform.TestHostRuntimeProvider.dll
TpTrace Verbose: 0 : 29804, 1, 2022/08/28, 22:24:16.473, 112061791127, vstest.console.dll, MetadataReaderExtensionsHelper: Discovering extensions inside assembly 'Microsoft.TestPlatform.TestHostRuntimeProvider, Version=15.0.0.0, Culture=neutral, PublicKeyToken=b03f5f7f11d50a3a' file path 'C:\Program Files\dotnet\sdk\6.0.303\Extensions\Microsoft.TestPlatform.TestHostRuntimeProvider.dll'
TpTrace Information: 0 : 29804, 1, 2022/08/28, 22:24:16.476, 112061815234, vstest.console.dll, GetTestExtensionFromType: Register extension with identifier data 'HostProvider://DefaultTestHost' and type 'Microsoft.VisualStudio.TestPlatform.CrossPlatEngine.Hosting.DefaultTestHostManager, Microsoft.TestPlatform.TestHostRuntimeProvider, Version=15.0.0.0, Culture=neutral, PublicKeyToken=b03f5f7f11d50a3a' inside file 'C:\Program Files\dotnet\sdk\6.0.303\Extensions\Microsoft.TestPlatform.TestHostRuntimeProvider.dll'
TpTrace Information: 0 : 29804, 1, 2022/08/28, 22:24:16.476, 112061816527, vstest.console.dll, GetTestExtensionFromType: Register extension with identifier data 'HostProvider://DotnetTestHost' and type 'Microsoft.VisualStudio.TestPlatform.CrossPlatEngine.Hosting.DotnetTestHostManager, Microsoft.TestPlatform.TestHostRuntimeProvider, Version=15.0.0.0, Culture=neutral, PublicKeyToken=b03f5f7f11d50a3a' inside file 'C:\Program Files\dotnet\sdk\6.0.303\Extensions\Microsoft.TestPlatform.TestHostRuntimeProvider.dll'
TpTrace Information: 0 : 29804, 1, 2022/08/28, 22:24:16.476, 112061817632, vstest.console.dll, AssemblyResolver.OnResolve: Microsoft.VisualStudio.TestPlatform.Extensions.Html.TestLogger: Resolving assembly.
TpTrace Information: 0 : 29804, 1, 2022/08/28, 22:24:16.476, 112061818497, vstest.console.dll, AssemblyResolver.OnResolve: Microsoft.VisualStudio.TestPlatform.Extensions.Html.TestLogger: Searching in: 'C:\Program Files\dotnet\sdk\6.0.303\Extensions'.
TpTrace Information: 0 : 29804, 1, 2022/08/28, 22:24:16.476, 112061822065, vstest.console.dll, AssemblyResolver.OnResolve: Microsoft.VisualStudio.TestPlatform.Extensions.Html.TestLogger: Loading assembly 'C:\Program Files\dotnet\sdk\6.0.303\Extensions\Microsoft.VisualStudio.TestPlatform.Extensions.Html.TestLogger.dll'.
TpTrace Information: 0 : 29804, 1, 2022/08/28, 22:24:16.478, 112061836290, vstest.console.dll, AssemblyResolver.OnResolve: Resolved assembly: Microsoft.VisualStudio.TestPlatform.Extensions.Html.TestLogger, from path: C:\Program Files\dotnet\sdk\6.0.303\Extensions\Microsoft.VisualStudio.TestPlatform.Extensions.Html.TestLogger.dll
TpTrace Verbose: 0 : 29804, 1, 2022/08/28, 22:24:16.478, 112061838445, vstest.console.dll, MetadataReaderExtensionsHelper: Discovering extensions inside assembly 'Microsoft.VisualStudio.TestPlatform.Extensions.Html.TestLogger, Version=15.0.0.0, Culture=neutral, PublicKeyToken=b03f5f7f11d50a3a' file path 'C:\Program Files\dotnet\sdk\6.0.303\Extensions\Microsoft.VisualStudio.TestPlatform.Extensions.Html.TestLogger.dll'
TpTrace Information: 0 : 29804, 1, 2022/08/28, 22:24:16.479, 112061847143, vstest.console.dll, AssemblyResolver.OnResolve: Microsoft.VisualStudio.TestPlatform.Extensions.Trx.TestLogger: Resolving assembly.
TpTrace Information: 0 : 29804, 1, 2022/08/28, 22:24:16.479, 112061847983, vstest.console.dll, AssemblyResolver.OnResolve: Microsoft.VisualStudio.TestPlatform.Extensions.Trx.TestLogger: Searching in: 'C:\Program Files\dotnet\sdk\6.0.303\Extensions'.
TpTrace Information: 0 : 29804, 1, 2022/08/28, 22:24:16.479, 112061851525, vstest.console.dll, AssemblyResolver.OnResolve: Microsoft.VisualStudio.TestPlatform.Extensions.Trx.TestLogger: Loading assembly 'C:\Program Files\dotnet\sdk\6.0.303\Extensions\Microsoft.VisualStudio.TestPlatform.Extensions.Trx.TestLogger.dll'.
TpTrace Information: 0 : 29804, 1, 2022/08/28, 22:24:16.480, 112061863087, vstest.console.dll, AssemblyResolver.OnResolve: Resolved assembly: Microsoft.VisualStudio.TestPlatform.Extensions.Trx.TestLogger, from path: C:\Program Files\dotnet\sdk\6.0.303\Extensions\Microsoft.VisualStudio.TestPlatform.Extensions.Trx.TestLogger.dll
TpTrace Verbose: 0 : 29804, 1, 2022/08/28, 22:24:16.480, 112061864213, vstest.console.dll, MetadataReaderExtensionsHelper: Discovering extensions inside assembly 'Microsoft.VisualStudio.TestPlatform.Extensions.Trx.TestLogger, Version=15.0.0.0, Culture=neutral, PublicKeyToken=b03f5f7f11d50a3a' file path 'C:\Program Files\dotnet\sdk\6.0.303\Extensions\Microsoft.VisualStudio.TestPlatform.Extensions.Trx.TestLogger.dll'
TpTrace Verbose: 0 : 29804, 1, 2022/08/28, 22:24:16.482, 112061875807, vstest.console.dll, TestPluginCache: Discovered the extensions using extension path ''.
TpTrace Verbose: 0 : 29804, 1, 2022/08/28, 22:24:16.482, 112061876744, vstest.console.dll, TestPluginCache: Discoverers are ''.
TpTrace Verbose: 0 : 29804, 1, 2022/08/28, 22:24:16.482, 112061877217, vstest.console.dll, TestPluginCache: Executors are ''.
TpTrace Verbose: 0 : 29804, 1, 2022/08/28, 22:24:16.482, 112061877591, vstest.console.dll, TestPluginCache: Executors2 are ''.
TpTrace Verbose: 0 : 29804, 1, 2022/08/28, 22:24:16.482, 112061877938, vstest.console.dll, TestPluginCache: Setting providers are ''.
TpTrace Verbose: 0 : 29804, 1, 2022/08/28, 22:24:16.482, 112061878280, vstest.console.dll, TestPluginCache: Loggers are ''.
TpTrace Verbose: 0 : 29804, 1, 2022/08/28, 22:24:16.482, 112061880440, vstest.console.dll, TestPluginCache: TestHosts are 'HostProvider://DefaultTestHost,HostProvider://DotnetTestHost'.
TpTrace Verbose: 0 : 29804, 1, 2022/08/28, 22:24:16.482, 112061881009, vstest.console.dll, TestPluginCache: DataCollectors are ''.
TpTrace Information: 0 : 29804, 1, 2022/08/28, 22:24:16.501, 112062070680, vstest.console.dll, RunTestsArgumentProcessor:Execute: Test run is starting.
TpTrace Verbose: 0 : 29804, 1, 2022/08/28, 22:24:16.501, 112062071871, vstest.console.dll, RunTestsArgumentProcessor:Execute: Queuing Test run.
TpTrace Information: 0 : 29804, 1, 2022/08/28, 22:24:16.502, 112062074728, vstest.console.dll, TestRequestManager.RunTests: run tests started.
TpTrace Information: 0 : 29804, 1, 2022/08/28, 22:24:16.504, 112062100218, vstest.console.dll, AssemblyMetadataProvider.GetFrameWork: Determined framework:'.NETCoreApp,Version=v3.1' for source: 'C:\Users\michaelmah\OneDrive - Derivco (Pty) Limited\Documents\Training\DevFluence TDD Fundamentals with C#\RockPaperScissors\RockPaperScissorsTests\bin\Debug\netcoreapp3.1\fine-code-coverage\build-output\RockPaperScissorsTests.dll'
TpTrace Information: 0 : 29804, 1, 2022/08/28, 22:24:16.504, 112062102691, vstest.console.dll, Determined framework for all sources: .NETCoreApp,Version=v3.1
TpTrace Verbose: 0 : 29804, 1, 2022/08/28, 22:24:16.505, 112062108127, vstest.console.dll, TestRequestManager.UpdateRunSettingsIfRequired: Default architecture: X64 IsDefaultTargetArchitecture: True, Current process architecture: X64 OperatingSystem: Windows.
TpTrace Information: 0 : 29804, 1, 2022/08/28, 22:24:16.505, 112062112852, vstest.console.dll, AssemblyMetadataProvider.GetArchitecture: Determined architecture:AnyCPU info for assembly: C:\Users\michaelmah\OneDrive - Derivco (Pty) Limited\Documents\Training\DevFluence TDD Fundamentals with C#\RockPaperScissors\RockPaperScissorsTests\bin\Debug\netcoreapp3.1\fine-code-coverage\build-output\RockPaperScissorsTests.dll
TpTrace Information: 0 : 29804, 1, 2022/08/28, 22:24:16.505, 112062113532, vstest.console.dll, Determined platform for source 'C:\Users\michaelmah\OneDrive - Derivco (Pty) Limited\Documents\Training\DevFluence TDD Fundamentals with C#\RockPaperScissors\RockPaperScissorsTests\bin\Debug\netcoreapp3.1\fine-code-coverage\build-output\RockPaperScissorsTests.dll' is 'AnyCPU'
TpTrace Information: 0 : 29804, 1, 2022/08/28, 22:24:16.508, 112062138206, vstest.console.dll, Determined platform for all sources: X64
TpTrace Information: 0 : 29804, 1, 2022/08/28, 22:24:16.508, 112062139183, vstest.console.dll, Infered platform 'X64'.
TpTrace Information: 0 : 29804, 1, 2022/08/28, 22:24:16.508, 112062139732, vstest.console.dll, Platform update to 'X64' required.
TpTrace Information: 0 : 29804, 1, 2022/08/28, 22:24:16.512, 112062178614, vstest.console.dll, Compatible sources list: 
TpTrace Information: 0 : 29804, 1, 2022/08/28, 22:24:16.512, 112062180156, vstest.console.dll, C:\Users\michaelmah\OneDrive - Derivco (Pty) Limited\Documents\Training\DevFluence TDD Fundamentals with C#\RockPaperScissors\RockPaperScissorsTests\bin\Debug\netcoreapp3.1\fine-code-coverage\build-output\RockPaperScissorsTests.dll
TpTrace Information: 0 : 29804, 1, 2022/08/28, 22:24:16.515, 112062213656, vstest.console.dll, InferRunSettingsHelper.IsTestSettingsEnabled: Unable to navigate to RunSettings/MSTest. Current node: RunSettings
TpTrace Information: 0 : 29804, 1, 2022/08/28, 22:24:16.516, 112062223175, vstest.console.dll, AssemblyResolver.OnResolve: Microsoft.VisualStudio.TestPlatform.Fakes: Resolving assembly.
TpTrace Information: 0 : 29804, 1, 2022/08/28, 22:24:16.516, 112062224079, vstest.console.dll, AssemblyResolver.OnResolve: Microsoft.VisualStudio.TestPlatform.Fakes: Searching in: 'C:\Program Files\dotnet\sdk\6.0.303\Extensions'.
TpTrace Information: 0 : 29804, 1, 2022/08/28, 22:24:16.517, 112062225551, vstest.console.dll, AssemblyResolver.OnResolve: Microsoft.VisualStudio.TestPlatform.Fakes: Assembly path does not exist: 'C:\Program Files\dotnet\sdk\6.0.303\Extensions\Microsoft.VisualStudio.TestPlatform.Fakes.dll', returning.
TpTrace Information: 0 : 29804, 1, 2022/08/28, 22:24:16.517, 112062226585, vstest.console.dll, AssemblyResolver.OnResolve: Microsoft.VisualStudio.TestPlatform.Fakes: Assembly path does not exist: 'C:\Program Files\dotnet\sdk\6.0.303\Extensions\Microsoft.VisualStudio.TestPlatform.Fakes.exe', returning.
TpTrace Information: 0 : 29804, 1, 2022/08/28, 22:24:16.517, 112062227059, vstest.console.dll, AssemblyResolver.OnResolve: Microsoft.VisualStudio.TestPlatform.Fakes: Searching in: 'C:\Program Files\dotnet\sdk\6.0.303'.
TpTrace Information: 0 : 29804, 1, 2022/08/28, 22:24:16.517, 112062227977, vstest.console.dll, AssemblyResolver.OnResolve: Microsoft.VisualStudio.TestPlatform.Fakes: Assembly path does not exist: 'C:\Program Files\dotnet\sdk\6.0.303\Microsoft.VisualStudio.TestPlatform.Fakes.dll', returning.
TpTrace Information: 0 : 29804, 1, 2022/08/28, 22:24:16.517, 112062229029, vstest.console.dll, AssemblyResolver.OnResolve: Microsoft.VisualStudio.TestPlatform.Fakes: Assembly path does not exist: 'C:\Program Files\dotnet\sdk\6.0.303\Microsoft.VisualStudio.TestPlatform.Fakes.exe', returning.
TpTrace Information: 0 : 29804, 1, 2022/08/28, 22:24:16.517, 112062229559, vstest.console.dll, AssemblyResolver.OnResolve: Microsoft.VisualStudio.TestPlatform.Fakes: Failed to load assembly.
TpTrace Information: 0 : 29804, 1, 2022/08/28, 22:24:16.517, 112062233162, vstest.console.dll, Failed to load assembly Microsoft.VisualStudio.TestPlatform.Fakes, Version=17.0.0.0, Culture=neutral. Reason:System.IO.FileNotFoundException: Could not load file or assembly 'Microsoft.VisualStudio.TestPlatform.Fakes, Version=17.0.0.0, Culture=neutral, PublicKeyToken=null'. The system cannot find the file specified.
File name: 'Microsoft.VisualStudio.TestPlatform.Fakes, Version=17.0.0.0, Culture=neutral, PublicKeyToken=null'
   at System.Reflection.RuntimeAssembly.InternalLoad(ObjectHandleOnStack assemblyName, ObjectHandleOnStack requestingAssembly, StackCrawlMarkHandle stackMark, Boolean throwOnFileNotFound, ObjectHandleOnStack assemblyLoadContext, ObjectHandleOnStack retAssembly)
   at System.Reflection.RuntimeAssembly.InternalLoad(AssemblyName assemblyName, RuntimeAssembly requestingAssembly, StackCrawlMark& stackMark, Boolean throwOnFileNotFound, AssemblyLoadContext assemblyLoadContext)
   at System.Reflection.Assembly.Load(AssemblyName assemblyRef)
   at Microsoft.VisualStudio.TestPlatform.Common.Utilities.FakesUtilities.LoadTestPlatformAssembly()
TpTrace Verbose: 0 : 29804, 1, 2022/08/28, 22:24:16.522, 112062279094, vstest.console.dll, TestPluginCache.DiscoverTestExtensions: finding test extensions in assemblies ends with: TestLogger.dll TPluginInfo: Microsoft.VisualStudio.TestPlatform.Common.ExtensionFramework.Utilities.TestLoggerPluginInformation TExtension: Microsoft.VisualStudio.TestPlatform.ObjectModel.Client.ITestLogger
TpTrace Verbose: 0 : 29804, 1, 2022/08/28, 22:24:16.522, 112062280217, vstest.console.dll, TestPluginCache.GetExtensionPaths: Filtered extension paths: 
TpTrace Verbose: 0 : 29804, 1, 2022/08/28, 22:24:16.522, 112062280735, vstest.console.dll, TestPluginCache.GetExtensionPaths: Added default extension paths: C:\Program Files\dotnet\sdk\6.0.303\Extensions\DumpMinitool.exe
C:\Program Files\dotnet\sdk\6.0.303\Extensions\DumpMinitool.x86.exe
C:\Program Files\dotnet\sdk\6.0.303\Extensions\Microsoft.Diagnostics.NETCore.Client.dll
C:\Program Files\dotnet\sdk\6.0.303\Extensions\Microsoft.TestPlatform.Extensions.BlameDataCollector.dll
C:\Program Files\dotnet\sdk\6.0.303\Extensions\Microsoft.TestPlatform.Extensions.EventLogCollector.dll
C:\Program Files\dotnet\sdk\6.0.303\Extensions\Microsoft.TestPlatform.TestHostRuntimeProvider.dll
C:\Program Files\dotnet\sdk\6.0.303\Extensions\Microsoft.VisualStudio.TestPlatform.Extensions.Html.TestLogger.dll
C:\Program Files\dotnet\sdk\6.0.303\Extensions\Microsoft.VisualStudio.TestPlatform.Extensions.Trx.TestLogger.dll
TpTrace Verbose: 0 : 29804, 1, 2022/08/28, 22:24:16.522, 112062281322, vstest.console.dll, TestPluginCache.GetExtensionPaths: Added unfilterableExtensionPaths: 
TpTrace Information: 0 : 29804, 1, 2022/08/28, 22:24:16.522, 112062282958, vstest.console.dll, AssemblyResolver.AddSearchDirectories: Adding more searchDirectories C:\Program Files\dotnet\sdk\6.0.303\Extensions,C:\Program Files\dotnet\sdk\6.0.303
TpTrace Verbose: 0 : 29804, 1, 2022/08/28, 22:24:16.522, 112062283673, vstest.console.dll, TestPluginCache.DiscoverTestExtensions: Discovering the extensions using extension path.
TpTrace Verbose: 0 : 29804, 1, 2022/08/28, 22:24:16.522, 112062284164, vstest.console.dll, TestPluginCache.GetExtensionPaths: Filtered extension paths: 
TpTrace Verbose: 0 : 29804, 1, 2022/08/28, 22:24:16.523, 112062284575, vstest.console.dll, TestPluginCache.GetExtensionPaths: Added default extension paths: C:\Program Files\dotnet\sdk\6.0.303\Extensions\DumpMinitool.exe
C:\Program Files\dotnet\sdk\6.0.303\Extensions\DumpMinitool.x86.exe
C:\Program Files\dotnet\sdk\6.0.303\Extensions\Microsoft.Diagnostics.NETCore.Client.dll
C:\Program Files\dotnet\sdk\6.0.303\Extensions\Microsoft.TestPlatform.Extensions.BlameDataCollector.dll
C:\Program Files\dotnet\sdk\6.0.303\Extensions\Microsoft.TestPlatform.Extensions.EventLogCollector.dll
C:\Program Files\dotnet\sdk\6.0.303\Extensions\Microsoft.TestPlatform.TestHostRuntimeProvider.dll
C:\Program Files\dotnet\sdk\6.0.303\Extensions\Microsoft.VisualStudio.TestPlatform.Extensions.Html.TestLogger.dll
C:\Program Files\dotnet\sdk\6.0.303\Extensions\Microsoft.VisualStudio.TestPlatform.Extensions.Trx.TestLogger.dll
TpTrace Verbose: 0 : 29804, 1, 2022/08/28, 22:24:16.523, 112062285183, vstest.console.dll, TestPluginCache.GetExtensionPaths: Added unfilterableExtensionPaths: 
TpTrace Verbose: 0 : 29804, 1, 2022/08/28, 22:24:16.523, 112062285653, vstest.console.dll, TestPluginCache.DiscoverTestExtensions: Discovering the extensions using allExtensionPaths: C:\Program Files\dotnet\sdk\6.0.303\Extensions\DumpMinitool.exe
C:\Program Files\dotnet\sdk\6.0.303\Extensions\DumpMinitool.x86.exe
C:\Program Files\dotnet\sdk\6.0.303\Extensions\Microsoft.Diagnostics.NETCore.Client.dll
C:\Program Files\dotnet\sdk\6.0.303\Extensions\Microsoft.TestPlatform.Extensions.BlameDataCollector.dll
C:\Program Files\dotnet\sdk\6.0.303\Extensions\Microsoft.TestPlatform.Extensions.EventLogCollector.dll
C:\Program Files\dotnet\sdk\6.0.303\Extensions\Microsoft.TestPlatform.TestHostRuntimeProvider.dll
C:\Program Files\dotnet\sdk\6.0.303\Extensions\Microsoft.VisualStudio.TestPlatform.Extensions.Html.TestLogger.dll
C:\Program Files\dotnet\sdk\6.0.303\Extensions\Microsoft.VisualStudio.TestPlatform.Extensions.Trx.TestLogger.dll
TpTrace Information: 0 : 29804, 1, 2022/08/28, 22:24:16.523, 112062286387, vstest.console.dll, AssemblyResolver.AddSearchDirectories: Adding more searchDirectories C:\Program Files\dotnet\sdk\6.0.303\Extensions,C:\Program Files\dotnet\sdk\6.0.303
TpTrace Information: 0 : 29804, 1, 2022/08/28, 22:24:16.523, 112062286873, vstest.console.dll, AssemblyResolver.AddSearchDirectories: Adding more searchDirectories C:\Program Files\dotnet\sdk\6.0.303\Extensions,C:\Program Files\dotnet\sdk\6.0.303
TpTrace Information: 0 : 29804, 1, 2022/08/28, 22:24:16.523, 112062287396, vstest.console.dll, AssemblyResolver.AddSearchDirectories: Adding more searchDirectories C:\Program Files\dotnet\sdk\6.0.303\Extensions,C:\Program Files\dotnet\sdk\6.0.303
TpTrace Information: 0 : 29804, 1, 2022/08/28, 22:24:16.523, 112062287835, vstest.console.dll, AssemblyResolver.AddSearchDirectories: Adding more searchDirectories C:\Program Files\dotnet\sdk\6.0.303\Extensions,C:\Program Files\dotnet\sdk\6.0.303
TpTrace Information: 0 : 29804, 1, 2022/08/28, 22:24:16.523, 112062288292, vstest.console.dll, AssemblyResolver.AddSearchDirectories: Adding more searchDirectories C:\Program Files\dotnet\sdk\6.0.303\Extensions,C:\Program Files\dotnet\sdk\6.0.303
TpTrace Information: 0 : 29804, 1, 2022/08/28, 22:24:16.523, 112062288770, vstest.console.dll, AssemblyResolver.AddSearchDirectories: Adding more searchDirectories C:\Program Files\dotnet\sdk\6.0.303\Extensions,C:\Program Files\dotnet\sdk\6.0.303
TpTrace Information: 0 : 29804, 1, 2022/08/28, 22:24:16.523, 112062289200, vstest.console.dll, AssemblyResolver.AddSearchDirectories: Adding more searchDirectories C:\Program Files\dotnet\sdk\6.0.303\Extensions,C:\Program Files\dotnet\sdk\6.0.303
TpTrace Information: 0 : 29804, 1, 2022/08/28, 22:24:16.523, 112062289613, vstest.console.dll, AssemblyResolver.AddSearchDirectories: Adding more searchDirectories C:\Program Files\dotnet\sdk\6.0.303\Extensions,C:\Program Files\dotnet\sdk\6.0.303
TpTrace Verbose: 0 : 29804, 1, 2022/08/28, 22:24:16.523, 112062291340, vstest.console.dll, MetadataReaderExtensionsHelper: Discovering extensions inside assembly 'DumpMinitool, Version=15.0.0.0, Culture=neutral, PublicKeyToken=b03f5f7f11d50a3a' file path 'C:\Program Files\dotnet\sdk\6.0.303\Extensions\DumpMinitool.exe'
TpTrace Verbose: 0 : 29804, 1, 2022/08/28, 22:24:16.524, 112062295593, vstest.console.dll, MetadataReaderExtensionsHelper: Discovering extensions inside assembly 'DumpMinitool.x86, Version=15.0.0.0, Culture=neutral, PublicKeyToken=b03f5f7f11d50a3a' file path 'C:\Program Files\dotnet\sdk\6.0.303\Extensions\DumpMinitool.x86.exe'
TpTrace Verbose: 0 : 29804, 1, 2022/08/28, 22:24:16.524, 112062298982, vstest.console.dll, MetadataReaderExtensionsHelper: Discovering extensions inside assembly 'Microsoft.Diagnostics.NETCore.Client, Version=0.2.5.801, Culture=neutral, PublicKeyToken=31bf3856ad364e35' file path 'C:\Program Files\dotnet\sdk\6.0.303\Extensions\Microsoft.Diagnostics.NETCore.Client.dll'
TpTrace Information: 0 : 29804, 1, 2022/08/28, 22:24:16.524, 112062303784, vstest.console.dll, AssemblyResolver.OnResolve: Microsoft.Bcl.AsyncInterfaces: Resolving assembly.
TpTrace Information: 0 : 29804, 1, 2022/08/28, 22:24:16.524, 112062304417, vstest.console.dll, AssemblyResolver.OnResolve: Microsoft.Bcl.AsyncInterfaces: Resolved from cache.
TpTrace Verbose: 0 : 29804, 1, 2022/08/28, 22:24:16.525, 112062304995, vstest.console.dll, CurrentDomainAssemblyResolve: Resolving assembly 'Microsoft.Bcl.AsyncInterfaces'.
TpTrace Information: 0 : 29804, 1, 2022/08/28, 22:24:16.525, 112062305644, vstest.console.dll, AssemblyResolver.OnResolve: Microsoft.Bcl.AsyncInterfaces: Resolving assembly.
TpTrace Information: 0 : 29804, 1, 2022/08/28, 22:24:16.525, 112062306070, vstest.console.dll, AssemblyResolver.OnResolve: Microsoft.Bcl.AsyncInterfaces: Resolved from cache.
TpTrace Verbose: 0 : 29804, 1, 2022/08/28, 22:24:16.525, 112062306499, vstest.console.dll, CurrentDomainAssemblyResolve: Resolving assembly 'Microsoft.Bcl.AsyncInterfaces'.
TpTrace Verbose: 0 : 29804, 1, 2022/08/28, 22:24:16.525, 112062306890, vstest.console.dll, CurrentDomainAssemblyResolve: Failed to resolve assembly 'Microsoft.Bcl.AsyncInterfaces'.
TpTrace Verbose: 0 : 29804, 1, 2022/08/28, 22:24:16.525, 112062308926, vstest.console.dll, CurrentDomainAssemblyResolve: Failed to resolve assembly 'Microsoft.Bcl.AsyncInterfaces'.
TpTrace Warning: 0 : 29804, 1, 2022/08/28, 22:24:16.525, 112062313800, vstest.console.dll, TestPluginDiscoverer: Failed to get types from assembly 'Microsoft.Diagnostics.NETCore.Client, Version=0.2.5.801, Culture=neutral, PublicKeyToken=31bf3856ad364e35'. Error: System.Reflection.ReflectionTypeLoadException: Unable to load one or more of the requested types.
Could not load file or assembly 'Microsoft.Bcl.AsyncInterfaces, Version=1.0.0.0, Culture=neutral, PublicKeyToken=cc7b13ffcd2ddd51'. The system cannot find the file specified.
   at System.Reflection.RuntimeModule.GetTypes(RuntimeModule module)
   at System.Reflection.Assembly.GetTypes()
   at Microsoft.VisualStudio.TestPlatform.Common.ExtensionFramework.TestPluginDiscoverer.GetTestExtensionsFromAssembly[TPluginInfo,TExtension](Assembly assembly, Dictionary`2 pluginInfos, String filePath)
System.IO.FileNotFoundException: Could not load file or assembly 'Microsoft.Bcl.AsyncInterfaces, Version=1.0.0.0, Culture=neutral, PublicKeyToken=cc7b13ffcd2ddd51'. The system cannot find the file specified.
File name: 'Microsoft.Bcl.AsyncInterfaces, Version=1.0.0.0, Culture=neutral, PublicKeyToken=cc7b13ffcd2ddd51'
 ---> System.IO.FileNotFoundException: Could not load file or assembly 'Microsoft.Bcl.AsyncInterfaces, Culture=neutral, PublicKeyToken=null'. The system cannot find the file specified.
File name: 'Microsoft.Bcl.AsyncInterfaces, Culture=neutral, PublicKeyToken=null'
   at System.Reflection.RuntimeAssembly.InternalLoad(ObjectHandleOnStack assemblyName, ObjectHandleOnStack requestingAssembly, StackCrawlMarkHandle stackMark, Boolean throwOnFileNotFound, ObjectHandleOnStack assemblyLoadContext, ObjectHandleOnStack retAssembly)
   at System.Reflection.RuntimeAssembly.InternalLoad(AssemblyName assemblyName, RuntimeAssembly requestingAssembly, StackCrawlMark& stackMark, Boolean throwOnFileNotFound, AssemblyLoadContext assemblyLoadContext)
   at System.Reflection.Assembly.Load(AssemblyName assemblyRef)
   at Microsoft.VisualStudio.TestPlatform.Common.ExtensionFramework.TestPluginCache.CurrentDomainAssemblyResolve(Object sender, AssemblyResolveEventArgs args)
   at Microsoft.VisualStudio.TestPlatform.PlatformAbstractions.PlatformAssemblyResolver.AssemblyResolverEvent(Object sender, Object eventArgs)
   at System.Runtime.Loader.AssemblyLoadContext.GetFirstResolvedAssemblyFromResolvingEvent(AssemblyName assemblyName)
   at System.Runtime.Loader.AssemblyLoadContext.ResolveUsingEvent(AssemblyName assemblyName)
   at System.Runtime.Loader.AssemblyLoadContext.ResolveUsingResolvingEvent(IntPtr gchManagedAssemblyLoadContext, AssemblyName assemblyName)
TpTrace Warning: 0 : 29804, 1, 2022/08/28, 22:24:16.526, 112062316319, vstest.console.dll, LoaderExceptions: System.IO.FileNotFoundException: Could not load file or assembly 'Microsoft.Bcl.AsyncInterfaces, Version=1.0.0.0, Culture=neutral, PublicKeyToken=cc7b13ffcd2ddd51'. The system cannot find the file specified.
File name: 'Microsoft.Bcl.AsyncInterfaces, Version=1.0.0.0, Culture=neutral, PublicKeyToken=cc7b13ffcd2ddd51'
 ---> System.IO.FileNotFoundException: Could not load file or assembly 'Microsoft.Bcl.AsyncInterfaces, Culture=neutral, PublicKeyToken=null'. The system cannot find the file specified.
File name: 'Microsoft.Bcl.AsyncInterfaces, Culture=neutral, PublicKeyToken=null'
   at System.Reflection.RuntimeAssembly.InternalLoad(ObjectHandleOnStack assemblyName, ObjectHandleOnStack requestingAssembly, StackCrawlMarkHandle stackMark, Boolean throwOnFileNotFound, ObjectHandleOnStack assemblyLoadContext, ObjectHandleOnStack retAssembly)
   at System.Reflection.RuntimeAssembly.InternalLoad(AssemblyName assemblyName, RuntimeAssembly requestingAssembly, StackCrawlMark& stackMark, Boolean throwOnFileNotFound, AssemblyLoadContext assemblyLoadContext)
   at System.Reflection.Assembly.Load(AssemblyName assemblyRef)
   at Microsoft.VisualStudio.TestPlatform.Common.ExtensionFramework.TestPluginCache.CurrentDomainAssemblyResolve(Object sender, AssemblyResolveEventArgs args)
   at Microsoft.VisualStudio.TestPlatform.PlatformAbstractions.PlatformAssemblyResolver.AssemblyResolverEvent(Object sender, Object eventArgs)
   at System.Runtime.Loader.AssemblyLoadContext.GetFirstResolvedAssemblyFromResolvingEvent(AssemblyName assemblyName)
   at System.Runtime.Loader.AssemblyLoadContext.ResolveUsingEvent(AssemblyName assemblyName)
   at System.Runtime.Loader.AssemblyLoadContext.ResolveUsingResolvingEvent(IntPtr gchManagedAssemblyLoadContext, AssemblyName assemblyName)
TpTrace Verbose: 0 : 29804, 1, 2022/08/28, 22:24:16.526, 112062317620, vstest.console.dll, MetadataReaderExtensionsHelper: Discovering extensions inside assembly 'Microsoft.TestPlatform.Extensions.BlameDataCollector, Version=15.0.0.0, Culture=neutral, PublicKeyToken=b03f5f7f11d50a3a' file path 'C:\Program Files\dotnet\sdk\6.0.303\Extensions\Microsoft.TestPlatform.Extensions.BlameDataCollector.dll'
TpTrace Information: 0 : 29804, 1, 2022/08/28, 22:24:16.526, 112062323930, vstest.console.dll, GetTestExtensionFromType: Register extension with identifier data 'logger://Microsoft/TestPlatform/Extensions/Blame/v1' and type 'Microsoft.TestPlatform.Extensions.BlameDataCollector.BlameLogger, Microsoft.TestPlatform.Extensions.BlameDataCollector, Version=15.0.0.0, Culture=neutral, PublicKeyToken=b03f5f7f11d50a3a' inside file 'C:\Program Files\dotnet\sdk\6.0.303\Extensions\Microsoft.TestPlatform.Extensions.BlameDataCollector.dll'
TpTrace Verbose: 0 : 29804, 1, 2022/08/28, 22:24:16.527, 112062325234, vstest.console.dll, MetadataReaderExtensionsHelper: Discovering extensions inside assembly 'Microsoft.TestPlatform.Extensions.EventLogCollector, Version=15.0.0.0, Culture=neutral, PublicKeyToken=b03f5f7f11d50a3a' file path 'C:\Program Files\dotnet\sdk\6.0.303\Extensions\Microsoft.TestPlatform.Extensions.EventLogCollector.dll'
TpTrace Verbose: 0 : 29804, 1, 2022/08/28, 22:24:16.528, 112062338062, vstest.console.dll, MetadataReaderExtensionsHelper: Discovering extensions inside assembly 'Microsoft.TestPlatform.TestHostRuntimeProvider, Version=15.0.0.0, Culture=neutral, PublicKeyToken=b03f5f7f11d50a3a' file path 'C:\Program Files\dotnet\sdk\6.0.303\Extensions\Microsoft.TestPlatform.TestHostRuntimeProvider.dll'
TpTrace Verbose: 0 : 29804, 1, 2022/08/28, 22:24:16.529, 112062347931, vstest.console.dll, MetadataReaderExtensionsHelper: Discovering extensions inside assembly 'Microsoft.VisualStudio.TestPlatform.Extensions.Html.TestLogger, Version=15.0.0.0, Culture=neutral, PublicKeyToken=b03f5f7f11d50a3a' file path 'C:\Program Files\dotnet\sdk\6.0.303\Extensions\Microsoft.VisualStudio.TestPlatform.Extensions.Html.TestLogger.dll'
TpTrace Information: 0 : 29804, 1, 2022/08/28, 22:24:16.530, 112062360478, vstest.console.dll, GetTestExtensionFromType: Register extension with identifier data 'logger://Microsoft/TestPlatform/HtmlLogger/v1' and type 'Microsoft.VisualStudio.TestPlatform.Extensions.HtmlLogger.HtmlLogger, Microsoft.VisualStudio.TestPlatform.Extensions.Html.TestLogger, Version=15.0.0.0, Culture=neutral, PublicKeyToken=b03f5f7f11d50a3a' inside file 'C:\Program Files\dotnet\sdk\6.0.303\Extensions\Microsoft.VisualStudio.TestPlatform.Extensions.Html.TestLogger.dll'
TpTrace Verbose: 0 : 29804, 1, 2022/08/28, 22:24:16.530, 112062362093, vstest.console.dll, MetadataReaderExtensionsHelper: Discovering extensions inside assembly 'Microsoft.VisualStudio.TestPlatform.Extensions.Trx.TestLogger, Version=15.0.0.0, Culture=neutral, PublicKeyToken=b03f5f7f11d50a3a' file path 'C:\Program Files\dotnet\sdk\6.0.303\Extensions\Microsoft.VisualStudio.TestPlatform.Extensions.Trx.TestLogger.dll'
TpTrace Information: 0 : 29804, 1, 2022/08/28, 22:24:16.531, 112062368600, vstest.console.dll, GetTestExtensionFromType: Register extension with identifier data 'logger://Microsoft/TestPlatform/TrxLogger/v1' and type 'Microsoft.VisualStudio.TestPlatform.Extensions.TrxLogger.TrxLogger, Microsoft.VisualStudio.TestPlatform.Extensions.Trx.TestLogger, Version=15.0.0.0, Culture=neutral, PublicKeyToken=b03f5f7f11d50a3a' inside file 'C:\Program Files\dotnet\sdk\6.0.303\Extensions\Microsoft.VisualStudio.TestPlatform.Extensions.Trx.TestLogger.dll'
TpTrace Verbose: 0 : 29804, 1, 2022/08/28, 22:24:16.531, 112062370261, vstest.console.dll, TestPluginCache: Discovered the extensions using extension path ''.
TpTrace Verbose: 0 : 29804, 1, 2022/08/28, 22:24:16.531, 112062371161, vstest.console.dll, TestPluginCache: Discoverers are ''.
TpTrace Verbose: 0 : 29804, 1, 2022/08/28, 22:24:16.531, 112062371824, vstest.console.dll, TestPluginCache: Executors are ''.
TpTrace Verbose: 0 : 29804, 1, 2022/08/28, 22:24:16.531, 112062372401, vstest.console.dll, TestPluginCache: Executors2 are ''.
TpTrace Verbose: 0 : 29804, 1, 2022/08/28, 22:24:16.531, 112062372960, vstest.console.dll, TestPluginCache: Setting providers are ''.
TpTrace Verbose: 0 : 29804, 1, 2022/08/28, 22:24:16.532, 112062374853, vstest.console.dll, TestPluginCache: Loggers are 'logger://Microsoft/TestPlatform/Extensions/Blame/v1,logger://Microsoft/TestPlatform/HtmlLogger/v1,logger://Microsoft/TestPlatform/TrxLogger/v1'.
TpTrace Verbose: 0 : 29804, 1, 2022/08/28, 22:24:16.532, 112062375904, vstest.console.dll, TestPluginCache: TestHosts are 'HostProvider://DefaultTestHost,HostProvider://DotnetTestHost'.
TpTrace Verbose: 0 : 29804, 1, 2022/08/28, 22:24:16.532, 112062376636, vstest.console.dll, TestPluginCache: DataCollectors are ''.
TpTrace Information: 0 : 29804, 1, 2022/08/28, 22:24:16.534, 112062394921, vstest.console.dll, TestPluginManager.CreateTestExtension: Attempting to load test extension: Microsoft.TestPlatform.Extensions.BlameDataCollector.BlameLogger
TpTrace Information: 0 : 29804, 1, 2022/08/28, 22:24:16.540, 112062462649, vstest.console.dll, TestPluginManager.CreateTestExtension: Attempting to load test extension: Microsoft.VisualStudio.TestPlatform.CrossPlatEngine.Hosting.DefaultTestHostManager
TpTrace Information: 0 : 29804, 1, 2022/08/28, 22:24:16.542, 112062482280, vstest.console.dll, TestPluginManager.CreateTestExtension: Attempting to load test extension: Microsoft.VisualStudio.TestPlatform.CrossPlatEngine.Hosting.DotnetTestHostManager
TpTrace Verbose: 0 : 29804, 1, 2022/08/28, 22:24:16.543, 112062491238, vstest.console.dll, TestEngine: Initializing Parallel Execution as MaxCpuCount is set to: 1
TpTrace Information: 0 : 29804, 1, 2022/08/28, 22:24:16.544, 112062500261, vstest.console.dll, InferRunSettingsHelper.IsTestSettingsEnabled: Unable to navigate to RunSettings/MSTest. Current node: RunSettings
TpTrace Verbose: 0 : 29804, 1, 2022/08/28, 22:24:16.546, 112062516825, vstest.console.dll, TestRequestSender is acting as server.
TpTrace Verbose: 0 : 29804, 1, 2022/08/28, 22:24:16.547, 112062532828, vstest.console.dll, TestEngine.GetExecutionManager: Chosen execution manager 'Microsoft.VisualStudio.TestPlatform.CrossPlatEngine.Client.Parallel.ParallelProxyExecutionManager, Microsoft.TestPlatform.CrossPlatEngine, Version=15.0.0.0, Culture=neutral, PublicKeyToken=b03f5f7f11d50a3a' ParallelLevel '1' Shared host 'False'
TpTrace Verbose: 0 : 29804, 5, 2022/08/28, 22:24:16.551, 112062573078, vstest.console.dll, DataCollectionRequestSender.InitializeCommunication : Initialize communication. 
TpTrace Information: 0 : 29804, 5, 2022/08/28, 22:24:16.568, 112062740877, vstest.console.dll, Listening on Endpoint : 127.0.0.1:49990
TpTrace Verbose: 0 : 29804, 5, 2022/08/28, 22:24:16.580, 112062861036, vstest.console.dll, DotnetDataCollectionLauncher: Full path of dotnet.exe is C:\Program Files\dotnet\dotnet.exe
TpTrace Verbose: 0 : 29804, 5, 2022/08/28, 22:24:16.580, 112062863855, vstest.console.dll, DotnetDataCollectionLauncher: Adding  --runtimeconfig "C:\Program Files\dotnet\sdk\6.0.303\datacollector.runtimeconfig.json" in args
TpTrace Verbose: 0 : 29804, 5, 2022/08/28, 22:24:16.581, 112062865167, vstest.console.dll, DotnetDataCollectionLauncher: Adding  --depsfile "C:\Program Files\dotnet\sdk\6.0.303\datacollector.deps.json" in args
TpTrace Information: 0 : 29804, 5, 2022/08/28, 22:24:16.598, 112063037712, vstest.console.dll, ProxyDataCollectionManager.Initialize: Launched datacollector processId: 4552 port: 49990
TpTrace Information: 0 : 29804, 5, 2022/08/28, 22:24:16.598, 112063041011, vstest.console.dll, ProxyDataCollectionManager.Initialize: waiting for connection with timeout: 90 seconds
TpTrace Verbose: 0 : 29804, 5, 2022/08/28, 22:24:16.598, 112063042331, vstest.console.dll, DataCollectionRequestSender.WaitForRequestHandlerConnection : Waiting for connection with timeout: 90000
TpTrace Information: 0 : 29804, 8, 2022/08/28, 22:24:16.846, 112065522858, vstest.console.dll, Using the buffer size of 16384 bytes
TpTrace Verbose: 0 : 29804, 5, 2022/08/28, 22:24:16.846, 112065523292, vstest.console.dll, SocketCommunicationManager.WaitForClientConnection took: 247 ms, with 90000 ms timeout, and finished with True.
TpTrace Information: 0 : 29804, 8, 2022/08/28, 22:24:16.847, 112065524712, vstest.console.dll, Accepted Client request and set the flag
TpTrace Verbose: 0 : 29804, 5, 2022/08/28, 22:24:16.847, 112065526924, vstest.console.dll, ProxyDataCollectionManager.InvokeDataCollectionServiceAction: Starting.
TpTrace Information: 0 : 29804, 5, 2022/08/28, 22:24:16.847, 112065528576, vstest.console.dll, ProxyDataCollectionManager.BeforeTestRunStart: Get environment variable and port for datacollector processId: 4552 port: 49990
TpTrace Verbose: 0 : 29804, 5, 2022/08/28, 22:24:16.847, 112065530336, vstest.console.dll, DataCollectionRequestSender.SendBeforeTestRunStartAndGetResult: Send BeforeTestRunStart message with settingsXml <RunSettings><RunConfiguration><ResultsDirectory>C:\Users\michaelmah\OneDrive - Derivco (Pty) Limited\Documents\Training\DevFluence TDD Fundamentals with C#\RockPaperScissors\RockPaperScissorsTests\bin\Debug\netcoreapp3.1\fine-code-coverage\coverage-tool-output</ResultsDirectory><TargetPlatform>X64</TargetPlatform><TargetFrameworkVersion>.NETCoreApp,Version=v3.1</TargetFrameworkVersion><DesignMode>False</DesignMode><CollectSourceInformation>False</CollectSourceInformation><TestAdaptersPaths>C:\Program Files\dotnet\sdk\6.0.303\Extensions</TestAdaptersPaths></RunConfiguration><LoggerRunSettings><Loggers><Logger friendlyName="blame" enabled="True" /><Logger friendlyName="Console" uri="logger://microsoft/TestPlatform/ConsoleLogger/v1" assemblyQualifiedName="Microsoft.VisualStudio.TestPlatform.CommandLine.Internal.ConsoleLogger, vstest.console, Version=15.0.0.0, Culture=neutral, PublicKeyToken=b03f5f7f11d50a3a" codeBase="C:\Program Files\dotnet\sdk\6.0.303\vstest.console.dll" enabled="True" /></Loggers></LoggerRunSettings><DataCollectionRunSettings><DataCollectors><DataCollector friendlyName="blame" enabled="True"><Configuration><ResultsDirectory>C:\Users\michaelmah\OneDrive - Derivco (Pty) Limited\Documents\Training\DevFluence TDD Fundamentals with C#\RockPaperScissors\RockPaperScissorsTests\bin\Debug\netcoreapp3.1\fine-code-coverage\coverage-tool-output</ResultsDirectory></Configuration></DataCollector></DataCollectors></DataCollectionRunSettings></RunSettings> and sources System.Linq.Enumerable+Concat2Iterator`1[System.String]: 
TpTrace Verbose: 0 : 29804, 5, 2022/08/28, 22:24:16.976, 112066817875, vstest.console.dll, DataCollectionRequestSender.SendBeforeTestRunStartAndGetResult: Received message: (DataCollection.SendMessage) -> {
  "FriendlyName": null,
  "Uri": null,
  "TestCaseId": "00000000-0000-0000-0000-000000000000",
  "Message": "Logging DataCollector Diagnostics in file: C:\\Users\\michaelmah\\OneDrive - Derivco (Pty) Limited\\Documents\\Training\\DevFluence TDD Fundamentals with C#\\RockPaperScissors\\RockPaperScissorsTests\\bin\\Debug\\netcoreapp3.1\\fine-code-coverage\\coverage-tool-output\\diagnostics.datacollector.22-08-28_22-24-16_58023_5.log",
  "Level": 0
}
TpTrace Verbose: 0 : 29804, 5, 2022/08/28, 22:24:17.133, 112068385132, vstest.console.dll, DataCollectionRequestSender.SendBeforeTestRunStartAndGetResult: Received message: (DataCollection.BeforeTestRunStartResult) -> {
  "EnvironmentVariables": {},
  "DataCollectionEventsPort": 49992
}
TpTrace Information: 0 : 29804, 5, 2022/08/28, 22:24:17.146, 112068514606, vstest.console.dll, ProxyDataCollectionManager.BeforeTestRunStart: SendBeforeTestRunStartAndGetResult successful, env variable from datacollector:   and testhost port: 49992
TpTrace Information: 0 : 29804, 5, 2022/08/28, 22:24:17.146, 112068516865, vstest.console.dll, ProxyDataCollectionManager.InvokeDataCollectionServiceAction: Completed.
TpTrace Verbose: 0 : 29804, 1, 2022/08/28, 22:24:17.146, 112068520390, vstest.console.dll, TestRunRequest.ExecuteAsync: Creating test run request.
TpTrace Verbose: 0 : 29804, 1, 2022/08/28, 22:24:17.147, 112068526272, vstest.console.dll, TestRunRequest.ExecuteAsync: Starting.
TpTrace Information: 0 : 29804, 1, 2022/08/28, 22:24:17.147, 112068533117, vstest.console.dll, TestRunRequest.ExecuteAsync: Starting run with settings:TestRunCriteria:
   KeepAlive=False,FrequencyOfRunStatsChangeEvent=10,RunStatsChangeEventTimeout=00:00:01.5000000,TestCaseFilter=,TestExecutorLauncher=
   Settingsxml=<RunSettings>
  <RunConfiguration>
    <ResultsDirectory>C:\Users\michaelmah\OneDrive - Derivco (Pty) Limited\Documents\Training\DevFluence TDD Fundamentals with C#\RockPaperScissors\RockPaperScissorsTests\bin\Debug\netcoreapp3.1\fine-code-coverage\coverage-tool-output</ResultsDirectory>
    <TargetPlatform>X64</TargetPlatform>
    <TargetFrameworkVersion>.NETCoreApp,Version=v3.1</TargetFrameworkVersion>
    <DesignMode>False</DesignMode>
    <CollectSourceInformation>False</CollectSourceInformation>
  </RunConfiguration>
  <LoggerRunSettings>
    <Loggers>
      <Logger friendlyName="blame" enabled="True" />
      <Logger friendlyName="Console" uri="logger://microsoft/TestPlatform/ConsoleLogger/v1" assemblyQualifiedName="Microsoft.VisualStudio.TestPlatform.CommandLine.Internal.ConsoleLogger, vstest.console, Version=15.0.0.0, Culture=neutral, PublicKeyToken=b03f5f7f11d50a3a" codeBase="C:\Program Files\dotnet\sdk\6.0.303\vstest.console.dll" enabled="True" />
    </Loggers>
  </LoggerRunSettings>
  <DataCollectionRunSettings>
    <DataCollectors>
      <DataCollector friendlyName="blame" enabled="True">
        <Configuration>
          <ResultsDirectory>C:\Users\michaelmah\OneDrive - Derivco (Pty) Limited\Documents\Training\DevFluence TDD Fundamentals with C#\RockPaperScissors\RockPaperScissorsTests\bin\Debug\netcoreapp3.1\fine-code-coverage\coverage-tool-output</ResultsDirectory>
        </Configuration>
      </DataCollector>
    </DataCollectors>
  </DataCollectionRunSettings>
</RunSettings>

TpTrace Verbose: 0 : 29804, 1, 2022/08/28, 22:24:17.147, 112068534445, vstest.console.dll, TestRunRequest.ExecuteAsync: Wait for the first run request is over.
TpTrace Verbose: 0 : 29804, 1, 2022/08/28, 22:24:17.148, 112068540263, vstest.console.dll, MulticastDelegateUtilities.SafeInvoke: TestRun.TestRunStart: Invoking callbacks was skipped because there are no subscribers.
TpTrace Verbose: 0 : 29804, 4, 2022/08/28, 22:24:17.148, 112068543357, vstest.console.dll, MulticastDelegateUtilities.SafeInvoke: InternalTestLoggerEvents.SendTestRunStart: Invoking callback 1/1 for Microsoft.VisualStudio.TestPlatform.CommandLine.Internal.ConsoleLogger.TestRunStartHandler, took 0 ms.
TpTrace Verbose: 0 : 29804, 1, 2022/08/28, 22:24:17.148, 112068544277, vstest.console.dll, ParallelProxyExecutionManager: Start execution. Total sources: 1
TpTrace Information: 0 : 29804, 1, 2022/08/28, 22:24:17.150, 112068556675, vstest.console.dll, ProxyParallelExecutionManager: Triggering test run for next source: C:\Users\michaelmah\OneDrive - Derivco (Pty) Limited\Documents\Training\DevFluence TDD Fundamentals with C#\RockPaperScissors\RockPaperScissorsTests\bin\Debug\netcoreapp3.1\fine-code-coverage\build-output\RockPaperScissorsTests.dll
TpTrace Verbose: 0 : 29804, 5, 2022/08/28, 22:24:17.150, 112068559040, vstest.console.dll, ParallelProxyExecutionManager: Execution started. Started clients: 1
TpTrace Verbose: 0 : 29804, 1, 2022/08/28, 22:24:17.150, 112068559583, vstest.console.dll, ProxyParallelExecutionManager: No sources available for execution.
TpTrace Information: 0 : 29804, 1, 2022/08/28, 22:24:17.150, 112068560433, vstest.console.dll, TestRunRequest.ExecuteAsync: Started.
TpTrace Verbose: 0 : 29804, 1, 2022/08/28, 22:24:17.150, 112068561555, vstest.console.dll, TestRunRequest.WaitForCompletion: Waiting with timeout -1.
TpTrace Verbose: 0 : 29804, 5, 2022/08/28, 22:24:17.150, 112068563497, vstest.console.dll, TestRunRequest:SendTestRunMessage: Starting.
TpTrace Verbose: 0 : 29804, 5, 2022/08/28, 22:24:17.151, 112068565396, vstest.console.dll, MulticastDelegateUtilities.SafeInvoke: TestRun.LogMessages: Invoking callback 1/1 for Microsoft.VisualStudio.TestPlatform.CommandLine.TestRunResultAggregator.TestRunMessageHandler, took 0 ms.
TpTrace Verbose: 0 : 29804, 4, 2022/08/28, 22:24:17.151, 112068565567, vstest.console.dll, MulticastDelegateUtilities.SafeInvoke: InternalTestLoggerEvents.SendTestRunMessage: Invoking callback 1/1 for Microsoft.VisualStudio.TestPlatform.CommandLine.Internal.ConsoleLogger.TestMessageHandler, took 0 ms.
TpTrace Information: 0 : 29804, 5, 2022/08/28, 22:24:17.151, 112068566106, vstest.console.dll, TestRunRequest:SendTestRunMessage: Completed.
TpTrace Verbose: 0 : 29804, 5, 2022/08/28, 22:24:17.151, 112068570367, vstest.console.dll, ProxyExecutionManager: Test host is always Lazy initialize.
TpTrace Verbose: 0 : 29804, 5, 2022/08/28, 22:24:17.151, 112068573618, vstest.console.dll, TestRequestSender.InitializeCommunication: initialize communication. 
TpTrace Information: 0 : 29804, 5, 2022/08/28, 22:24:17.158, 112068635371, vstest.console.dll, SocketServer.Start: Listening on endpoint : 127.0.0.1:49993
TpTrace Verbose: 0 : 29804, 5, 2022/08/28, 22:24:17.159, 112068647097, vstest.console.dll, DotnetTestHostmanager.GetTestHostProcessStartInfo: Platform environment 'X64' target architecture 'X64' framework '.NETCoreApp,Version=v3.1' OS 'Windows'
TpTrace Verbose: 0 : 29804, 5, 2022/08/28, 22:24:17.159, 112068650769, vstest.console.dll, DotnetTestHostmanager: Adding  --runtimeconfig "C:\Users\michaelmah\OneDrive - Derivco (Pty) Limited\Documents\Training\DevFluence TDD Fundamentals with C#\RockPaperScissors\RockPaperScissorsTests\bin\Debug\netcoreapp3.1\fine-code-coverage\build-output\RockPaperScissorsTests.runtimeconfig.json" in args
TpTrace Verbose: 0 : 29804, 5, 2022/08/28, 22:24:17.159, 112068652572, vstest.console.dll, DotnetTestHostmanager: Adding  --depsfile "C:\Users\michaelmah\OneDrive - Derivco (Pty) Limited\Documents\Training\DevFluence TDD Fundamentals with C#\RockPaperScissors\RockPaperScissorsTests\bin\Debug\netcoreapp3.1\fine-code-coverage\build-output\RockPaperScissorsTests.deps.json" in args
TpTrace Verbose: 0 : 29804, 5, 2022/08/28, 22:24:17.160, 112068657854, vstest.console.dll, DotnetTestHostmanager.IsWinOnArm: Current PROCESSOR_ARCHITECTURE from environment variable 'AMD64'
TpTrace Verbose: 0 : 29804, 5, 2022/08/28, 22:24:17.160, 112068658816, vstest.console.dll, DotnetTestHostmanager.IsWinOnArm: Is Windows on ARM 'False'
TpTrace Verbose: 0 : 29804, 5, 2022/08/28, 22:24:17.160, 112068660741, vstest.console.dll, DotnetTestHostManager: testhost.exe found at path: C:\Users\michaelmah\OneDrive - Derivco (Pty) Limited\Documents\Training\DevFluence TDD Fundamentals with C#\RockPaperScissors\RockPaperScissorsTests\bin\Debug\netcoreapp3.1\fine-code-coverage\build-output\testhost.exe
TpTrace Verbose: 0 : 29804, 5, 2022/08/28, 22:24:17.160, 112068662447, vstest.console.dll, DotnetTestHostmanager: Full path of host exe is C:\Users\michaelmah\OneDrive - Derivco (Pty) Limited\Documents\Training\DevFluence TDD Fundamentals with C#\RockPaperScissors\RockPaperScissorsTests\bin\Debug\netcoreapp3.1\fine-code-coverage\build-output\testhost.exe
TpTrace Verbose: 0 : 29804, 5, 2022/08/28, 22:24:17.161, 112068665647, vstest.console.dll, DotnetTestHostmanager.LaunchTestHostAsync: Found 'VSTEST_WINAPPHOST_DOTNET_ROOT' in env variables, value 'C:\Program Files\dotnet', forwarding to 'DOTNET_ROOT'
TpTrace Verbose: 0 : 29804, 7, 2022/08/28, 22:24:17.164, 112068696273, vstest.console.dll, DotnetTestHostManager: Starting process 'C:\Users\michaelmah\OneDrive - Derivco (Pty) Limited\Documents\Training\DevFluence TDD Fundamentals with C#\RockPaperScissors\RockPaperScissorsTests\bin\Debug\netcoreapp3.1\fine-code-coverage\build-output\testhost.exe' with command line ' --runtimeconfig "C:\Users\michaelmah\OneDrive - Derivco (Pty) Limited\Documents\Training\DevFluence TDD Fundamentals with C#\RockPaperScissors\RockPaperScissorsTests\bin\Debug\netcoreapp3.1\fine-code-coverage\build-output\RockPaperScissorsTests.runtimeconfig.json" --depsfile "C:\Users\michaelmah\OneDrive - Derivco (Pty) Limited\Documents\Training\DevFluence TDD Fundamentals with C#\RockPaperScissors\RockPaperScissorsTests\bin\Debug\netcoreapp3.1\fine-code-coverage\build-output\RockPaperScissorsTests.deps.json" --port 49993 --endpoint 127.0.0.1:049993 --role client --parentprocessid 29804 --diag "C:\Users\michaelmah\OneDrive - Derivco (Pty) Limited\Documents\Training\DevFluence TDD Fundamentals with C#\RockPaperScissors\RockPaperScissorsTests\bin\Debug\netcoreapp3.1\fine-code-coverage\coverage-tool-output\diagnostics.host.22-08-28_22-24-17_15878_5.log" --tracelevel 4 --datacollectionport 49992 --telemetryoptedin false'
TpTrace Verbose: 0 : 29804, 7, 2022/08/28, 22:24:17.180, 112068863389, vstest.console.dll, MulticastDelegateUtilities.SafeInvoke: HostProviderEvents.OnHostLaunched: Invoking callback 1/2 for Microsoft.VisualStudio.TestPlatform.CrossPlatEngine.Client.ProxyExecutionManagerWithDataCollection.TestHostLaunchedHandler, took 2 ms.
TpTrace Verbose: 0 : 29804, 7, 2022/08/28, 22:24:17.181, 112068865284, vstest.console.dll, Test Runtime launched
TpTrace Verbose: 0 : 29804, 7, 2022/08/28, 22:24:17.181, 112068866216, vstest.console.dll, MulticastDelegateUtilities.SafeInvoke: HostProviderEvents.OnHostLaunched: Invoking callback 2/2 for Microsoft.VisualStudio.TestPlatform.CrossPlatEngine.Client.ProxyOperationManager.TestHostManagerHostLaunched, took 0 ms.
TpTrace Verbose: 0 : 29804, 5, 2022/08/28, 22:24:17.182, 112068875698, vstest.console.dll, TestRequestSender.WaitForRequestHandlerConnection: waiting for connection with timeout: 90000.
TpTrace Verbose: 0 : 29804, 5, 2022/08/28, 22:24:17.555, 112072605166, vstest.console.dll, TestRequestSender.WaitForRequestHandlerConnection: waiting took 372 ms, with timeout 90000 ms, and result 0, which is success.
TpTrace Verbose: 0 : 29804, 7, 2022/08/28, 22:24:17.555, 112072605194, vstest.console.dll, MulticastDelegateUtilities.SafeInvoke: SocketServer: ClientConnected: Invoking callback 1/1 for Microsoft.VisualStudio.TestPlatform.CommunicationUtilities.TestRequestSender.<InitializeCommunication>b__23_0, took 0 ms.
TpTrace Verbose: 0 : 29804, 7, 2022/08/28, 22:24:17.555, 112072608074, vstest.console.dll, SocketServer.OnClientConnected: Client connected for endPoint: 127.0.0.1:49993, starting MessageLoopAsync:
TpTrace Verbose: 0 : 29804, 14, 2022/08/28, 22:24:17.555, 112072611404, vstest.console.dll, TcpClientExtensions.MessageLoopAsync: Polling on remoteEndPoint: 127.0.0.1:49994 localEndPoint: 127.0.0.1:49993
TpTrace Verbose: 0 : 29804, 5, 2022/08/28, 22:24:17.556, 112072623962, vstest.console.dll, TestRequestSender.CheckVersionWithTestHost: Sending check version message: {"MessageType":"ProtocolVersion","Payload":6}
TpTrace Verbose: 0 : 29804, 14, 2022/08/28, 22:24:17.820, 112075261920, vstest.console.dll, TcpClientExtensions.MessageLoopAsync: NotifyDataAvailable remoteEndPoint: 127.0.0.1:49994 localEndPoint: 127.0.0.1:49993
TpTrace Verbose: 0 : 29804, 14, 2022/08/28, 22:24:17.821, 112075266081, vstest.console.dll, TestRequestSender.CheckVersionWithTestHost: onMessageReceived received message: (ProtocolVersion) -> 6
TpTrace Verbose: 0 : 29804, 14, 2022/08/28, 22:24:17.821, 112075271719, vstest.console.dll, MulticastDelegateUtilities.SafeInvoke: LengthPrefixCommunicationChannel: MessageReceived: Invoking callback 1/1 for Microsoft.VisualStudio.TestPlatform.CommunicationUtilities.TestRequestSender+<>c__DisplayClass25_0.<CheckVersionWithTestHost>b__0, took 0 ms.
TpTrace Verbose: 0 : 29804, 5, 2022/08/28, 22:24:17.821, 112075273093, vstest.console.dll, TestPluginCache.GetExtensionPaths: Filtered extension paths: 
TpTrace Verbose: 0 : 29804, 14, 2022/08/28, 22:24:17.821, 112075273253, vstest.console.dll, TcpClientExtensions.MessageLoopAsync: Polling on remoteEndPoint: 127.0.0.1:49994 localEndPoint: 127.0.0.1:49993
TpTrace Verbose: 0 : 29804, 5, 2022/08/28, 22:24:17.821, 112075274561, vstest.console.dll, TestPluginCache.GetExtensionPaths: Added default extension paths: C:\Program Files\dotnet\sdk\6.0.303\Extensions\DumpMinitool.exe
C:\Program Files\dotnet\sdk\6.0.303\Extensions\DumpMinitool.x86.exe
C:\Program Files\dotnet\sdk\6.0.303\Extensions\Microsoft.Diagnostics.NETCore.Client.dll
C:\Program Files\dotnet\sdk\6.0.303\Extensions\Microsoft.TestPlatform.Extensions.BlameDataCollector.dll
C:\Program Files\dotnet\sdk\6.0.303\Extensions\Microsoft.TestPlatform.Extensions.EventLogCollector.dll
C:\Program Files\dotnet\sdk\6.0.303\Extensions\Microsoft.TestPlatform.TestHostRuntimeProvider.dll
C:\Program Files\dotnet\sdk\6.0.303\Extensions\Microsoft.VisualStudio.TestPlatform.Extensions.Html.TestLogger.dll
C:\Program Files\dotnet\sdk\6.0.303\Extensions\Microsoft.VisualStudio.TestPlatform.Extensions.Trx.TestLogger.dll
TpTrace Verbose: 0 : 29804, 5, 2022/08/28, 22:24:17.822, 112075276108, vstest.console.dll, TestPluginCache.GetExtensionPaths: Added unfilterableExtensionPaths: 
TpTrace Verbose: 0 : 29804, 5, 2022/08/28, 22:24:17.828, 112075343734, vstest.console.dll, TestRequestSender.InitializeExecution: Sending initialize execution with message: {"Version":6,"MessageType":"TestExecution.Initialize","Payload":["C:\\Users\\michaelmah\\OneDrive - Derivco (Pty) Limited\\Documents\\Training\\DevFluence TDD Fundamentals with C#\\RockPaperScissors\\RockPaperScissorsTests\\bin\\Debug\\netcoreapp3.1\\fine-code-coverage\\build-output\\NUnit3.TestAdapter.dll"]}
TpTrace Warning: 0 : 29804, 5, 2022/08/28, 22:24:17.831, 112075366944, vstest.console.dll, InferRunSettingsHelper.MakeRunsettingsCompatible: Removing the following settings: TargetPlatform from RunSettings file. To use those settings please move to latest version of Microsoft.NET.Test.Sdk
TpTrace Verbose: 0 : 29804, 14, 2022/08/28, 22:24:17.840, 112075457181, vstest.console.dll, TcpClientExtensions.MessageLoopAsync: NotifyDataAvailable remoteEndPoint: 127.0.0.1:49994 localEndPoint: 127.0.0.1:49993
TpTrace Verbose: 0 : 29804, 14, 2022/08/28, 22:24:17.840, 112075459477, vstest.console.dll, TestRequestSender.OnExecutionMessageReceived: Received message: {"Version":6,"MessageType":"TestSession.Message","Payload":{"MessageLevel":0,"Message":"Logging TestHost Diagnostics in file: C:\\Users\\michaelmah\\OneDrive - Derivco (Pty) Limited\\Documents\\Training\\DevFluence TDD Fundamentals with C#\\RockPaperScissors\\RockPaperScissorsTests\\bin\\Debug\\netcoreapp3.1\\fine-code-coverage\\coverage-tool-output\\diagnostics.host.22-08-28_22-24-17_15878_5.log"}}
TpTrace Verbose: 0 : 29804, 14, 2022/08/28, 22:24:17.843, 112075486567, vstest.console.dll, TestRunRequest:SendTestRunMessage: Starting.
TpTrace Verbose: 0 : 29804, 14, 2022/08/28, 22:24:17.843, 112075488224, vstest.console.dll, MulticastDelegateUtilities.SafeInvoke: TestRun.LogMessages: Invoking callback 1/1 for Microsoft.VisualStudio.TestPlatform.CommandLine.TestRunResultAggregator.TestRunMessageHandler, took 0 ms.
TpTrace Verbose: 0 : 29804, 4, 2022/08/28, 22:24:17.843, 112075488527, vstest.console.dll, MulticastDelegateUtilities.SafeInvoke: InternalTestLoggerEvents.SendTestRunMessage: Invoking callback 1/1 for Microsoft.VisualStudio.TestPlatform.CommandLine.Internal.ConsoleLogger.TestMessageHandler, took 0 ms.
TpTrace Information: 0 : 29804, 14, 2022/08/28, 22:24:17.843, 112075488910, vstest.console.dll, TestRunRequest:SendTestRunMessage: Completed.
TpTrace Verbose: 0 : 29804, 14, 2022/08/28, 22:24:17.843, 112075490463, vstest.console.dll, MulticastDelegateUtilities.SafeInvoke: LengthPrefixCommunicationChannel: MessageReceived: Invoking callback 1/1 for Microsoft.VisualStudio.TestPlatform.CommunicationUtilities.TestRequestSender+<>c__DisplayClass30_0.<StartTestRun>b__1, took 3 ms.
TpTrace Verbose: 0 : 29804, 14, 2022/08/28, 22:24:17.843, 112075490935, vstest.console.dll, TcpClientExtensions.MessageLoopAsync: Polling on remoteEndPoint: 127.0.0.1:49994 localEndPoint: 127.0.0.1:49993
TpTrace Verbose: 0 : 29804, 5, 2022/08/28, 22:24:17.846, 112075518038, vstest.console.dll, TestRequestSender.StartTestRun: Sending test run with message: {"Version":6,"MessageType":"TestExecution.StartWithSources","Payload":{"AdapterSourceMap":{"_none_":["C:\\Users\\michaelmah\\OneDrive - Derivco (Pty) Limited\\Documents\\Training\\DevFluence TDD Fundamentals with C#\\RockPaperScissors\\RockPaperScissorsTests\\bin\\Debug\\netcoreapp3.1\\fine-code-coverage\\build-output\\RockPaperScissorsTests.dll"]},"RunSettings":"<RunSettings>\r\n  <RunConfiguration>\r\n    <ResultsDirectory>C:\\Users\\michaelmah\\OneDrive - Derivco (Pty) Limited\\Documents\\Training\\DevFluence TDD Fundamentals with C#\\RockPaperScissors\\RockPaperScissorsTests\\bin\\Debug\\netcoreapp3.1\\fine-code-coverage\\coverage-tool-output</ResultsDirectory>\r\n    <TargetFrameworkVersion>.NETCoreApp,Version=v3.1</TargetFrameworkVersion>\r\n    <DesignMode>False</DesignMode>\r\n    <CollectSourceInformation>False</CollectSourceInformation>\r\n  </RunConfiguration>\r\n  <LoggerRunSettings>\r\n    <Loggers>\r\n      <Logger friendlyName=\"blame\" enabled=\"True\" />\r\n      <Logger friendlyName=\"Console\" uri=\"logger://microsoft/TestPlatform/ConsoleLogger/v1\" assemblyQualifiedName=\"Microsoft.VisualStudio.TestPlatform.CommandLine.Internal.ConsoleLogger, vstest.console, Version=15.0.0.0, Culture=neutral, PublicKeyToken=b03f5f7f11d50a3a\" codeBase=\"C:\\Program Files\\dotnet\\sdk\\6.0.303\\vstest.console.dll\" enabled=\"True\" />\r\n    </Loggers>\r\n  </LoggerRunSettings>\r\n  <DataCollectionRunSettings>\r\n    <DataCollectors>\r\n      <DataCollector friendlyName=\"blame\" enabled=\"True\">\r\n        <Configuration>\r\n          <ResultsDirectory>C:\\Users\\michaelmah\\OneDrive - Derivco (Pty) Limited\\Documents\\Training\\DevFluence TDD Fundamentals with C#\\RockPaperScissors\\RockPaperScissorsTests\\bin\\Debug\\netcoreapp3.1\\fine-code-coverage\\coverage-tool-output</ResultsDirectory>\r\n        </Configuration>\r\n      </DataCollector>\r\n    </DataCollectors>\r\n  </DataCollectionRunSettings>\r\n</RunSettings>","TestExecutionContext":{"FrequencyOfRunStatsChangeEvent":10,"RunStatsChangeEventTimeout":"00:00:01.5000000","InIsolation":false,"KeepAlive":false,"AreTestCaseLevelEventsRequired":false,"IsDebug":false,"TestCaseFilter":null,"FilterOptions":null},"Package":null}}
TpTrace Verbose: 0 : 29804, 14, 2022/08/28, 22:24:18.125, 112078312953, vstest.console.dll, TcpClientExtensions.MessageLoopAsync: NotifyDataAvailable remoteEndPoint: 127.0.0.1:49994 localEndPoint: 127.0.0.1:49993
TpTrace Verbose: 0 : 29804, 14, 2022/08/28, 22:24:18.126, 112078315203, vstest.console.dll, TestRequestSender.OnExecutionMessageReceived: Received message: {"Version":6,"MessageType":"TestSession.Message","Payload":{"MessageLevel":0,"Message":"NUnit Adapter 4.2.0.0: Test execution started"}}
TpTrace Verbose: 0 : 29804, 14, 2022/08/28, 22:24:18.126, 112078320302, vstest.console.dll, TestRunRequest:SendTestRunMessage: Starting.
TpTrace Verbose: 0 : 29804, 14, 2022/08/28, 22:24:18.126, 112078321673, vstest.console.dll, MulticastDelegateUtilities.SafeInvoke: TestRun.LogMessages: Invoking callback 1/1 for Microsoft.VisualStudio.TestPlatform.CommandLine.TestRunResultAggregator.TestRunMessageHandler, took 0 ms.
TpTrace Verbose: 0 : 29804, 4, 2022/08/28, 22:24:18.126, 112078321939, vstest.console.dll, MulticastDelegateUtilities.SafeInvoke: InternalTestLoggerEvents.SendTestRunMessage: Invoking callback 1/1 for Microsoft.VisualStudio.TestPlatform.CommandLine.Internal.ConsoleLogger.TestMessageHandler, took 0 ms.
TpTrace Information: 0 : 29804, 14, 2022/08/28, 22:24:18.126, 112078322425, vstest.console.dll, TestRunRequest:SendTestRunMessage: Completed.
TpTrace Verbose: 0 : 29804, 14, 2022/08/28, 22:24:18.126, 112078324183, vstest.console.dll, MulticastDelegateUtilities.SafeInvoke: LengthPrefixCommunicationChannel: MessageReceived: Invoking callback 1/1 for Microsoft.VisualStudio.TestPlatform.CommunicationUtilities.TestRequestSender+<>c__DisplayClass30_0.<StartTestRun>b__1, took 0 ms.
TpTrace Verbose: 0 : 29804, 14, 2022/08/28, 22:24:18.127, 112078324861, vstest.console.dll, TcpClientExtensions.MessageLoopAsync: Polling on remoteEndPoint: 127.0.0.1:49994 localEndPoint: 127.0.0.1:49993
TpTrace Verbose: 0 : 29804, 14, 2022/08/28, 22:24:18.184, 112078903622, vstest.console.dll, TcpClientExtensions.MessageLoopAsync: NotifyDataAvailable remoteEndPoint: 127.0.0.1:49994 localEndPoint: 127.0.0.1:49993
TpTrace Verbose: 0 : 29804, 14, 2022/08/28, 22:24:18.185, 112078906352, vstest.console.dll, TestRequestSender.OnExecutionMessageReceived: Received message: {"Version":6,"MessageType":"TestSession.Message","Payload":{"MessageLevel":0,"Message":"Running all tests in C:\\Users\\michaelmah\\OneDrive - Derivco (Pty) Limited\\Documents\\Training\\DevFluence TDD Fundamentals with C#\\RockPaperScissors\\RockPaperScissorsTests\\bin\\Debug\\netcoreapp3.1\\fine-code-coverage\\build-output\\RockPaperScissorsTests.dll"}}
TpTrace Verbose: 0 : 29804, 14, 2022/08/28, 22:24:18.185, 112078910063, vstest.console.dll, TestRunRequest:SendTestRunMessage: Starting.
TpTrace Verbose: 0 : 29804, 14, 2022/08/28, 22:24:18.185, 112078911265, vstest.console.dll, MulticastDelegateUtilities.SafeInvoke: TestRun.LogMessages: Invoking callback 1/1 for Microsoft.VisualStudio.TestPlatform.CommandLine.TestRunResultAggregator.TestRunMessageHandler, took 0 ms.
TpTrace Information: 0 : 29804, 14, 2022/08/28, 22:24:18.185, 112078912051, vstest.console.dll, TestRunRequest:SendTestRunMessage: Completed.
TpTrace Verbose: 0 : 29804, 4, 2022/08/28, 22:24:18.185, 112078911575, vstest.console.dll, MulticastDelegateUtilities.SafeInvoke: InternalTestLoggerEvents.SendTestRunMessage: Invoking callback 1/1 for Microsoft.VisualStudio.TestPlatform.CommandLine.Internal.ConsoleLogger.TestMessageHandler, took 0 ms.
TpTrace Verbose: 0 : 29804, 14, 2022/08/28, 22:24:18.185, 112078912701, vstest.console.dll, MulticastDelegateUtilities.SafeInvoke: LengthPrefixCommunicationChannel: MessageReceived: Invoking callback 1/1 for Microsoft.VisualStudio.TestPlatform.CommunicationUtilities.TestRequestSender+<>c__DisplayClass30_0.<StartTestRun>b__1, took 0 ms.
TpTrace Verbose: 0 : 29804, 14, 2022/08/28, 22:24:18.185, 112078914427, vstest.console.dll, TcpClientExtensions.MessageLoopAsync: Polling on remoteEndPoint: 127.0.0.1:49994 localEndPoint: 127.0.0.1:49993
TpTrace Verbose: 0 : 29804, 14, 2022/08/28, 22:24:18.425, 112081308880, vstest.console.dll, TcpClientExtensions.MessageLoopAsync: NotifyDataAvailable remoteEndPoint: 127.0.0.1:49994 localEndPoint: 127.0.0.1:49993
TpTrace Verbose: 0 : 29804, 14, 2022/08/28, 22:24:18.425, 112081310445, vstest.console.dll, TestRequestSender.OnExecutionMessageReceived: Received message: {"Version":6,"MessageType":"TestSession.Message","Payload":{"MessageLevel":0,"Message":"   NUnit3TestExecutor discovered 1 of 1 NUnit test cases using Current Discovery mode, Non-Explicit run"}}
TpTrace Verbose: 0 : 29804, 14, 2022/08/28, 22:24:18.425, 112081312742, vstest.console.dll, TestRunRequest:SendTestRunMessage: Starting.
TpTrace Verbose: 0 : 29804, 14, 2022/08/28, 22:24:18.425, 112081313510, vstest.console.dll, MulticastDelegateUtilities.SafeInvoke: TestRun.LogMessages: Invoking callback 1/1 for Microsoft.VisualStudio.TestPlatform.CommandLine.TestRunResultAggregator.TestRunMessageHandler, took 0 ms.
TpTrace Information: 0 : 29804, 14, 2022/08/28, 22:24:18.425, 112081313981, vstest.console.dll, TestRunRequest:SendTestRunMessage: Completed.
TpTrace Verbose: 0 : 29804, 4, 2022/08/28, 22:24:18.425, 112081314281, vstest.console.dll, MulticastDelegateUtilities.SafeInvoke: InternalTestLoggerEvents.SendTestRunMessage: Invoking callback 1/1 for Microsoft.VisualStudio.TestPlatform.CommandLine.Internal.ConsoleLogger.TestMessageHandler, took 0 ms.
TpTrace Verbose: 0 : 29804, 14, 2022/08/28, 22:24:18.425, 112081314338, vstest.console.dll, MulticastDelegateUtilities.SafeInvoke: LengthPrefixCommunicationChannel: MessageReceived: Invoking callback 1/1 for Microsoft.VisualStudio.TestPlatform.CommunicationUtilities.TestRequestSender+<>c__DisplayClass30_0.<StartTestRun>b__1, took 0 ms.
TpTrace Verbose: 0 : 29804, 14, 2022/08/28, 22:24:18.426, 112081315948, vstest.console.dll, TcpClientExtensions.MessageLoopAsync: Polling on remoteEndPoint: 127.0.0.1:49994 localEndPoint: 127.0.0.1:49993
TpTrace Verbose: 0 : 29804, 14, 2022/08/28, 22:24:18.606, 112083115310, vstest.console.dll, TcpClientExtensions.MessageLoopAsync: NotifyDataAvailable remoteEndPoint: 127.0.0.1:49994 localEndPoint: 127.0.0.1:49993
TpTrace Verbose: 0 : 29804, 14, 2022/08/28, 22:24:18.606, 112083116880, vstest.console.dll, TestRequestSender.OnExecutionMessageReceived: Received message: {"Version":6,"MessageType":"TestSession.Message","Payload":{"MessageLevel":0,"Message":"NUnit Adapter 4.2.0.0: Test execution complete"}}
TpTrace Verbose: 0 : 29804, 14, 2022/08/28, 22:24:18.606, 112083119345, vstest.console.dll, TestRunRequest:SendTestRunMessage: Starting.
TpTrace Verbose: 0 : 29804, 14, 2022/08/28, 22:24:18.606, 112083120155, vstest.console.dll, MulticastDelegateUtilities.SafeInvoke: TestRun.LogMessages: Invoking callback 1/1 for Microsoft.VisualStudio.TestPlatform.CommandLine.TestRunResultAggregator.TestRunMessageHandler, took 0 ms.
TpTrace Verbose: 0 : 29804, 4, 2022/08/28, 22:24:18.606, 112083120424, vstest.console.dll, MulticastDelegateUtilities.SafeInvoke: InternalTestLoggerEvents.SendTestRunMessage: Invoking callback 1/1 for Microsoft.VisualStudio.TestPlatform.CommandLine.Internal.ConsoleLogger.TestMessageHandler, took 0 ms.
TpTrace Information: 0 : 29804, 14, 2022/08/28, 22:24:18.606, 112083121461, vstest.console.dll, TestRunRequest:SendTestRunMessage: Completed.
TpTrace Verbose: 0 : 29804, 14, 2022/08/28, 22:24:18.606, 112083122032, vstest.console.dll, MulticastDelegateUtilities.SafeInvoke: LengthPrefixCommunicationChannel: MessageReceived: Invoking callback 1/1 for Microsoft.VisualStudio.TestPlatform.CommunicationUtilities.TestRequestSender+<>c__DisplayClass30_0.<StartTestRun>b__1, took 0 ms.
TpTrace Verbose: 0 : 29804, 14, 2022/08/28, 22:24:18.606, 112083122402, vstest.console.dll, TcpClientExtensions.MessageLoopAsync: Polling on remoteEndPoint: 127.0.0.1:49994 localEndPoint: 127.0.0.1:49993
TpTrace Verbose: 0 : 29804, 14, 2022/08/28, 22:24:18.692, 112083981565, vstest.console.dll, TcpClientExtensions.MessageLoopAsync: NotifyDataAvailable remoteEndPoint: 127.0.0.1:49994 localEndPoint: 127.0.0.1:49993
TpTrace Verbose: 0 : 29804, 14, 2022/08/28, 22:24:18.692, 112083984195, vstest.console.dll, TestRequestSender.OnExecutionMessageReceived: Received message: {"Version":6,"MessageType":"TestExecution.Completed","Payload":{"TestRunCompleteArgs":{"TestRunStatistics":{"ExecutedTests":1,"Stats":{"Failed":1}},"IsCanceled":false,"IsAborted":false,"Error":null,"AttachmentSets":[],"InvokedDataCollectors":[],"ElapsedTimeInRunningTests":"00:00:00.5234210","Metrics":{},"DiscoveredExtensions":{"TestDiscoverers":["NUnit.VisualStudio.TestAdapter.NUnit3TestDiscoverer, NUnit3.TestAdapter, Version=4.2.0.0, Culture=neutral, PublicKeyToken=4cb40d35494691ac"],"TestExecutors":["executor://NUnit3TestExecutor"],"TestExecutors2":[],"TestSettingsProviders":[]}},"LastRunTests":{"NewTestResults":[{"TestCase":{"Id":"972a0992-22a8-cdff-c756-7ba0fa5e1bfc","FullyQualifiedName":"RockPaperScissorsTests.GameTests.METHOD","DisplayName":"METHOD","ExecutorUri":"executor://NUnit3TestExecutor","Source":"C:\\Users\\michaelmah\\OneDrive - Derivco (Pty) Limited\\Documents\\Training\\DevFluence TDD Fundamentals with C#\\RockPaperScissors\\RockPaperScissorsTests\\bin\\Debug\\netcoreapp3.1\\fine-code-coverage\\build-output\\RockPaperScissorsTests.dll","CodeFilePath":null,"LineNumber":0,"Properties":[{"Key":{"Id":"NUnit.Seed","Label":"Seed","Category":"","Description":"","Attributes":0,"ValueType":"System.String"},"Value":"1068198071"}]},"Attachments":[],"Outcome":2,"ErrorMessage":"  Expected: \"Player Wins\"\r\n  But was:  null\r\n","ErrorStackTrace":"   at RockPaperScissorsTests.GameTests.METHOD() in C:\\Users\\michaelmah\\OneDrive - Derivco (Pty) Limited\\Documents\\Training\\DevFluence TDD Fundamentals with C#\\RockPaperScissors\\RockPaperScissorsTests\\GameTests.cs:line 18\r\n","DisplayName":"METHOD","Messages":[],"ComputerName":"ZCTMICMAHL1","Duration":"00:00:00.0746090","StartTime":"2022-08-28T20:24:18.4773902+00:00","EndTime":"2022-08-28T20:24:18.5518545+00:00","Properties":[{"Key":{"Id":"NUnit.Seed","Label":"Seed","Category":"","Description":"","Attributes":0,"ValueType":"System.String"},"Value":"1068198071"}]}],"TestRunStatistics":{"ExecutedTests":1,"Stats":{"Failed":1}},"ActiveTests":[]},"RunAttachments":[],"ExecutorUris":["executor://nunit3testexecutor/"]}}
TpTrace Verbose: 0 : 29804, 14, 2022/08/28, 22:24:18.696, 112084020794, vstest.console.dll, TestRequestSender.EndSession: Sending end session.
TpTrace Verbose: 0 : 29804, 14, 2022/08/28, 22:24:18.697, 112084025899, vstest.console.dll, ProxyOperationManager.Close: waiting for test host to exit for 100 ms
TpTrace Warning: 0 : 29804, 13, 2022/08/28, 22:24:18.724, 112084296314, vstest.console.dll, TestHostManagerCallbacks.ErrorReceivedCallback Test host standard error line: 
TpTrace Verbose: 0 : 29804, 13, 2022/08/28, 22:24:18.738, 112084438739, vstest.console.dll, TestHostProvider.ExitCallBack: Host exited starting callback.
TpTrace Information: 0 : 29804, 13, 2022/08/28, 22:24:18.739, 112084445124, vstest.console.dll, TestHostManagerCallbacks.ExitCallBack: Testhost processId: 14448 exited with exitcode: 0 error: ''
TpTrace Verbose: 0 : 29804, 13, 2022/08/28, 22:24:18.739, 112084445922, vstest.console.dll, DotnetTestHostManager.OnHostExited: invoking OnHostExited callback
TpTrace Verbose: 0 : 29804, 13, 2022/08/28, 22:24:18.739, 112084446618, vstest.console.dll, CrossPlatEngine.TestHostManagerHostExited: calling on client process exit callback.
TpTrace Information: 0 : 29804, 13, 2022/08/28, 22:24:18.739, 112084447330, vstest.console.dll, TestRequestSender.OnClientProcessExit: Test host process exited. Standard error: 
TpTrace Information: 0 : 29804, 14, 2022/08/28, 22:24:18.739, 112084447717, vstest.console.dll, SocketServer.Stop: Stop server endPoint: 127.0.0.1:49993
TpTrace Information: 0 : 29804, 14, 2022/08/28, 22:24:18.739, 112084448590, vstest.console.dll, SocketServer.Stop: Cancellation requested. Stopping message loop.
TpTrace Information: 0 : 29804, 13, 2022/08/28, 22:24:18.739, 112084448019, vstest.console.dll, SocketServer.Stop: Stop server endPoint: 127.0.0.1:49993
TpTrace Information: 0 : 29804, 13, 2022/08/28, 22:24:18.739, 112084449945, vstest.console.dll, SocketServer.Stop: Cancellation requested. Stopping message loop.
TpTrace Information: 0 : 29804, 14, 2022/08/28, 22:24:18.739, 112084450373, vstest.console.dll, Closing the connection
TpTrace Verbose: 0 : 29804, 13, 2022/08/28, 22:24:18.739, 112084450697, vstest.console.dll, MulticastDelegateUtilities.SafeInvoke: HostProviderEvents.OnHostExited: Invoking callback 1/1 for Microsoft.VisualStudio.TestPlatform.CrossPlatEngine.Client.ProxyOperationManager.TestHostManagerHostExited, took 0 ms.
TpTrace Verbose: 0 : 29804, 14, 2022/08/28, 22:24:18.740, 112084456351, vstest.console.dll, ProxyDataCollectionManager.InvokeDataCollectionServiceAction: Starting.
TpTrace Information: 0 : 29804, 14, 2022/08/28, 22:24:18.740, 112084457076, vstest.console.dll, ProxyDataCollectionManager.AfterTestRunEnd: Get attachment set and invoked data collectors processId: 4552 port: 49990
TpTrace Verbose: 0 : 29804, 14, 2022/08/28, 22:24:18.740, 112084457690, vstest.console.dll, DataCollectionRequestSender.SendAfterTestRunStartAndGetResult: Send AfterTestRunEnd message with isCancelled: False
TpTrace Verbose: 0 : 29804, 14, 2022/08/28, 22:24:18.749, 112084547337, vstest.console.dll, DataCollectionRequestSender.SendAfterTestRunStartAndGetResult: Received message: (DataCollection.AfterTestRunEndResult) -> {
  "AttachmentSets": [],
  "InvokedDataCollectors": [
    {
      "Uri": "datacollector://Microsoft/TestPlatform/Extensions/Blame/v1",
      "FriendlyName": "Blame",
      "AssemblyQualifiedName": "Microsoft.TestPlatform.Extensions.BlameDataCollector.BlameCollector, Microsoft.TestPlatform.Extensions.BlameDataCollector, Version=15.0.0.0, Culture=neutral, PublicKeyToken=b03f5f7f11d50a3a",
      "FilePath": "C:\\Program Files\\dotnet\\sdk\\6.0.303\\Extensions\\Microsoft.TestPlatform.Extensions.BlameDataCollector.dll",
      "HasAttachmentProcessor": false
    }
  ],
  "Metrics": {}
}
TpTrace Warning: 0 : 29804, 10, 2022/08/28, 22:24:18.755, 112084608392, vstest.console.dll, DataCollectionLauncher.ErrorReceivedCallback datacollector standard error line: 
TpTrace Information: 0 : 29804, 14, 2022/08/28, 22:24:18.757, 112084627869, vstest.console.dll, ProxyDataCollectionManager.InvokeDataCollectionServiceAction: Completed.
TpTrace Information: 0 : 29804, 10, 2022/08/28, 22:24:18.764, 112084695295, vstest.console.dll, DataCollectionLauncher.ExitCallBack: Data collector exited with exitcode: 0 error: ''
TpTrace Verbose: 0 : 29804, 14, 2022/08/28, 22:24:18.842, 112085477040, vstest.console.dll, TestRunRequest:SendTestRunStatsChange: Starting.
TpTrace Verbose: 0 : 29804, 14, 2022/08/28, 22:24:18.842, 112085480673, vstest.console.dll, MulticastDelegateUtilities.SafeInvoke: TestRun.RunStatsChanged: Invoking callbacks was skipped because there are no subscribers.
TpTrace Information: 0 : 29804, 14, 2022/08/28, 22:24:18.842, 112085481255, vstest.console.dll, TestRunRequest:SendTestRunStatsChange: Completed.
TpTrace Verbose: 0 : 29804, 14, 2022/08/28, 22:24:18.842, 112085484248, vstest.console.dll, ParallelProxyExecutionManager: HandlePartialRunComplete: Total completed clients = 1, Run complete = True, Run canceled: False.
TpTrace Verbose: 0 : 29804, 4, 2022/08/28, 22:24:18.848, 112085536153, vstest.console.dll, MulticastDelegateUtilities.SafeInvoke: InternalTestLoggerEvents.SendTestResult: Invoking callback 1/1 for Microsoft.VisualStudio.TestPlatform.CommandLine.Internal.ConsoleLogger.TestResultHandler, took 5 ms.
TpTrace Verbose: 0 : 29804, 4, 2022/08/28, 22:24:18.857, 112085627810, vstest.console.dll, MulticastDelegateUtilities.SafeInvoke: InternalTestLoggerEvents.SendTestRunComplete: Invoking callback 1/2 for Microsoft.TestPlatform.Extensions.BlameDataCollector.BlameLogger.TestRunCompleteHandler, took 0 ms.
TpTrace Verbose: 0 : 29804, 4, 2022/08/28, 22:24:18.865, 112085713650, vstest.console.dll, MulticastDelegateUtilities.SafeInvoke: InternalTestLoggerEvents.SendTestRunComplete: Invoking callback 2/2 for Microsoft.VisualStudio.TestPlatform.CommandLine.Internal.ConsoleLogger.TestRunCompleteHandler, took 8 ms.
TpTrace Verbose: 0 : 29804, 14, 2022/08/28, 22:24:18.866, 112085721674, vstest.console.dll, TestRunRequest:TestRunComplete: Starting. IsAborted:False IsCanceled:False.
TpTrace Verbose: 0 : 29804, 14, 2022/08/28, 22:24:18.867, 112085733334, vstest.console.dll, TestLoggerManager.HandleTestRunComplete: Ignoring as the object is disposed.
TpTrace Verbose: 0 : 29804, 14, 2022/08/28, 22:24:18.868, 112085736664, vstest.console.dll, MulticastDelegateUtilities.SafeInvoke: TestRun.TestRunComplete: Invoking callback 1/2 for Microsoft.VisualStudio.TestPlatform.CommandLine.TestRunResultAggregator.TestRunCompletionHandler, took 0 ms.
TpTrace Verbose: 0 : 29804, 14, 2022/08/28, 22:24:18.868, 112085737704, vstest.console.dll, MulticastDelegateUtilities.SafeInvoke: TestRun.TestRunComplete: Invoking callback 2/2 for Microsoft.VisualStudio.TestPlatform.CommandLine.Processors.RunTestsArgumentExecutor+TestRunRequestEventsRegistrar.TestRunRequest_OnRunCompletion, took 0 ms.
TpTrace Information: 0 : 29804, 14, 2022/08/28, 22:24:18.868, 112085739106, vstest.console.dll, TestRunRequest:TestRunComplete: Completed.
TpTrace Verbose: 0 : 29804, 14, 2022/08/28, 22:24:18.868, 112085739675, vstest.console.dll, TestRequestSender.SetOperationComplete: Setting operation complete.
TpTrace Verbose: 0 : 29804, 1, 2022/08/28, 22:24:18.868, 112085739730, vstest.console.dll, TestRunRequest.Dispose: Starting.
TpTrace Information: 0 : 29804, 14, 2022/08/28, 22:24:18.868, 112085740048, vstest.console.dll, SocketServer.Stop: Stop server endPoint: 127.0.0.1:49993
TpTrace Information: 0 : 29804, 14, 2022/08/28, 22:24:18.868, 112085741265, vstest.console.dll, SocketServer.Stop: Cancellation requested. Stopping message loop.
TpTrace Information: 0 : 29804, 1, 2022/08/28, 22:24:18.868, 112085740940, vstest.console.dll, TestRunRequest.Dispose: Completed.
TpTrace Verbose: 0 : 29804, 14, 2022/08/28, 22:24:18.868, 112085741707, vstest.console.dll, MulticastDelegateUtilities.SafeInvoke: LengthPrefixCommunicationChannel: MessageReceived: Invoking callback 1/1 for Microsoft.VisualStudio.TestPlatform.CommunicationUtilities.TestRequestSender+<>c__DisplayClass30_0.<StartTestRun>b__1, took 175 ms.
TpTrace Information: 0 : 29804, 1, 2022/08/28, 22:24:18.868, 112085742394, vstest.console.dll, TestRequestManager.RunTests: run tests completed.
TpTrace Information: 0 : 29804, 14, 2022/08/28, 22:24:18.868, 112085742916, vstest.console.dll, SocketServer.PrivateStop: Stopping server endPoint: 127.0.0.1:49993 error: 
TpTrace Information: 0 : 29804, 1, 2022/08/28, 22:24:18.868, 112085744559, vstest.console.dll, RunTestsArgumentProcessor:Execute: Test run is completed.
TpTrace Verbose: 0 : 29804, 1, 2022/08/28, 22:24:18.869, 112085746886, vstest.console.dll, Executor.Execute: Exiting with exit code of 1
TpTrace Verbose: 0 : 29804, 14, 2022/08/28, 22:24:18.869, 112085749300, vstest.console.dll, LengthPrefixCommunicationChannel.Dispose: Dispose reader and writer.
TpTrace Information: 0 : 29804, 14, 2022/08/28, 22:24:18.869, 112085750229, vstest.console.dll, SocketServer.Stop: Raise disconnected event endPoint: 127.0.0.1:49993 error: 
TpTrace Verbose: 0 : 29804, 14, 2022/08/28, 22:24:18.869, 112085750923, vstest.console.dll, TestRequestSender: OnTestRunAbort: Operation is already complete. Skip error message.
TpTrace Verbose: 0 : 29804, 14, 2022/08/28, 22:24:18.869, 112085751416, vstest.console.dll, MulticastDelegateUtilities.SafeInvoke: SocketServer: ClientDisconnected: Invoking callback 1/1 for Microsoft.VisualStudio.TestPlatform.CommunicationUtilities.TestRequestSender.<InitializeCommunication>b__23_1, took 0 ms.
TpTrace Verbose: 0 : 29804, 14, 2022/08/28, 22:24:18.869, 112085751770, vstest.console.dll, TcpClientExtensions.MessageLoopAsync: exiting MessageLoopAsync remoteEndPoint: 127.0.0.1:49994 localEndPoint: 127.0.0.1:49993
