<?xml version="1.0" encoding="utf-8"?>
<coverage line-rate="0.7777" branch-rate="1" version="1.9" timestamp="1661718259" lines-covered="7" lines-valid="9" branches-covered="0" branches-valid="0">
  <sources>
    <source>C:\Users\michaelmah\</source>
  </sources>
  <packages>
    <package name="RockPaperScissors" line-rate="1" branch-rate="1" complexity="0">
      <classes />
    </package>
    <package name="RockPaperScissorsTests" line-rate="0.7777" branch-rate="1" complexity="3">
      <classes>
        <class name="AutoGeneratedProgram" filename=".nuget\packages\microsoft.net.test.sdk\17.3.0\build\netcoreapp2.1\Microsoft.NET.Test.Sdk.Program.cs" line-rate="0" branch-rate="1" complexity="1">
          <methods>
            <method name="Main" signature="(System.String[])" line-rate="0" branch-rate="1" complexity="1">
              <lines>
                <line number="4" hits="0" branch="False" />
              </lines>
            </method>
          </methods>
          <lines>
            <line number="4" hits="0" branch="False" />
          </lines>
        </class>
        <class name="RockPaperScissorsTests.GameTests" filename="OneDrive - Derivco (Pty) Limited\Documents\Training\DevFluence TDD Fundamentals with C#\RockPaperScissors\RockPaperScissorsTests\GameTests.cs" line-rate="0.8" branch-rate="1" complexity="1">
          <methods>
            <method name="METHOD" signature="()" line-rate="0.8" branch-rate="1" complexity="1">
              <lines>
                <line number="10" hits="1" branch="False" />
                <line number="12" hits="1" branch="False" />
                <line number="15" hits="1" branch="False" />
                <line number="18" hits="1" branch="False" />
                <line number="19" hits="0" branch="False" />
              </lines>
            </method>
          </methods>
          <lines>
            <line number="10" hits="1" branch="False" />
            <line number="12" hits="1" branch="False" />
            <line number="15" hits="1" branch="False" />
            <line number="18" hits="1" branch="False" />
            <line number="19" hits="0" branch="False" />
          </lines>
        </class>
        <class name="RockPaperScissorsTests.Game" filename="OneDrive - Derivco (Pty) Limited\Documents\Training\DevFluence TDD Fundamentals with C#\RockPaperScissors\RockPaperScissorsTests\GameTests.cs" line-rate="1" branch-rate="1" complexity="1">
          <methods>
            <method name="Play" signature="(System.String,System.String)" line-rate="1" branch-rate="1" complexity="1">
              <lines>
                <line number="25" hits="1" branch="False" />
                <line number="26" hits="1" branch="False" />
                <line number="27" hits="1" branch="False" />
              </lines>
            </method>
          </methods>
          <lines>
            <line number="25" hits="1" branch="False" />
            <line number="26" hits="1" branch="False" />
            <line number="27" hits="1" branch="False" />
          </lines>
        </class>
      </classes>
    </package>
  </packages>
</coverage>