<?xml version="1.0" encoding="utf-8"?>
<!DOCTYPE coverage SYSTEM "http://cobertura.sourceforge.net/xml/coverage-04.dtd">
<coverage line-rate="0.8888888888888888" branch-rate="1" lines-covered="8" lines-valid="9" branches-covered="0" branches-valid="0" complexity="3" version="0" timestamp="1661719618">
  <sources>
    <source>C:\Users\michaelmah\</source>
  </sources>
  <packages>
    <package name="Example" line-rate="1" branch-rate="1" complexity="1">
      <classes>
        <class name="Example.ExampleProdCode" filename="C:\Users\michaelmah\OneDrive - Derivco (Pty) Limited\Documents\Training\DevFluence TDD Fundamentals with C#\Example\Example\ExampleProdCode.cs" line-rate="1" branch-rate="1" complexity="1">
          <methods>
            <method name="HelloWorld" signature="()" line-rate="1" branch-rate="1" complexity="1">
              <lines>
                <line number="8" hits="1" branch="false" />
                <line number="9" hits="1" branch="false" />
                <line number="10" hits="1" branch="false" />
              </lines>
            </method>
          </methods>
          <lines>
            <line number="8" hits="1" branch="false" />
            <line number="9" hits="1" branch="false" />
            <line number="10" hits="1" branch="false" />
          </lines>
        </class>
      </classes>
    </package>
    <package name="Example.Tests" line-rate="0.8333333333333334" branch-rate="1" complexity="2">
      <classes>
        <class name="AutoGeneratedProgram" filename="C:\Users\michaelmah\.nuget\packages\microsoft.net.test.sdk\17.3.0\build\netcoreapp2.1\Microsoft.NET.Test.Sdk.Program.cs" line-rate="0" branch-rate="1" complexity="1">
          <methods>
            <method name="Main" signature="(...)" line-rate="0" branch-rate="1" complexity="1">
              <lines>
                <line number="4" hits="0" branch="false" />
              </lines>
            </method>
          </methods>
          <lines>
            <line number="4" hits="0" branch="false" />
          </lines>
        </class>
        <class name="Example.Tests.ExampleTests" filename="C:\Users\michaelmah\OneDrive - Derivco (Pty) Limited\Documents\Training\DevFluence TDD Fundamentals with C#\Example\Example.Tests\ExampleTests.cs" line-rate="1" branch-rate="1" complexity="1">
          <methods>
            <method name="Learning" signature="()" line-rate="1" branch-rate="1" complexity="1">
              <lines>
                <line number="11" hits="1" branch="false" />
                <line number="12" hits="1" branch="false" />
                <line number="13" hits="1" branch="false" />
                <line number="14" hits="1" branch="false" />
                <line number="15" hits="1" branch="false" />
              </lines>
            </method>
          </methods>
          <lines>
            <line number="11" hits="1" branch="false" />
            <line number="12" hits="1" branch="false" />
            <line number="13" hits="1" branch="false" />
            <line number="14" hits="1" branch="false" />
            <line number="15" hits="1" branch="false" />
          </lines>
        </class>
      </classes>
    </package>
  </packages>
</coverage>