TpTrace Verbose: 0 : 23096, 1, 2022/08/28, 20:46:53.278, 53629842697, vstest.console.dll, Version: 17.2.0-release-20220408-11 Current process architecture: X64
TpTrace Information: 0 : 23096, 1, 2022/08/28, 20:46:53.294, 53630004211, vstest.console.dll, FilePatternParser: The given file C:\Users\michaelmah\OneDrive - Derivco (Pty) Limited\Documents\Training\DevFluence TDD Fundamentals with C#\Example\Example.Tests\bin\Debug\netcoreapp3.1\fine-code-coverage\build-output\Example.Tests.dll is a full path.
TpTrace Verbose: 0 : 23096, 1, 2022/08/28, 20:46:53.306, 53630122799, vstest.console.dll, TestPluginCache.DiscoverTestExtensions: finding test extensions in assemblies ends with: RuntimeProvider.dll TPluginInfo: Microsoft.VisualStudio.TestPlatform.Common.ExtensionFramework.Utilities.TestRuntimePluginInformation TExtension: Microsoft.VisualStudio.TestPlatform.ObjectModel.Host.ITestRuntimeProvider
TpTrace Verbose: 0 : 23096, 1, 2022/08/28, 20:46:53.307, 53630125897, vstest.console.dll, TestPluginCache.GetExtensionPaths: Filtered extension paths: 
TpTrace Verbose: 0 : 23096, 1, 2022/08/28, 20:46:53.307, 53630127276, vstest.console.dll, TestPluginCache.GetExtensionPaths: Added default extension paths: C:\Program Files\dotnet\sdk\6.0.303\Extensions\DumpMinitool.exe
C:\Program Files\dotnet\sdk\6.0.303\Extensions\DumpMinitool.x86.exe
C:\Program Files\dotnet\sdk\6.0.303\Extensions\Microsoft.Diagnostics.NETCore.Client.dll
C:\Program Files\dotnet\sdk\6.0.303\Extensions\Microsoft.TestPlatform.Extensions.BlameDataCollector.dll
C:\Program Files\dotnet\sdk\6.0.303\Extensions\Microsoft.TestPlatform.Extensions.EventLogCollector.dll
C:\Program Files\dotnet\sdk\6.0.303\Extensions\Microsoft.TestPlatform.TestHostRuntimeProvider.dll
C:\Program Files\dotnet\sdk\6.0.303\Extensions\Microsoft.VisualStudio.TestPlatform.Extensions.Html.TestLogger.dll
C:\Program Files\dotnet\sdk\6.0.303\Extensions\Microsoft.VisualStudio.TestPlatform.Extensions.Trx.TestLogger.dll
TpTrace Verbose: 0 : 23096, 1, 2022/08/28, 20:46:53.307, 53630127907, vstest.console.dll, TestPluginCache.GetExtensionPaths: Added unfilterableExtensionPaths: 
TpTrace Information: 0 : 23096, 1, 2022/08/28, 20:46:53.308, 53630137576, vstest.console.dll, AssemblyResolver.ctor: Creating AssemblyResolver with searchDirectories C:\Program Files\dotnet\sdk\6.0.303\Extensions,C:\Program Files\dotnet\sdk\6.0.303
TpTrace Verbose: 0 : 23096, 1, 2022/08/28, 20:46:53.311, 53630164775, vstest.console.dll, TestPluginCache.DiscoverTestExtensions: Discovering the extensions using extension path.
TpTrace Verbose: 0 : 23096, 1, 2022/08/28, 20:46:53.311, 53630167669, vstest.console.dll, TestPluginCache.GetExtensionPaths: Filtered extension paths: 
TpTrace Verbose: 0 : 23096, 1, 2022/08/28, 20:46:53.311, 53630169132, vstest.console.dll, TestPluginCache.GetExtensionPaths: Added default extension paths: C:\Program Files\dotnet\sdk\6.0.303\Extensions\DumpMinitool.exe
C:\Program Files\dotnet\sdk\6.0.303\Extensions\DumpMinitool.x86.exe
C:\Program Files\dotnet\sdk\6.0.303\Extensions\Microsoft.Diagnostics.NETCore.Client.dll
C:\Program Files\dotnet\sdk\6.0.303\Extensions\Microsoft.TestPlatform.Extensions.BlameDataCollector.dll
C:\Program Files\dotnet\sdk\6.0.303\Extensions\Microsoft.TestPlatform.Extensions.EventLogCollector.dll
C:\Program Files\dotnet\sdk\6.0.303\Extensions\Microsoft.TestPlatform.TestHostRuntimeProvider.dll
C:\Program Files\dotnet\sdk\6.0.303\Extensions\Microsoft.VisualStudio.TestPlatform.Extensions.Html.TestLogger.dll
C:\Program Files\dotnet\sdk\6.0.303\Extensions\Microsoft.VisualStudio.TestPlatform.Extensions.Trx.TestLogger.dll
TpTrace Verbose: 0 : 23096, 1, 2022/08/28, 20:46:53.311, 53630170454, vstest.console.dll, TestPluginCache.GetExtensionPaths: Added unfilterableExtensionPaths: 
TpTrace Verbose: 0 : 23096, 1, 2022/08/28, 20:46:53.311, 53630171775, vstest.console.dll, TestPluginCache.DiscoverTestExtensions: Discovering the extensions using allExtensionPaths: C:\Program Files\dotnet\sdk\6.0.303\Extensions\DumpMinitool.exe
C:\Program Files\dotnet\sdk\6.0.303\Extensions\DumpMinitool.x86.exe
C:\Program Files\dotnet\sdk\6.0.303\Extensions\Microsoft.Diagnostics.NETCore.Client.dll
C:\Program Files\dotnet\sdk\6.0.303\Extensions\Microsoft.TestPlatform.Extensions.BlameDataCollector.dll
C:\Program Files\dotnet\sdk\6.0.303\Extensions\Microsoft.TestPlatform.Extensions.EventLogCollector.dll
C:\Program Files\dotnet\sdk\6.0.303\Extensions\Microsoft.TestPlatform.TestHostRuntimeProvider.dll
C:\Program Files\dotnet\sdk\6.0.303\Extensions\Microsoft.VisualStudio.TestPlatform.Extensions.Html.TestLogger.dll
C:\Program Files\dotnet\sdk\6.0.303\Extensions\Microsoft.VisualStudio.TestPlatform.Extensions.Trx.TestLogger.dll
TpTrace Information: 0 : 23096, 1, 2022/08/28, 20:46:53.312, 53630175195, vstest.console.dll, AssemblyResolver.AddSearchDirectories: Adding more searchDirectories C:\Program Files\dotnet\sdk\6.0.303\Extensions,C:\Program Files\dotnet\sdk\6.0.303
TpTrace Information: 0 : 23096, 1, 2022/08/28, 20:46:53.312, 53630176667, vstest.console.dll, AssemblyResolver.AddSearchDirectories: Adding more searchDirectories C:\Program Files\dotnet\sdk\6.0.303\Extensions,C:\Program Files\dotnet\sdk\6.0.303
TpTrace Information: 0 : 23096, 1, 2022/08/28, 20:46:53.312, 53630177276, vstest.console.dll, AssemblyResolver.AddSearchDirectories: Adding more searchDirectories C:\Program Files\dotnet\sdk\6.0.303\Extensions,C:\Program Files\dotnet\sdk\6.0.303
TpTrace Information: 0 : 23096, 1, 2022/08/28, 20:46:53.312, 53630177974, vstest.console.dll, AssemblyResolver.AddSearchDirectories: Adding more searchDirectories C:\Program Files\dotnet\sdk\6.0.303\Extensions,C:\Program Files\dotnet\sdk\6.0.303
TpTrace Information: 0 : 23096, 1, 2022/08/28, 20:46:53.312, 53630178639, vstest.console.dll, AssemblyResolver.AddSearchDirectories: Adding more searchDirectories C:\Program Files\dotnet\sdk\6.0.303\Extensions,C:\Program Files\dotnet\sdk\6.0.303
TpTrace Information: 0 : 23096, 1, 2022/08/28, 20:46:53.312, 53630179729, vstest.console.dll, AssemblyResolver.AddSearchDirectories: Adding more searchDirectories C:\Program Files\dotnet\sdk\6.0.303\Extensions,C:\Program Files\dotnet\sdk\6.0.303
TpTrace Information: 0 : 23096, 1, 2022/08/28, 20:46:53.312, 53630181580, vstest.console.dll, AssemblyResolver.AddSearchDirectories: Adding more searchDirectories C:\Program Files\dotnet\sdk\6.0.303\Extensions,C:\Program Files\dotnet\sdk\6.0.303
TpTrace Information: 0 : 23096, 1, 2022/08/28, 20:46:53.312, 53630183213, vstest.console.dll, AssemblyResolver.AddSearchDirectories: Adding more searchDirectories C:\Program Files\dotnet\sdk\6.0.303\Extensions,C:\Program Files\dotnet\sdk\6.0.303
TpTrace Information: 0 : 23096, 1, 2022/08/28, 20:46:53.314, 53630200534, vstest.console.dll, AssemblyResolver.OnResolve: DumpMinitool: Resolving assembly.
TpTrace Information: 0 : 23096, 1, 2022/08/28, 20:46:53.314, 53630203264, vstest.console.dll, AssemblyResolver.OnResolve: DumpMinitool: Searching in: 'C:\Program Files\dotnet\sdk\6.0.303\Extensions'.
TpTrace Information: 0 : 23096, 1, 2022/08/28, 20:46:53.315, 53630206772, vstest.console.dll, AssemblyResolver.OnResolve: DumpMinitool: Assembly path does not exist: 'C:\Program Files\dotnet\sdk\6.0.303\Extensions\DumpMinitool.dll', returning.
TpTrace Information: 0 : 23096, 1, 2022/08/28, 20:46:53.316, 53630217404, vstest.console.dll, AssemblyResolver.OnResolve: DumpMinitool: Loading assembly 'C:\Program Files\dotnet\sdk\6.0.303\Extensions\DumpMinitool.exe'.
TpTrace Information: 0 : 23096, 1, 2022/08/28, 20:46:53.317, 53630231791, vstest.console.dll, AssemblyResolver.OnResolve: Resolved assembly: DumpMinitool, from path: C:\Program Files\dotnet\sdk\6.0.303\Extensions\DumpMinitool.exe
TpTrace Verbose: 0 : 23096, 1, 2022/08/28, 20:46:53.326, 53630318318, vstest.console.dll, MetadataReaderExtensionsHelper: Discovering extensions inside assembly 'DumpMinitool, Version=15.0.0.0, Culture=neutral, PublicKeyToken=b03f5f7f11d50a3a' file path 'C:\Program Files\dotnet\sdk\6.0.303\Extensions\DumpMinitool.exe'
TpTrace Information: 0 : 23096, 1, 2022/08/28, 20:46:53.344, 53630499058, vstest.console.dll, AssemblyResolver.OnResolve: DumpMinitool.x86: Resolving assembly.
TpTrace Information: 0 : 23096, 1, 2022/08/28, 20:46:53.344, 53630501995, vstest.console.dll, AssemblyResolver.OnResolve: DumpMinitool.x86: Searching in: 'C:\Program Files\dotnet\sdk\6.0.303\Extensions'.
TpTrace Information: 0 : 23096, 1, 2022/08/28, 20:46:53.344, 53630504126, vstest.console.dll, AssemblyResolver.OnResolve: DumpMinitool.x86: Assembly path does not exist: 'C:\Program Files\dotnet\sdk\6.0.303\Extensions\DumpMinitool.x86.dll', returning.
TpTrace Information: 0 : 23096, 1, 2022/08/28, 20:46:53.345, 53630509635, vstest.console.dll, AssemblyResolver.OnResolve: DumpMinitool.x86: Loading assembly 'C:\Program Files\dotnet\sdk\6.0.303\Extensions\DumpMinitool.x86.exe'.
TpTrace Information: 0 : 23096, 1, 2022/08/28, 20:46:53.347, 53630530682, vstest.console.dll, AssemblyResolver.OnResolve: Resolved assembly: DumpMinitool.x86, from path: C:\Program Files\dotnet\sdk\6.0.303\Extensions\DumpMinitool.x86.exe
TpTrace Verbose: 0 : 23096, 1, 2022/08/28, 20:46:53.347, 53630532479, vstest.console.dll, MetadataReaderExtensionsHelper: Discovering extensions inside assembly 'DumpMinitool.x86, Version=15.0.0.0, Culture=neutral, PublicKeyToken=b03f5f7f11d50a3a' file path 'C:\Program Files\dotnet\sdk\6.0.303\Extensions\DumpMinitool.x86.exe'
TpTrace Information: 0 : 23096, 1, 2022/08/28, 20:46:53.348, 53630543836, vstest.console.dll, AssemblyResolver.OnResolve: Microsoft.Diagnostics.NETCore.Client: Resolving assembly.
TpTrace Information: 0 : 23096, 1, 2022/08/28, 20:46:53.349, 53630545088, vstest.console.dll, AssemblyResolver.OnResolve: Microsoft.Diagnostics.NETCore.Client: Searching in: 'C:\Program Files\dotnet\sdk\6.0.303\Extensions'.
TpTrace Information: 0 : 23096, 1, 2022/08/28, 20:46:53.349, 53630550029, vstest.console.dll, AssemblyResolver.OnResolve: Microsoft.Diagnostics.NETCore.Client: Loading assembly 'C:\Program Files\dotnet\sdk\6.0.303\Extensions\Microsoft.Diagnostics.NETCore.Client.dll'.
TpTrace Information: 0 : 23096, 1, 2022/08/28, 20:46:53.351, 53630565983, vstest.console.dll, AssemblyResolver.OnResolve: Resolved assembly: Microsoft.Diagnostics.NETCore.Client, from path: C:\Program Files\dotnet\sdk\6.0.303\Extensions\Microsoft.Diagnostics.NETCore.Client.dll
TpTrace Verbose: 0 : 23096, 1, 2022/08/28, 20:46:53.351, 53630567374, vstest.console.dll, MetadataReaderExtensionsHelper: Discovering extensions inside assembly 'Microsoft.Diagnostics.NETCore.Client, Version=0.2.5.801, Culture=neutral, PublicKeyToken=31bf3856ad364e35' file path 'C:\Program Files\dotnet\sdk\6.0.303\Extensions\Microsoft.Diagnostics.NETCore.Client.dll'
TpTrace Information: 0 : 23096, 1, 2022/08/28, 20:46:53.364, 53630703578, vstest.console.dll, AssemblyResolver.OnResolve: Microsoft.Bcl.AsyncInterfaces: Resolving assembly.
TpTrace Information: 0 : 23096, 1, 2022/08/28, 20:46:53.365, 53630705187, vstest.console.dll, AssemblyResolver.OnResolve: Microsoft.Bcl.AsyncInterfaces: Searching in: 'C:\Program Files\dotnet\sdk\6.0.303\Extensions'.
TpTrace Information: 0 : 23096, 1, 2022/08/28, 20:46:53.365, 53630706884, vstest.console.dll, AssemblyResolver.OnResolve: Microsoft.Bcl.AsyncInterfaces: Assembly path does not exist: 'C:\Program Files\dotnet\sdk\6.0.303\Extensions\Microsoft.Bcl.AsyncInterfaces.dll', returning.
TpTrace Information: 0 : 23096, 1, 2022/08/28, 20:46:53.365, 53630708117, vstest.console.dll, AssemblyResolver.OnResolve: Microsoft.Bcl.AsyncInterfaces: Assembly path does not exist: 'C:\Program Files\dotnet\sdk\6.0.303\Extensions\Microsoft.Bcl.AsyncInterfaces.exe', returning.
TpTrace Information: 0 : 23096, 1, 2022/08/28, 20:46:53.365, 53630708794, vstest.console.dll, AssemblyResolver.OnResolve: Microsoft.Bcl.AsyncInterfaces: Searching in: 'C:\Program Files\dotnet\sdk\6.0.303'.
TpTrace Information: 0 : 23096, 1, 2022/08/28, 20:46:53.365, 53630710024, vstest.console.dll, AssemblyResolver.OnResolve: Microsoft.Bcl.AsyncInterfaces: Assembly path does not exist: 'C:\Program Files\dotnet\sdk\6.0.303\Microsoft.Bcl.AsyncInterfaces.dll', returning.
TpTrace Information: 0 : 23096, 1, 2022/08/28, 20:46:53.365, 53630711054, vstest.console.dll, AssemblyResolver.OnResolve: Microsoft.Bcl.AsyncInterfaces: Assembly path does not exist: 'C:\Program Files\dotnet\sdk\6.0.303\Microsoft.Bcl.AsyncInterfaces.exe', returning.
TpTrace Information: 0 : 23096, 1, 2022/08/28, 20:46:53.365, 53630711641, vstest.console.dll, AssemblyResolver.OnResolve: Microsoft.Bcl.AsyncInterfaces: Failed to load assembly.
TpTrace Verbose: 0 : 23096, 1, 2022/08/28, 20:46:53.365, 53630712439, vstest.console.dll, CurrentDomainAssemblyResolve: Resolving assembly 'Microsoft.Bcl.AsyncInterfaces'.
TpTrace Information: 0 : 23096, 1, 2022/08/28, 20:46:53.365, 53630713703, vstest.console.dll, AssemblyResolver.OnResolve: Microsoft.Bcl.AsyncInterfaces: Resolving assembly.
TpTrace Information: 0 : 23096, 1, 2022/08/28, 20:46:53.365, 53630714548, vstest.console.dll, AssemblyResolver.OnResolve: Microsoft.Bcl.AsyncInterfaces: Resolved from cache.
TpTrace Verbose: 0 : 23096, 1, 2022/08/28, 20:46:53.366, 53630715327, vstest.console.dll, CurrentDomainAssemblyResolve: Resolving assembly 'Microsoft.Bcl.AsyncInterfaces'.
TpTrace Verbose: 0 : 23096, 1, 2022/08/28, 20:46:53.366, 53630716224, vstest.console.dll, CurrentDomainAssemblyResolve: Failed to resolve assembly 'Microsoft.Bcl.AsyncInterfaces'.
TpTrace Verbose: 0 : 23096, 1, 2022/08/28, 20:46:53.367, 53630724617, vstest.console.dll, CurrentDomainAssemblyResolve: Failed to resolve assembly 'Microsoft.Bcl.AsyncInterfaces'.
TpTrace Warning: 0 : 23096, 1, 2022/08/28, 20:46:53.386, 53630920415, vstest.console.dll, TestPluginDiscoverer: Failed to get types from assembly 'Microsoft.Diagnostics.NETCore.Client, Version=0.2.5.801, Culture=neutral, PublicKeyToken=31bf3856ad364e35'. Error: System.Reflection.ReflectionTypeLoadException: Unable to load one or more of the requested types.
Could not load file or assembly 'Microsoft.Bcl.AsyncInterfaces, Version=1.0.0.0, Culture=neutral, PublicKeyToken=cc7b13ffcd2ddd51'. The system cannot find the file specified.
   at System.Reflection.RuntimeModule.GetTypes(RuntimeModule module)
   at System.Reflection.Assembly.GetTypes()
   at Microsoft.VisualStudio.TestPlatform.Common.ExtensionFramework.TestPluginDiscoverer.GetTestExtensionsFromAssembly[TPluginInfo,TExtension](Assembly assembly, Dictionary`2 pluginInfos, String filePath)
System.IO.FileNotFoundException: Could not load file or assembly 'Microsoft.Bcl.AsyncInterfaces, Version=1.0.0.0, Culture=neutral, PublicKeyToken=cc7b13ffcd2ddd51'. The system cannot find the file specified.
File name: 'Microsoft.Bcl.AsyncInterfaces, Version=1.0.0.0, Culture=neutral, PublicKeyToken=cc7b13ffcd2ddd51'
 ---> System.IO.FileNotFoundException: Could not load file or assembly 'Microsoft.Bcl.AsyncInterfaces, Culture=neutral, PublicKeyToken=null'. The system cannot find the file specified.
File name: 'Microsoft.Bcl.AsyncInterfaces, Culture=neutral, PublicKeyToken=null'
   at System.Reflection.RuntimeAssembly.InternalLoad(ObjectHandleOnStack assemblyName, ObjectHandleOnStack requestingAssembly, StackCrawlMarkHandle stackMark, Boolean throwOnFileNotFound, ObjectHandleOnStack assemblyLoadContext, ObjectHandleOnStack retAssembly)
   at System.Reflection.RuntimeAssembly.InternalLoad(AssemblyName assemblyName, RuntimeAssembly requestingAssembly, StackCrawlMark& stackMark, Boolean throwOnFileNotFound, AssemblyLoadContext assemblyLoadContext)
   at System.Reflection.Assembly.Load(AssemblyName assemblyRef)
   at Microsoft.VisualStudio.TestPlatform.Common.ExtensionFramework.TestPluginCache.CurrentDomainAssemblyResolve(Object sender, AssemblyResolveEventArgs args)
   at Microsoft.VisualStudio.TestPlatform.PlatformAbstractions.PlatformAssemblyResolver.AssemblyResolverEvent(Object sender, Object eventArgs)
   at System.Runtime.Loader.AssemblyLoadContext.GetFirstResolvedAssemblyFromResolvingEvent(AssemblyName assemblyName)
   at System.Runtime.Loader.AssemblyLoadContext.ResolveUsingEvent(AssemblyName assemblyName)
   at System.Runtime.Loader.AssemblyLoadContext.ResolveUsingResolvingEvent(IntPtr gchManagedAssemblyLoadContext, AssemblyName assemblyName)
TpTrace Warning: 0 : 23096, 1, 2022/08/28, 20:46:53.387, 53630925110, vstest.console.dll, LoaderExceptions: System.IO.FileNotFoundException: Could not load file or assembly 'Microsoft.Bcl.AsyncInterfaces, Version=1.0.0.0, Culture=neutral, PublicKeyToken=cc7b13ffcd2ddd51'. The system cannot find the file specified.
File name: 'Microsoft.Bcl.AsyncInterfaces, Version=1.0.0.0, Culture=neutral, PublicKeyToken=cc7b13ffcd2ddd51'
 ---> System.IO.FileNotFoundException: Could not load file or assembly 'Microsoft.Bcl.AsyncInterfaces, Culture=neutral, PublicKeyToken=null'. The system cannot find the file specified.
File name: 'Microsoft.Bcl.AsyncInterfaces, Culture=neutral, PublicKeyToken=null'
   at System.Reflection.RuntimeAssembly.InternalLoad(ObjectHandleOnStack assemblyName, ObjectHandleOnStack requestingAssembly, StackCrawlMarkHandle stackMark, Boolean throwOnFileNotFound, ObjectHandleOnStack assemblyLoadContext, ObjectHandleOnStack retAssembly)
   at System.Reflection.RuntimeAssembly.InternalLoad(AssemblyName assemblyName, RuntimeAssembly requestingAssembly, StackCrawlMark& stackMark, Boolean throwOnFileNotFound, AssemblyLoadContext assemblyLoadContext)
   at System.Reflection.Assembly.Load(AssemblyName assemblyRef)
   at Microsoft.VisualStudio.TestPlatform.Common.ExtensionFramework.TestPluginCache.CurrentDomainAssemblyResolve(Object sender, AssemblyResolveEventArgs args)
   at Microsoft.VisualStudio.TestPlatform.PlatformAbstractions.PlatformAssemblyResolver.AssemblyResolverEvent(Object sender, Object eventArgs)
   at System.Runtime.Loader.AssemblyLoadContext.GetFirstResolvedAssemblyFromResolvingEvent(AssemblyName assemblyName)
   at System.Runtime.Loader.AssemblyLoadContext.ResolveUsingEvent(AssemblyName assemblyName)
   at System.Runtime.Loader.AssemblyLoadContext.ResolveUsingResolvingEvent(IntPtr gchManagedAssemblyLoadContext, AssemblyName assemblyName)
TpTrace Information: 0 : 23096, 1, 2022/08/28, 20:46:53.387, 53630927028, vstest.console.dll, AssemblyResolver.OnResolve: Microsoft.TestPlatform.Extensions.BlameDataCollector: Resolving assembly.
TpTrace Information: 0 : 23096, 1, 2022/08/28, 20:46:53.387, 53630927701, vstest.console.dll, AssemblyResolver.OnResolve: Microsoft.TestPlatform.Extensions.BlameDataCollector: Searching in: 'C:\Program Files\dotnet\sdk\6.0.303\Extensions'.
TpTrace Information: 0 : 23096, 1, 2022/08/28, 20:46:53.387, 53630931692, vstest.console.dll, AssemblyResolver.OnResolve: Microsoft.TestPlatform.Extensions.BlameDataCollector: Loading assembly 'C:\Program Files\dotnet\sdk\6.0.303\Extensions\Microsoft.TestPlatform.Extensions.BlameDataCollector.dll'.
TpTrace Information: 0 : 23096, 1, 2022/08/28, 20:46:53.388, 53630943985, vstest.console.dll, AssemblyResolver.OnResolve: Resolved assembly: Microsoft.TestPlatform.Extensions.BlameDataCollector, from path: C:\Program Files\dotnet\sdk\6.0.303\Extensions\Microsoft.TestPlatform.Extensions.BlameDataCollector.dll
TpTrace Verbose: 0 : 23096, 1, 2022/08/28, 20:46:53.389, 53630945254, vstest.console.dll, MetadataReaderExtensionsHelper: Discovering extensions inside assembly 'Microsoft.TestPlatform.Extensions.BlameDataCollector, Version=15.0.0.0, Culture=neutral, PublicKeyToken=b03f5f7f11d50a3a' file path 'C:\Program Files\dotnet\sdk\6.0.303\Extensions\Microsoft.TestPlatform.Extensions.BlameDataCollector.dll'
TpTrace Information: 0 : 23096, 1, 2022/08/28, 20:46:53.390, 53630961246, vstest.console.dll, AssemblyResolver.OnResolve: Microsoft.TestPlatform.Extensions.EventLogCollector: Resolving assembly.
TpTrace Information: 0 : 23096, 1, 2022/08/28, 20:46:53.390, 53630962167, vstest.console.dll, AssemblyResolver.OnResolve: Microsoft.TestPlatform.Extensions.EventLogCollector: Searching in: 'C:\Program Files\dotnet\sdk\6.0.303\Extensions'.
TpTrace Information: 0 : 23096, 1, 2022/08/28, 20:46:53.391, 53630969283, vstest.console.dll, AssemblyResolver.OnResolve: Microsoft.TestPlatform.Extensions.EventLogCollector: Loading assembly 'C:\Program Files\dotnet\sdk\6.0.303\Extensions\Microsoft.TestPlatform.Extensions.EventLogCollector.dll'.
TpTrace Information: 0 : 23096, 1, 2022/08/28, 20:46:53.392, 53630983387, vstest.console.dll, AssemblyResolver.OnResolve: Resolved assembly: Microsoft.TestPlatform.Extensions.EventLogCollector, from path: C:\Program Files\dotnet\sdk\6.0.303\Extensions\Microsoft.TestPlatform.Extensions.EventLogCollector.dll
TpTrace Verbose: 0 : 23096, 1, 2022/08/28, 20:46:53.393, 53630984669, vstest.console.dll, MetadataReaderExtensionsHelper: Discovering extensions inside assembly 'Microsoft.TestPlatform.Extensions.EventLogCollector, Version=15.0.0.0, Culture=neutral, PublicKeyToken=b03f5f7f11d50a3a' file path 'C:\Program Files\dotnet\sdk\6.0.303\Extensions\Microsoft.TestPlatform.Extensions.EventLogCollector.dll'
TpTrace Information: 0 : 23096, 1, 2022/08/28, 20:46:53.398, 53631038607, vstest.console.dll, AssemblyResolver.OnResolve: Microsoft.TestPlatform.TestHostRuntimeProvider: Resolving assembly.
TpTrace Information: 0 : 23096, 1, 2022/08/28, 20:46:53.398, 53631040213, vstest.console.dll, AssemblyResolver.OnResolve: Microsoft.TestPlatform.TestHostRuntimeProvider: Searching in: 'C:\Program Files\dotnet\sdk\6.0.303\Extensions'.
TpTrace Information: 0 : 23096, 1, 2022/08/28, 20:46:53.399, 53631045438, vstest.console.dll, AssemblyResolver.OnResolve: Microsoft.TestPlatform.TestHostRuntimeProvider: Loading assembly 'C:\Program Files\dotnet\sdk\6.0.303\Extensions\Microsoft.TestPlatform.TestHostRuntimeProvider.dll'.
TpTrace Information: 0 : 23096, 1, 2022/08/28, 20:46:53.400, 53631060269, vstest.console.dll, AssemblyResolver.OnResolve: Resolved assembly: Microsoft.TestPlatform.TestHostRuntimeProvider, from path: C:\Program Files\dotnet\sdk\6.0.303\Extensions\Microsoft.TestPlatform.TestHostRuntimeProvider.dll
TpTrace Verbose: 0 : 23096, 1, 2022/08/28, 20:46:53.400, 53631062067, vstest.console.dll, MetadataReaderExtensionsHelper: Discovering extensions inside assembly 'Microsoft.TestPlatform.TestHostRuntimeProvider, Version=15.0.0.0, Culture=neutral, PublicKeyToken=b03f5f7f11d50a3a' file path 'C:\Program Files\dotnet\sdk\6.0.303\Extensions\Microsoft.TestPlatform.TestHostRuntimeProvider.dll'
TpTrace Information: 0 : 23096, 1, 2022/08/28, 20:46:53.403, 53631090329, vstest.console.dll, GetTestExtensionFromType: Register extension with identifier data 'HostProvider://DefaultTestHost' and type 'Microsoft.VisualStudio.TestPlatform.CrossPlatEngine.Hosting.DefaultTestHostManager, Microsoft.TestPlatform.TestHostRuntimeProvider, Version=15.0.0.0, Culture=neutral, PublicKeyToken=b03f5f7f11d50a3a' inside file 'C:\Program Files\dotnet\sdk\6.0.303\Extensions\Microsoft.TestPlatform.TestHostRuntimeProvider.dll'
TpTrace Information: 0 : 23096, 1, 2022/08/28, 20:46:53.403, 53631091792, vstest.console.dll, GetTestExtensionFromType: Register extension with identifier data 'HostProvider://DotnetTestHost' and type 'Microsoft.VisualStudio.TestPlatform.CrossPlatEngine.Hosting.DotnetTestHostManager, Microsoft.TestPlatform.TestHostRuntimeProvider, Version=15.0.0.0, Culture=neutral, PublicKeyToken=b03f5f7f11d50a3a' inside file 'C:\Program Files\dotnet\sdk\6.0.303\Extensions\Microsoft.TestPlatform.TestHostRuntimeProvider.dll'
TpTrace Information: 0 : 23096, 1, 2022/08/28, 20:46:53.403, 53631093054, vstest.console.dll, AssemblyResolver.OnResolve: Microsoft.VisualStudio.TestPlatform.Extensions.Html.TestLogger: Resolving assembly.
TpTrace Information: 0 : 23096, 1, 2022/08/28, 20:46:53.403, 53631093898, vstest.console.dll, AssemblyResolver.OnResolve: Microsoft.VisualStudio.TestPlatform.Extensions.Html.TestLogger: Searching in: 'C:\Program Files\dotnet\sdk\6.0.303\Extensions'.
TpTrace Information: 0 : 23096, 1, 2022/08/28, 20:46:53.404, 53631097814, vstest.console.dll, AssemblyResolver.OnResolve: Microsoft.VisualStudio.TestPlatform.Extensions.Html.TestLogger: Loading assembly 'C:\Program Files\dotnet\sdk\6.0.303\Extensions\Microsoft.VisualStudio.TestPlatform.Extensions.Html.TestLogger.dll'.
TpTrace Information: 0 : 23096, 1, 2022/08/28, 20:46:53.405, 53631111077, vstest.console.dll, AssemblyResolver.OnResolve: Resolved assembly: Microsoft.VisualStudio.TestPlatform.Extensions.Html.TestLogger, from path: C:\Program Files\dotnet\sdk\6.0.303\Extensions\Microsoft.VisualStudio.TestPlatform.Extensions.Html.TestLogger.dll
TpTrace Verbose: 0 : 23096, 1, 2022/08/28, 20:46:53.405, 53631112312, vstest.console.dll, MetadataReaderExtensionsHelper: Discovering extensions inside assembly 'Microsoft.VisualStudio.TestPlatform.Extensions.Html.TestLogger, Version=15.0.0.0, Culture=neutral, PublicKeyToken=b03f5f7f11d50a3a' file path 'C:\Program Files\dotnet\sdk\6.0.303\Extensions\Microsoft.VisualStudio.TestPlatform.Extensions.Html.TestLogger.dll'
TpTrace Information: 0 : 23096, 1, 2022/08/28, 20:46:53.406, 53631120642, vstest.console.dll, AssemblyResolver.OnResolve: Microsoft.VisualStudio.TestPlatform.Extensions.Trx.TestLogger: Resolving assembly.
TpTrace Information: 0 : 23096, 1, 2022/08/28, 20:46:53.406, 53631121490, vstest.console.dll, AssemblyResolver.OnResolve: Microsoft.VisualStudio.TestPlatform.Extensions.Trx.TestLogger: Searching in: 'C:\Program Files\dotnet\sdk\6.0.303\Extensions'.
TpTrace Information: 0 : 23096, 1, 2022/08/28, 20:46:53.407, 53631125588, vstest.console.dll, AssemblyResolver.OnResolve: Microsoft.VisualStudio.TestPlatform.Extensions.Trx.TestLogger: Loading assembly 'C:\Program Files\dotnet\sdk\6.0.303\Extensions\Microsoft.VisualStudio.TestPlatform.Extensions.Trx.TestLogger.dll'.
TpTrace Information: 0 : 23096, 1, 2022/08/28, 20:46:53.408, 53631138151, vstest.console.dll, AssemblyResolver.OnResolve: Resolved assembly: Microsoft.VisualStudio.TestPlatform.Extensions.Trx.TestLogger, from path: C:\Program Files\dotnet\sdk\6.0.303\Extensions\Microsoft.VisualStudio.TestPlatform.Extensions.Trx.TestLogger.dll
TpTrace Verbose: 0 : 23096, 1, 2022/08/28, 20:46:53.408, 53631139323, vstest.console.dll, MetadataReaderExtensionsHelper: Discovering extensions inside assembly 'Microsoft.VisualStudio.TestPlatform.Extensions.Trx.TestLogger, Version=15.0.0.0, Culture=neutral, PublicKeyToken=b03f5f7f11d50a3a' file path 'C:\Program Files\dotnet\sdk\6.0.303\Extensions\Microsoft.VisualStudio.TestPlatform.Extensions.Trx.TestLogger.dll'
TpTrace Verbose: 0 : 23096, 1, 2022/08/28, 20:46:53.410, 53631160874, vstest.console.dll, TestPluginCache: Discovered the extensions using extension path ''.
TpTrace Verbose: 0 : 23096, 1, 2022/08/28, 20:46:53.410, 53631162449, vstest.console.dll, TestPluginCache: Discoverers are ''.
TpTrace Verbose: 0 : 23096, 1, 2022/08/28, 20:46:53.410, 53631163330, vstest.console.dll, TestPluginCache: Executors are ''.
TpTrace Verbose: 0 : 23096, 1, 2022/08/28, 20:46:53.410, 53631164070, vstest.console.dll, TestPluginCache: Executors2 are ''.
TpTrace Verbose: 0 : 23096, 1, 2022/08/28, 20:46:53.411, 53631164704, vstest.console.dll, TestPluginCache: Setting providers are ''.
TpTrace Verbose: 0 : 23096, 1, 2022/08/28, 20:46:53.411, 53631165308, vstest.console.dll, TestPluginCache: Loggers are ''.
TpTrace Verbose: 0 : 23096, 1, 2022/08/28, 20:46:53.411, 53631168722, vstest.console.dll, TestPluginCache: TestHosts are 'HostProvider://DefaultTestHost,HostProvider://DotnetTestHost'.
TpTrace Verbose: 0 : 23096, 1, 2022/08/28, 20:46:53.411, 53631169374, vstest.console.dll, TestPluginCache: DataCollectors are ''.
TpTrace Information: 0 : 23096, 1, 2022/08/28, 20:46:53.434, 53631401499, vstest.console.dll, RunTestsArgumentProcessor:Execute: Test run is starting.
TpTrace Verbose: 0 : 23096, 1, 2022/08/28, 20:46:53.434, 53631403586, vstest.console.dll, RunTestsArgumentProcessor:Execute: Queuing Test run.
TpTrace Information: 0 : 23096, 1, 2022/08/28, 20:46:53.435, 53631408491, vstest.console.dll, TestRequestManager.RunTests: run tests started.
TpTrace Information: 0 : 23096, 1, 2022/08/28, 20:46:53.439, 53631448066, vstest.console.dll, AssemblyMetadataProvider.GetFrameWork: Determined framework:'.NETCoreApp,Version=v3.1' for source: 'C:\Users\michaelmah\OneDrive - Derivco (Pty) Limited\Documents\Training\DevFluence TDD Fundamentals with C#\Example\Example.Tests\bin\Debug\netcoreapp3.1\fine-code-coverage\build-output\Example.Tests.dll'
TpTrace Information: 0 : 23096, 1, 2022/08/28, 20:46:53.439, 53631450988, vstest.console.dll, Determined framework for all sources: .NETCoreApp,Version=v3.1
TpTrace Verbose: 0 : 23096, 1, 2022/08/28, 20:46:53.440, 53631458731, vstest.console.dll, TestRequestManager.UpdateRunSettingsIfRequired: Default architecture: X64 IsDefaultTargetArchitecture: True, Current process architecture: X64 OperatingSystem: Windows.
TpTrace Information: 0 : 23096, 1, 2022/08/28, 20:46:53.441, 53631465422, vstest.console.dll, AssemblyMetadataProvider.GetArchitecture: Determined architecture:AnyCPU info for assembly: C:\Users\michaelmah\OneDrive - Derivco (Pty) Limited\Documents\Training\DevFluence TDD Fundamentals with C#\Example\Example.Tests\bin\Debug\netcoreapp3.1\fine-code-coverage\build-output\Example.Tests.dll
TpTrace Information: 0 : 23096, 1, 2022/08/28, 20:46:53.441, 53631466459, vstest.console.dll, Determined platform for source 'C:\Users\michaelmah\OneDrive - Derivco (Pty) Limited\Documents\Training\DevFluence TDD Fundamentals with C#\Example\Example.Tests\bin\Debug\netcoreapp3.1\fine-code-coverage\build-output\Example.Tests.dll' is 'AnyCPU'
TpTrace Information: 0 : 23096, 1, 2022/08/28, 20:46:53.445, 53631506528, vstest.console.dll, Determined platform for all sources: X64
TpTrace Information: 0 : 23096, 1, 2022/08/28, 20:46:53.445, 53631507831, vstest.console.dll, Infered platform 'X64'.
TpTrace Information: 0 : 23096, 1, 2022/08/28, 20:46:53.445, 53631508398, vstest.console.dll, Platform update to 'X64' required.
TpTrace Information: 0 : 23096, 1, 2022/08/28, 20:46:53.449, 53631548809, vstest.console.dll, Compatible sources list: 
TpTrace Information: 0 : 23096, 1, 2022/08/28, 20:46:53.449, 53631550094, vstest.console.dll, C:\Users\michaelmah\OneDrive - Derivco (Pty) Limited\Documents\Training\DevFluence TDD Fundamentals with C#\Example\Example.Tests\bin\Debug\netcoreapp3.1\fine-code-coverage\build-output\Example.Tests.dll
TpTrace Information: 0 : 23096, 1, 2022/08/28, 20:46:53.453, 53631594499, vstest.console.dll, InferRunSettingsHelper.IsTestSettingsEnabled: Unable to navigate to RunSettings/MSTest. Current node: RunSettings
TpTrace Information: 0 : 23096, 1, 2022/08/28, 20:46:53.455, 53631604986, vstest.console.dll, AssemblyResolver.OnResolve: Microsoft.VisualStudio.TestPlatform.Fakes: Resolving assembly.
TpTrace Information: 0 : 23096, 1, 2022/08/28, 20:46:53.455, 53631605923, vstest.console.dll, AssemblyResolver.OnResolve: Microsoft.VisualStudio.TestPlatform.Fakes: Searching in: 'C:\Program Files\dotnet\sdk\6.0.303\Extensions'.
TpTrace Information: 0 : 23096, 1, 2022/08/28, 20:46:53.455, 53631607487, vstest.console.dll, AssemblyResolver.OnResolve: Microsoft.VisualStudio.TestPlatform.Fakes: Assembly path does not exist: 'C:\Program Files\dotnet\sdk\6.0.303\Extensions\Microsoft.VisualStudio.TestPlatform.Fakes.dll', returning.
TpTrace Information: 0 : 23096, 1, 2022/08/28, 20:46:53.455, 53631608588, vstest.console.dll, AssemblyResolver.OnResolve: Microsoft.VisualStudio.TestPlatform.Fakes: Assembly path does not exist: 'C:\Program Files\dotnet\sdk\6.0.303\Extensions\Microsoft.VisualStudio.TestPlatform.Fakes.exe', returning.
TpTrace Information: 0 : 23096, 1, 2022/08/28, 20:46:53.455, 53631609102, vstest.console.dll, AssemblyResolver.OnResolve: Microsoft.VisualStudio.TestPlatform.Fakes: Searching in: 'C:\Program Files\dotnet\sdk\6.0.303'.
TpTrace Information: 0 : 23096, 1, 2022/08/28, 20:46:53.455, 53631610228, vstest.console.dll, AssemblyResolver.OnResolve: Microsoft.VisualStudio.TestPlatform.Fakes: Assembly path does not exist: 'C:\Program Files\dotnet\sdk\6.0.303\Microsoft.VisualStudio.TestPlatform.Fakes.dll', returning.
TpTrace Information: 0 : 23096, 1, 2022/08/28, 20:46:53.455, 53631612635, vstest.console.dll, AssemblyResolver.OnResolve: Microsoft.VisualStudio.TestPlatform.Fakes: Assembly path does not exist: 'C:\Program Files\dotnet\sdk\6.0.303\Microsoft.VisualStudio.TestPlatform.Fakes.exe', returning.
TpTrace Information: 0 : 23096, 1, 2022/08/28, 20:46:53.455, 53631613356, vstest.console.dll, AssemblyResolver.OnResolve: Microsoft.VisualStudio.TestPlatform.Fakes: Failed to load assembly.
TpTrace Information: 0 : 23096, 1, 2022/08/28, 20:46:53.456, 53631618017, vstest.console.dll, Failed to load assembly Microsoft.VisualStudio.TestPlatform.Fakes, Version=17.0.0.0, Culture=neutral. Reason:System.IO.FileNotFoundException: Could not load file or assembly 'Microsoft.VisualStudio.TestPlatform.Fakes, Version=17.0.0.0, Culture=neutral, PublicKeyToken=null'. The system cannot find the file specified.
File name: 'Microsoft.VisualStudio.TestPlatform.Fakes, Version=17.0.0.0, Culture=neutral, PublicKeyToken=null'
   at System.Reflection.RuntimeAssembly.InternalLoad(ObjectHandleOnStack assemblyName, ObjectHandleOnStack requestingAssembly, StackCrawlMarkHandle stackMark, Boolean throwOnFileNotFound, ObjectHandleOnStack assemblyLoadContext, ObjectHandleOnStack retAssembly)
   at System.Reflection.RuntimeAssembly.InternalLoad(AssemblyName assemblyName, RuntimeAssembly requestingAssembly, StackCrawlMark& stackMark, Boolean throwOnFileNotFound, AssemblyLoadContext assemblyLoadContext)
   at System.Reflection.Assembly.Load(AssemblyName assemblyRef)
   at Microsoft.VisualStudio.TestPlatform.Common.Utilities.FakesUtilities.LoadTestPlatformAssembly()
TpTrace Verbose: 0 : 23096, 1, 2022/08/28, 20:46:53.462, 53631681058, vstest.console.dll, TestPluginCache.DiscoverTestExtensions: finding test extensions in assemblies ends with: TestLogger.dll TPluginInfo: Microsoft.VisualStudio.TestPlatform.Common.ExtensionFramework.Utilities.TestLoggerPluginInformation TExtension: Microsoft.VisualStudio.TestPlatform.ObjectModel.Client.ITestLogger
TpTrace Verbose: 0 : 23096, 1, 2022/08/28, 20:46:53.463, 53631687888, vstest.console.dll, TestPluginCache.GetExtensionPaths: Filtered extension paths: 
TpTrace Verbose: 0 : 23096, 1, 2022/08/28, 20:46:53.463, 53631689132, vstest.console.dll, TestPluginCache.GetExtensionPaths: Added default extension paths: C:\Program Files\dotnet\sdk\6.0.303\Extensions\DumpMinitool.exe
C:\Program Files\dotnet\sdk\6.0.303\Extensions\DumpMinitool.x86.exe
C:\Program Files\dotnet\sdk\6.0.303\Extensions\Microsoft.Diagnostics.NETCore.Client.dll
C:\Program Files\dotnet\sdk\6.0.303\Extensions\Microsoft.TestPlatform.Extensions.BlameDataCollector.dll
C:\Program Files\dotnet\sdk\6.0.303\Extensions\Microsoft.TestPlatform.Extensions.EventLogCollector.dll
C:\Program Files\dotnet\sdk\6.0.303\Extensions\Microsoft.TestPlatform.TestHostRuntimeProvider.dll
C:\Program Files\dotnet\sdk\6.0.303\Extensions\Microsoft.VisualStudio.TestPlatform.Extensions.Html.TestLogger.dll
C:\Program Files\dotnet\sdk\6.0.303\Extensions\Microsoft.VisualStudio.TestPlatform.Extensions.Trx.TestLogger.dll
TpTrace Verbose: 0 : 23096, 1, 2022/08/28, 20:46:53.463, 53631690303, vstest.console.dll, TestPluginCache.GetExtensionPaths: Added unfilterableExtensionPaths: 
TpTrace Information: 0 : 23096, 1, 2022/08/28, 20:46:53.464, 53631694686, vstest.console.dll, AssemblyResolver.AddSearchDirectories: Adding more searchDirectories C:\Program Files\dotnet\sdk\6.0.303\Extensions,C:\Program Files\dotnet\sdk\6.0.303
TpTrace Verbose: 0 : 23096, 1, 2022/08/28, 20:46:53.464, 53631695902, vstest.console.dll, TestPluginCache.DiscoverTestExtensions: Discovering the extensions using extension path.
TpTrace Verbose: 0 : 23096, 1, 2022/08/28, 20:46:53.464, 53631696622, vstest.console.dll, TestPluginCache.GetExtensionPaths: Filtered extension paths: 
TpTrace Verbose: 0 : 23096, 1, 2022/08/28, 20:46:53.464, 53631697090, vstest.console.dll, TestPluginCache.GetExtensionPaths: Added default extension paths: C:\Program Files\dotnet\sdk\6.0.303\Extensions\DumpMinitool.exe
C:\Program Files\dotnet\sdk\6.0.303\Extensions\DumpMinitool.x86.exe
C:\Program Files\dotnet\sdk\6.0.303\Extensions\Microsoft.Diagnostics.NETCore.Client.dll
C:\Program Files\dotnet\sdk\6.0.303\Extensions\Microsoft.TestPlatform.Extensions.BlameDataCollector.dll
C:\Program Files\dotnet\sdk\6.0.303\Extensions\Microsoft.TestPlatform.Extensions.EventLogCollector.dll
C:\Program Files\dotnet\sdk\6.0.303\Extensions\Microsoft.TestPlatform.TestHostRuntimeProvider.dll
C:\Program Files\dotnet\sdk\6.0.303\Extensions\Microsoft.VisualStudio.TestPlatform.Extensions.Html.TestLogger.dll
C:\Program Files\dotnet\sdk\6.0.303\Extensions\Microsoft.VisualStudio.TestPlatform.Extensions.Trx.TestLogger.dll
TpTrace Verbose: 0 : 23096, 1, 2022/08/28, 20:46:53.464, 53631697756, vstest.console.dll, TestPluginCache.GetExtensionPaths: Added unfilterableExtensionPaths: 
TpTrace Verbose: 0 : 23096, 1, 2022/08/28, 20:46:53.464, 53631698301, vstest.console.dll, TestPluginCache.DiscoverTestExtensions: Discovering the extensions using allExtensionPaths: C:\Program Files\dotnet\sdk\6.0.303\Extensions\DumpMinitool.exe
C:\Program Files\dotnet\sdk\6.0.303\Extensions\DumpMinitool.x86.exe
C:\Program Files\dotnet\sdk\6.0.303\Extensions\Microsoft.Diagnostics.NETCore.Client.dll
C:\Program Files\dotnet\sdk\6.0.303\Extensions\Microsoft.TestPlatform.Extensions.BlameDataCollector.dll
C:\Program Files\dotnet\sdk\6.0.303\Extensions\Microsoft.TestPlatform.Extensions.EventLogCollector.dll
C:\Program Files\dotnet\sdk\6.0.303\Extensions\Microsoft.TestPlatform.TestHostRuntimeProvider.dll
C:\Program Files\dotnet\sdk\6.0.303\Extensions\Microsoft.VisualStudio.TestPlatform.Extensions.Html.TestLogger.dll
C:\Program Files\dotnet\sdk\6.0.303\Extensions\Microsoft.VisualStudio.TestPlatform.Extensions.Trx.TestLogger.dll
TpTrace Information: 0 : 23096, 1, 2022/08/28, 20:46:53.464, 53631699177, vstest.console.dll, AssemblyResolver.AddSearchDirectories: Adding more searchDirectories C:\Program Files\dotnet\sdk\6.0.303\Extensions,C:\Program Files\dotnet\sdk\6.0.303
TpTrace Information: 0 : 23096, 1, 2022/08/28, 20:46:53.464, 53631699781, vstest.console.dll, AssemblyResolver.AddSearchDirectories: Adding more searchDirectories C:\Program Files\dotnet\sdk\6.0.303\Extensions,C:\Program Files\dotnet\sdk\6.0.303
TpTrace Information: 0 : 23096, 1, 2022/08/28, 20:46:53.464, 53631700362, vstest.console.dll, AssemblyResolver.AddSearchDirectories: Adding more searchDirectories C:\Program Files\dotnet\sdk\6.0.303\Extensions,C:\Program Files\dotnet\sdk\6.0.303
TpTrace Information: 0 : 23096, 1, 2022/08/28, 20:46:53.464, 53631700856, vstest.console.dll, AssemblyResolver.AddSearchDirectories: Adding more searchDirectories C:\Program Files\dotnet\sdk\6.0.303\Extensions,C:\Program Files\dotnet\sdk\6.0.303
TpTrace Information: 0 : 23096, 1, 2022/08/28, 20:46:53.464, 53631701312, vstest.console.dll, AssemblyResolver.AddSearchDirectories: Adding more searchDirectories C:\Program Files\dotnet\sdk\6.0.303\Extensions,C:\Program Files\dotnet\sdk\6.0.303
TpTrace Information: 0 : 23096, 1, 2022/08/28, 20:46:53.464, 53631701760, vstest.console.dll, AssemblyResolver.AddSearchDirectories: Adding more searchDirectories C:\Program Files\dotnet\sdk\6.0.303\Extensions,C:\Program Files\dotnet\sdk\6.0.303
TpTrace Information: 0 : 23096, 1, 2022/08/28, 20:46:53.464, 53631702306, vstest.console.dll, AssemblyResolver.AddSearchDirectories: Adding more searchDirectories C:\Program Files\dotnet\sdk\6.0.303\Extensions,C:\Program Files\dotnet\sdk\6.0.303
TpTrace Information: 0 : 23096, 1, 2022/08/28, 20:46:53.464, 53631702758, vstest.console.dll, AssemblyResolver.AddSearchDirectories: Adding more searchDirectories C:\Program Files\dotnet\sdk\6.0.303\Extensions,C:\Program Files\dotnet\sdk\6.0.303
TpTrace Verbose: 0 : 23096, 1, 2022/08/28, 20:46:53.465, 53631705688, vstest.console.dll, MetadataReaderExtensionsHelper: Discovering extensions inside assembly 'DumpMinitool, Version=15.0.0.0, Culture=neutral, PublicKeyToken=b03f5f7f11d50a3a' file path 'C:\Program Files\dotnet\sdk\6.0.303\Extensions\DumpMinitool.exe'
TpTrace Verbose: 0 : 23096, 1, 2022/08/28, 20:46:53.465, 53631712321, vstest.console.dll, MetadataReaderExtensionsHelper: Discovering extensions inside assembly 'DumpMinitool.x86, Version=15.0.0.0, Culture=neutral, PublicKeyToken=b03f5f7f11d50a3a' file path 'C:\Program Files\dotnet\sdk\6.0.303\Extensions\DumpMinitool.x86.exe'
TpTrace Verbose: 0 : 23096, 1, 2022/08/28, 20:46:53.466, 53631717281, vstest.console.dll, MetadataReaderExtensionsHelper: Discovering extensions inside assembly 'Microsoft.Diagnostics.NETCore.Client, Version=0.2.5.801, Culture=neutral, PublicKeyToken=31bf3856ad364e35' file path 'C:\Program Files\dotnet\sdk\6.0.303\Extensions\Microsoft.Diagnostics.NETCore.Client.dll'
TpTrace Information: 0 : 23096, 1, 2022/08/28, 20:46:53.466, 53631723481, vstest.console.dll, AssemblyResolver.OnResolve: Microsoft.Bcl.AsyncInterfaces: Resolving assembly.
TpTrace Information: 0 : 23096, 1, 2022/08/28, 20:46:53.466, 53631724249, vstest.console.dll, AssemblyResolver.OnResolve: Microsoft.Bcl.AsyncInterfaces: Resolved from cache.
TpTrace Verbose: 0 : 23096, 1, 2022/08/28, 20:46:53.467, 53631724918, vstest.console.dll, CurrentDomainAssemblyResolve: Resolving assembly 'Microsoft.Bcl.AsyncInterfaces'.
TpTrace Information: 0 : 23096, 1, 2022/08/28, 20:46:53.467, 53631725720, vstest.console.dll, AssemblyResolver.OnResolve: Microsoft.Bcl.AsyncInterfaces: Resolving assembly.
TpTrace Information: 0 : 23096, 1, 2022/08/28, 20:46:53.467, 53631726190, vstest.console.dll, AssemblyResolver.OnResolve: Microsoft.Bcl.AsyncInterfaces: Resolved from cache.
TpTrace Verbose: 0 : 23096, 1, 2022/08/28, 20:46:53.467, 53631726651, vstest.console.dll, CurrentDomainAssemblyResolve: Resolving assembly 'Microsoft.Bcl.AsyncInterfaces'.
TpTrace Verbose: 0 : 23096, 1, 2022/08/28, 20:46:53.467, 53631727070, vstest.console.dll, CurrentDomainAssemblyResolve: Failed to resolve assembly 'Microsoft.Bcl.AsyncInterfaces'.
TpTrace Verbose: 0 : 23096, 1, 2022/08/28, 20:46:53.467, 53631729636, vstest.console.dll, CurrentDomainAssemblyResolve: Failed to resolve assembly 'Microsoft.Bcl.AsyncInterfaces'.
TpTrace Warning: 0 : 23096, 1, 2022/08/28, 20:46:53.468, 53631735595, vstest.console.dll, TestPluginDiscoverer: Failed to get types from assembly 'Microsoft.Diagnostics.NETCore.Client, Version=0.2.5.801, Culture=neutral, PublicKeyToken=31bf3856ad364e35'. Error: System.Reflection.ReflectionTypeLoadException: Unable to load one or more of the requested types.
Could not load file or assembly 'Microsoft.Bcl.AsyncInterfaces, Version=1.0.0.0, Culture=neutral, PublicKeyToken=cc7b13ffcd2ddd51'. The system cannot find the file specified.
   at System.Reflection.RuntimeModule.GetTypes(RuntimeModule module)
   at System.Reflection.Assembly.GetTypes()
   at Microsoft.VisualStudio.TestPlatform.Common.ExtensionFramework.TestPluginDiscoverer.GetTestExtensionsFromAssembly[TPluginInfo,TExtension](Assembly assembly, Dictionary`2 pluginInfos, String filePath)
System.IO.FileNotFoundException: Could not load file or assembly 'Microsoft.Bcl.AsyncInterfaces, Version=1.0.0.0, Culture=neutral, PublicKeyToken=cc7b13ffcd2ddd51'. The system cannot find the file specified.
File name: 'Microsoft.Bcl.AsyncInterfaces, Version=1.0.0.0, Culture=neutral, PublicKeyToken=cc7b13ffcd2ddd51'
 ---> System.IO.FileNotFoundException: Could not load file or assembly 'Microsoft.Bcl.AsyncInterfaces, Culture=neutral, PublicKeyToken=null'. The system cannot find the file specified.
File name: 'Microsoft.Bcl.AsyncInterfaces, Culture=neutral, PublicKeyToken=null'
   at System.Reflection.RuntimeAssembly.InternalLoad(ObjectHandleOnStack assemblyName, ObjectHandleOnStack requestingAssembly, StackCrawlMarkHandle stackMark, Boolean throwOnFileNotFound, ObjectHandleOnStack assemblyLoadContext, ObjectHandleOnStack retAssembly)
   at System.Reflection.RuntimeAssembly.InternalLoad(AssemblyName assemblyName, RuntimeAssembly requestingAssembly, StackCrawlMark& stackMark, Boolean throwOnFileNotFound, AssemblyLoadContext assemblyLoadContext)
   at System.Reflection.Assembly.Load(AssemblyName assemblyRef)
   at Microsoft.VisualStudio.TestPlatform.Common.ExtensionFramework.TestPluginCache.CurrentDomainAssemblyResolve(Object sender, AssemblyResolveEventArgs args)
   at Microsoft.VisualStudio.TestPlatform.PlatformAbstractions.PlatformAssemblyResolver.AssemblyResolverEvent(Object sender, Object eventArgs)
   at System.Runtime.Loader.AssemblyLoadContext.GetFirstResolvedAssemblyFromResolvingEvent(AssemblyName assemblyName)
   at System.Runtime.Loader.AssemblyLoadContext.ResolveUsingEvent(AssemblyName assemblyName)
   at System.Runtime.Loader.AssemblyLoadContext.ResolveUsingResolvingEvent(IntPtr gchManagedAssemblyLoadContext, AssemblyName assemblyName)
TpTrace Warning: 0 : 23096, 1, 2022/08/28, 20:46:53.468, 53631738384, vstest.console.dll, LoaderExceptions: System.IO.FileNotFoundException: Could not load file or assembly 'Microsoft.Bcl.AsyncInterfaces, Version=1.0.0.0, Culture=neutral, PublicKeyToken=cc7b13ffcd2ddd51'. The system cannot find the file specified.
File name: 'Microsoft.Bcl.AsyncInterfaces, Version=1.0.0.0, Culture=neutral, PublicKeyToken=cc7b13ffcd2ddd51'
 ---> System.IO.FileNotFoundException: Could not load file or assembly 'Microsoft.Bcl.AsyncInterfaces, Culture=neutral, PublicKeyToken=null'. The system cannot find the file specified.
File name: 'Microsoft.Bcl.AsyncInterfaces, Culture=neutral, PublicKeyToken=null'
   at System.Reflection.RuntimeAssembly.InternalLoad(ObjectHandleOnStack assemblyName, ObjectHandleOnStack requestingAssembly, StackCrawlMarkHandle stackMark, Boolean throwOnFileNotFound, ObjectHandleOnStack assemblyLoadContext, ObjectHandleOnStack retAssembly)
   at System.Reflection.RuntimeAssembly.InternalLoad(AssemblyName assemblyName, RuntimeAssembly requestingAssembly, StackCrawlMark& stackMark, Boolean throwOnFileNotFound, AssemblyLoadContext assemblyLoadContext)
   at System.Reflection.Assembly.Load(AssemblyName assemblyRef)
   at Microsoft.VisualStudio.TestPlatform.Common.ExtensionFramework.TestPluginCache.CurrentDomainAssemblyResolve(Object sender, AssemblyResolveEventArgs args)
   at Microsoft.VisualStudio.TestPlatform.PlatformAbstractions.PlatformAssemblyResolver.AssemblyResolverEvent(Object sender, Object eventArgs)
   at System.Runtime.Loader.AssemblyLoadContext.GetFirstResolvedAssemblyFromResolvingEvent(AssemblyName assemblyName)
   at System.Runtime.Loader.AssemblyLoadContext.ResolveUsingEvent(AssemblyName assemblyName)
   at System.Runtime.Loader.AssemblyLoadContext.ResolveUsingResolvingEvent(IntPtr gchManagedAssemblyLoadContext, AssemblyName assemblyName)
TpTrace Verbose: 0 : 23096, 1, 2022/08/28, 20:46:53.468, 53631739920, vstest.console.dll, MetadataReaderExtensionsHelper: Discovering extensions inside assembly 'Microsoft.TestPlatform.Extensions.BlameDataCollector, Version=15.0.0.0, Culture=neutral, PublicKeyToken=b03f5f7f11d50a3a' file path 'C:\Program Files\dotnet\sdk\6.0.303\Extensions\Microsoft.TestPlatform.Extensions.BlameDataCollector.dll'
TpTrace Information: 0 : 23096, 1, 2022/08/28, 20:46:53.469, 53631745605, vstest.console.dll, GetTestExtensionFromType: Register extension with identifier data 'logger://Microsoft/TestPlatform/Extensions/Blame/v1' and type 'Microsoft.TestPlatform.Extensions.BlameDataCollector.BlameLogger, Microsoft.TestPlatform.Extensions.BlameDataCollector, Version=15.0.0.0, Culture=neutral, PublicKeyToken=b03f5f7f11d50a3a' inside file 'C:\Program Files\dotnet\sdk\6.0.303\Extensions\Microsoft.TestPlatform.Extensions.BlameDataCollector.dll'
TpTrace Verbose: 0 : 23096, 1, 2022/08/28, 20:46:53.469, 53631746677, vstest.console.dll, MetadataReaderExtensionsHelper: Discovering extensions inside assembly 'Microsoft.TestPlatform.Extensions.EventLogCollector, Version=15.0.0.0, Culture=neutral, PublicKeyToken=b03f5f7f11d50a3a' file path 'C:\Program Files\dotnet\sdk\6.0.303\Extensions\Microsoft.TestPlatform.Extensions.EventLogCollector.dll'
TpTrace Verbose: 0 : 23096, 1, 2022/08/28, 20:46:53.470, 53631754971, vstest.console.dll, MetadataReaderExtensionsHelper: Discovering extensions inside assembly 'Microsoft.TestPlatform.TestHostRuntimeProvider, Version=15.0.0.0, Culture=neutral, PublicKeyToken=b03f5f7f11d50a3a' file path 'C:\Program Files\dotnet\sdk\6.0.303\Extensions\Microsoft.TestPlatform.TestHostRuntimeProvider.dll'
TpTrace Verbose: 0 : 23096, 1, 2022/08/28, 20:46:53.470, 53631759282, vstest.console.dll, MetadataReaderExtensionsHelper: Discovering extensions inside assembly 'Microsoft.VisualStudio.TestPlatform.Extensions.Html.TestLogger, Version=15.0.0.0, Culture=neutral, PublicKeyToken=b03f5f7f11d50a3a' file path 'C:\Program Files\dotnet\sdk\6.0.303\Extensions\Microsoft.VisualStudio.TestPlatform.Extensions.Html.TestLogger.dll'
TpTrace Information: 0 : 23096, 1, 2022/08/28, 20:46:53.470, 53631763182, vstest.console.dll, GetTestExtensionFromType: Register extension with identifier data 'logger://Microsoft/TestPlatform/HtmlLogger/v1' and type 'Microsoft.VisualStudio.TestPlatform.Extensions.HtmlLogger.HtmlLogger, Microsoft.VisualStudio.TestPlatform.Extensions.Html.TestLogger, Version=15.0.0.0, Culture=neutral, PublicKeyToken=b03f5f7f11d50a3a' inside file 'C:\Program Files\dotnet\sdk\6.0.303\Extensions\Microsoft.VisualStudio.TestPlatform.Extensions.Html.TestLogger.dll'
TpTrace Verbose: 0 : 23096, 1, 2022/08/28, 20:46:53.470, 53631764219, vstest.console.dll, MetadataReaderExtensionsHelper: Discovering extensions inside assembly 'Microsoft.VisualStudio.TestPlatform.Extensions.Trx.TestLogger, Version=15.0.0.0, Culture=neutral, PublicKeyToken=b03f5f7f11d50a3a' file path 'C:\Program Files\dotnet\sdk\6.0.303\Extensions\Microsoft.VisualStudio.TestPlatform.Extensions.Trx.TestLogger.dll'
TpTrace Information: 0 : 23096, 1, 2022/08/28, 20:46:53.471, 53631768575, vstest.console.dll, GetTestExtensionFromType: Register extension with identifier data 'logger://Microsoft/TestPlatform/TrxLogger/v1' and type 'Microsoft.VisualStudio.TestPlatform.Extensions.TrxLogger.TrxLogger, Microsoft.VisualStudio.TestPlatform.Extensions.Trx.TestLogger, Version=15.0.0.0, Culture=neutral, PublicKeyToken=b03f5f7f11d50a3a' inside file 'C:\Program Files\dotnet\sdk\6.0.303\Extensions\Microsoft.VisualStudio.TestPlatform.Extensions.Trx.TestLogger.dll'
TpTrace Verbose: 0 : 23096, 1, 2022/08/28, 20:46:53.471, 53631769695, vstest.console.dll, TestPluginCache: Discovered the extensions using extension path ''.
TpTrace Verbose: 0 : 23096, 1, 2022/08/28, 20:46:53.471, 53631770563, vstest.console.dll, TestPluginCache: Discoverers are ''.
TpTrace Verbose: 0 : 23096, 1, 2022/08/28, 20:46:53.471, 53631771492, vstest.console.dll, TestPluginCache: Executors are ''.
TpTrace Verbose: 0 : 23096, 1, 2022/08/28, 20:46:53.471, 53631772122, vstest.console.dll, TestPluginCache: Executors2 are ''.
TpTrace Verbose: 0 : 23096, 1, 2022/08/28, 20:46:53.471, 53631772705, vstest.console.dll, TestPluginCache: Setting providers are ''.
TpTrace Verbose: 0 : 23096, 1, 2022/08/28, 20:46:53.471, 53631773868, vstest.console.dll, TestPluginCache: Loggers are 'logger://Microsoft/TestPlatform/Extensions/Blame/v1,logger://Microsoft/TestPlatform/HtmlLogger/v1,logger://Microsoft/TestPlatform/TrxLogger/v1'.
TpTrace Verbose: 0 : 23096, 1, 2022/08/28, 20:46:53.472, 53631774628, vstest.console.dll, TestPluginCache: TestHosts are 'HostProvider://DefaultTestHost,HostProvider://DotnetTestHost'.
TpTrace Verbose: 0 : 23096, 1, 2022/08/28, 20:46:53.472, 53631775149, vstest.console.dll, TestPluginCache: DataCollectors are ''.
TpTrace Information: 0 : 23096, 1, 2022/08/28, 20:46:53.473, 53631789451, vstest.console.dll, TestPluginManager.CreateTestExtension: Attempting to load test extension: Microsoft.TestPlatform.Extensions.BlameDataCollector.BlameLogger
TpTrace Information: 0 : 23096, 1, 2022/08/28, 20:46:53.481, 53631870350, vstest.console.dll, TestPluginManager.CreateTestExtension: Attempting to load test extension: Microsoft.VisualStudio.TestPlatform.CrossPlatEngine.Hosting.DefaultTestHostManager
TpTrace Information: 0 : 23096, 1, 2022/08/28, 20:46:53.483, 53631890676, vstest.console.dll, TestPluginManager.CreateTestExtension: Attempting to load test extension: Microsoft.VisualStudio.TestPlatform.CrossPlatEngine.Hosting.DotnetTestHostManager
TpTrace Verbose: 0 : 23096, 1, 2022/08/28, 20:46:53.484, 53631900851, vstest.console.dll, TestEngine: Initializing Parallel Execution as MaxCpuCount is set to: 1
TpTrace Information: 0 : 23096, 1, 2022/08/28, 20:46:53.485, 53631909878, vstest.console.dll, InferRunSettingsHelper.IsTestSettingsEnabled: Unable to navigate to RunSettings/MSTest. Current node: RunSettings
TpTrace Verbose: 0 : 23096, 1, 2022/08/28, 20:46:53.487, 53631928016, vstest.console.dll, TestRequestSender is acting as server.
TpTrace Verbose: 0 : 23096, 1, 2022/08/28, 20:46:53.489, 53631947062, vstest.console.dll, TestEngine.GetExecutionManager: Chosen execution manager 'Microsoft.VisualStudio.TestPlatform.CrossPlatEngine.Client.Parallel.ParallelProxyExecutionManager, Microsoft.TestPlatform.CrossPlatEngine, Version=15.0.0.0, Culture=neutral, PublicKeyToken=b03f5f7f11d50a3a' ParallelLevel '1' Shared host 'False'
TpTrace Verbose: 0 : 23096, 5, 2022/08/28, 20:46:53.493, 53631993050, vstest.console.dll, DataCollectionRequestSender.InitializeCommunication : Initialize communication. 
TpTrace Information: 0 : 23096, 5, 2022/08/28, 20:46:53.510, 53632156414, vstest.console.dll, Listening on Endpoint : 127.0.0.1:55683
TpTrace Verbose: 0 : 23096, 5, 2022/08/28, 20:46:53.522, 53632284236, vstest.console.dll, DotnetDataCollectionLauncher: Full path of dotnet.exe is C:\Program Files\dotnet\dotnet.exe
TpTrace Verbose: 0 : 23096, 5, 2022/08/28, 20:46:53.523, 53632287952, vstest.console.dll, DotnetDataCollectionLauncher: Adding  --runtimeconfig "C:\Program Files\dotnet\sdk\6.0.303\datacollector.runtimeconfig.json" in args
TpTrace Verbose: 0 : 23096, 5, 2022/08/28, 20:46:53.523, 53632290295, vstest.console.dll, DotnetDataCollectionLauncher: Adding  --depsfile "C:\Program Files\dotnet\sdk\6.0.303\datacollector.deps.json" in args
TpTrace Information: 0 : 23096, 5, 2022/08/28, 20:46:53.550, 53632558112, vstest.console.dll, ProxyDataCollectionManager.Initialize: Launched datacollector processId: 10116 port: 55683
TpTrace Information: 0 : 23096, 5, 2022/08/28, 20:46:53.550, 53632560848, vstest.console.dll, ProxyDataCollectionManager.Initialize: waiting for connection with timeout: 90 seconds
TpTrace Verbose: 0 : 23096, 5, 2022/08/28, 20:46:53.550, 53632562102, vstest.console.dll, DataCollectionRequestSender.WaitForRequestHandlerConnection : Waiting for connection with timeout: 90000
TpTrace Information: 0 : 23096, 8, 2022/08/28, 20:46:53.850, 53635558621, vstest.console.dll, Using the buffer size of 16384 bytes
TpTrace Verbose: 0 : 23096, 5, 2022/08/28, 20:46:53.850, 53635558896, vstest.console.dll, SocketCommunicationManager.WaitForClientConnection took: 299 ms, with 90000 ms timeout, and finished with True.
TpTrace Information: 0 : 23096, 8, 2022/08/28, 20:46:53.850, 53635560451, vstest.console.dll, Accepted Client request and set the flag
TpTrace Verbose: 0 : 23096, 5, 2022/08/28, 20:46:53.850, 53635562382, vstest.console.dll, ProxyDataCollectionManager.InvokeDataCollectionServiceAction: Starting.
TpTrace Information: 0 : 23096, 5, 2022/08/28, 20:46:53.850, 53635564130, vstest.console.dll, ProxyDataCollectionManager.BeforeTestRunStart: Get environment variable and port for datacollector processId: 10116 port: 55683
TpTrace Verbose: 0 : 23096, 5, 2022/08/28, 20:46:53.851, 53635566202, vstest.console.dll, DataCollectionRequestSender.SendBeforeTestRunStartAndGetResult: Send BeforeTestRunStart message with settingsXml <RunSettings><RunConfiguration><ResultsDirectory>C:\Users\michaelmah\OneDrive - Derivco (Pty) Limited\Documents\Training\DevFluence TDD Fundamentals with C#\Example\Example.Tests\bin\Debug\netcoreapp3.1\fine-code-coverage\coverage-tool-output</ResultsDirectory><TargetPlatform>X64</TargetPlatform><TargetFrameworkVersion>.NETCoreApp,Version=v3.1</TargetFrameworkVersion><DesignMode>False</DesignMode><CollectSourceInformation>False</CollectSourceInformation><TestAdaptersPaths>C:\Program Files\dotnet\sdk\6.0.303\Extensions</TestAdaptersPaths></RunConfiguration><LoggerRunSettings><Loggers><Logger friendlyName="blame" enabled="True" /><Logger friendlyName="Console" uri="logger://microsoft/TestPlatform/ConsoleLogger/v1" assemblyQualifiedName="Microsoft.VisualStudio.TestPlatform.CommandLine.Internal.ConsoleLogger, vstest.console, Version=15.0.0.0, Culture=neutral, PublicKeyToken=b03f5f7f11d50a3a" codeBase="C:\Program Files\dotnet\sdk\6.0.303\vstest.console.dll" enabled="True" /></Loggers></LoggerRunSettings><DataCollectionRunSettings><DataCollectors><DataCollector friendlyName="blame" enabled="True"><Configuration><ResultsDirectory>C:\Users\michaelmah\OneDrive - Derivco (Pty) Limited\Documents\Training\DevFluence TDD Fundamentals with C#\Example\Example.Tests\bin\Debug\netcoreapp3.1\fine-code-coverage\coverage-tool-output</ResultsDirectory></Configuration></DataCollector></DataCollectors></DataCollectionRunSettings></RunSettings> and sources System.Linq.Enumerable+Concat2Iterator`1[System.String]: 
TpTrace Verbose: 0 : 23096, 5, 2022/08/28, 20:46:54.009, 53637150879, vstest.console.dll, DataCollectionRequestSender.SendBeforeTestRunStartAndGetResult: Received message: (DataCollection.SendMessage) -> {
  "FriendlyName": null,
  "Uri": null,
  "TestCaseId": "00000000-0000-0000-0000-000000000000",
  "Message": "Logging DataCollector Diagnostics in file: C:\\Users\\michaelmah\\OneDrive - Derivco (Pty) Limited\\Documents\\Training\\DevFluence TDD Fundamentals with C#\\Example\\Example.Tests\\bin\\Debug\\netcoreapp3.1\\fine-code-coverage\\coverage-tool-output\\diagnostics.datacollector.22-08-28_20-46-53_52239_5.log",
  "Level": 0
}
TpTrace Verbose: 0 : 23096, 5, 2022/08/28, 20:46:54.157, 53638633884, vstest.console.dll, DataCollectionRequestSender.SendBeforeTestRunStartAndGetResult: Received message: (DataCollection.BeforeTestRunStartResult) -> {
  "EnvironmentVariables": {},
  "DataCollectionEventsPort": 55685
}
TpTrace Information: 0 : 23096, 5, 2022/08/28, 20:46:54.166, 53638723709, vstest.console.dll, ProxyDataCollectionManager.BeforeTestRunStart: SendBeforeTestRunStartAndGetResult successful, env variable from datacollector:   and testhost port: 55685
TpTrace Information: 0 : 23096, 5, 2022/08/28, 20:46:54.167, 53638725787, vstest.console.dll, ProxyDataCollectionManager.InvokeDataCollectionServiceAction: Completed.
TpTrace Verbose: 0 : 23096, 1, 2022/08/28, 20:46:54.167, 53638728309, vstest.console.dll, TestRunRequest.ExecuteAsync: Creating test run request.
TpTrace Verbose: 0 : 23096, 1, 2022/08/28, 20:46:54.167, 53638732990, vstest.console.dll, TestRunRequest.ExecuteAsync: Starting.
TpTrace Information: 0 : 23096, 1, 2022/08/28, 20:46:54.168, 53638738169, vstest.console.dll, TestRunRequest.ExecuteAsync: Starting run with settings:TestRunCriteria:
   KeepAlive=False,FrequencyOfRunStatsChangeEvent=10,RunStatsChangeEventTimeout=00:00:01.5000000,TestCaseFilter=,TestExecutorLauncher=
   Settingsxml=<RunSettings>
  <RunConfiguration>
    <ResultsDirectory>C:\Users\michaelmah\OneDrive - Derivco (Pty) Limited\Documents\Training\DevFluence TDD Fundamentals with C#\Example\Example.Tests\bin\Debug\netcoreapp3.1\fine-code-coverage\coverage-tool-output</ResultsDirectory>
    <TargetPlatform>X64</TargetPlatform>
    <TargetFrameworkVersion>.NETCoreApp,Version=v3.1</TargetFrameworkVersion>
    <DesignMode>False</DesignMode>
    <CollectSourceInformation>False</CollectSourceInformation>
  </RunConfiguration>
  <LoggerRunSettings>
    <Loggers>
      <Logger friendlyName="blame" enabled="True" />
      <Logger friendlyName="Console" uri="logger://microsoft/TestPlatform/ConsoleLogger/v1" assemblyQualifiedName="Microsoft.VisualStudio.TestPlatform.CommandLine.Internal.ConsoleLogger, vstest.console, Version=15.0.0.0, Culture=neutral, PublicKeyToken=b03f5f7f11d50a3a" codeBase="C:\Program Files\dotnet\sdk\6.0.303\vstest.console.dll" enabled="True" />
    </Loggers>
  </LoggerRunSettings>
  <DataCollectionRunSettings>
    <DataCollectors>
      <DataCollector friendlyName="blame" enabled="True">
        <Configuration>
          <ResultsDirectory>C:\Users\michaelmah\OneDrive - Derivco (Pty) Limited\Documents\Training\DevFluence TDD Fundamentals with C#\Example\Example.Tests\bin\Debug\netcoreapp3.1\fine-code-coverage\coverage-tool-output</ResultsDirectory>
        </Configuration>
      </DataCollector>
    </DataCollectors>
  </DataCollectionRunSettings>
</RunSettings>

TpTrace Verbose: 0 : 23096, 1, 2022/08/28, 20:46:54.168, 53638739156, vstest.console.dll, TestRunRequest.ExecuteAsync: Wait for the first run request is over.
TpTrace Verbose: 0 : 23096, 1, 2022/08/28, 20:46:54.168, 53638743519, vstest.console.dll, MulticastDelegateUtilities.SafeInvoke: TestRun.TestRunStart: Invoking callbacks was skipped because there are no subscribers.
TpTrace Verbose: 0 : 23096, 1, 2022/08/28, 20:46:54.169, 53638746719, vstest.console.dll, ParallelProxyExecutionManager: Start execution. Total sources: 1
TpTrace Verbose: 0 : 23096, 4, 2022/08/28, 20:46:54.169, 53638747920, vstest.console.dll, MulticastDelegateUtilities.SafeInvoke: InternalTestLoggerEvents.SendTestRunStart: Invoking callback 1/1 for Microsoft.VisualStudio.TestPlatform.CommandLine.Internal.ConsoleLogger.TestRunStartHandler, took 0 ms.
TpTrace Information: 0 : 23096, 1, 2022/08/28, 20:46:54.170, 53638755945, vstest.console.dll, ProxyParallelExecutionManager: Triggering test run for next source: C:\Users\michaelmah\OneDrive - Derivco (Pty) Limited\Documents\Training\DevFluence TDD Fundamentals with C#\Example\Example.Tests\bin\Debug\netcoreapp3.1\fine-code-coverage\build-output\Example.Tests.dll
TpTrace Verbose: 0 : 23096, 5, 2022/08/28, 20:46:54.170, 53638758073, vstest.console.dll, ParallelProxyExecutionManager: Execution started. Started clients: 1
TpTrace Verbose: 0 : 23096, 1, 2022/08/28, 20:46:54.170, 53638758805, vstest.console.dll, ProxyParallelExecutionManager: No sources available for execution.
TpTrace Information: 0 : 23096, 1, 2022/08/28, 20:46:54.170, 53638759572, vstest.console.dll, TestRunRequest.ExecuteAsync: Started.
TpTrace Verbose: 0 : 23096, 1, 2022/08/28, 20:46:54.170, 53638760573, vstest.console.dll, TestRunRequest.WaitForCompletion: Waiting with timeout -1.
TpTrace Verbose: 0 : 23096, 5, 2022/08/28, 20:46:54.170, 53638762195, vstest.console.dll, TestRunRequest:SendTestRunMessage: Starting.
TpTrace Verbose: 0 : 23096, 5, 2022/08/28, 20:46:54.170, 53638764141, vstest.console.dll, MulticastDelegateUtilities.SafeInvoke: TestRun.LogMessages: Invoking callback 1/1 for Microsoft.VisualStudio.TestPlatform.CommandLine.TestRunResultAggregator.TestRunMessageHandler, took 0 ms.
TpTrace Information: 0 : 23096, 5, 2022/08/28, 20:46:54.171, 53638764760, vstest.console.dll, TestRunRequest:SendTestRunMessage: Completed.
TpTrace Verbose: 0 : 23096, 4, 2022/08/28, 20:46:54.171, 53638764619, vstest.console.dll, MulticastDelegateUtilities.SafeInvoke: InternalTestLoggerEvents.SendTestRunMessage: Invoking callback 1/1 for Microsoft.VisualStudio.TestPlatform.CommandLine.Internal.ConsoleLogger.TestMessageHandler, took 0 ms.
TpTrace Verbose: 0 : 23096, 5, 2022/08/28, 20:46:54.171, 53638767649, vstest.console.dll, ProxyExecutionManager: Test host is always Lazy initialize.
TpTrace Verbose: 0 : 23096, 5, 2022/08/28, 20:46:54.171, 53638770435, vstest.console.dll, TestRequestSender.InitializeCommunication: initialize communication. 
TpTrace Information: 0 : 23096, 5, 2022/08/28, 20:46:54.178, 53638841581, vstest.console.dll, SocketServer.Start: Listening on endpoint : 127.0.0.1:55686
TpTrace Verbose: 0 : 23096, 5, 2022/08/28, 20:46:54.180, 53638859885, vstest.console.dll, DotnetTestHostmanager.GetTestHostProcessStartInfo: Platform environment 'X64' target architecture 'X64' framework '.NETCoreApp,Version=v3.1' OS 'Windows'
TpTrace Verbose: 0 : 23096, 5, 2022/08/28, 20:46:54.180, 53638864232, vstest.console.dll, DotnetTestHostmanager: Adding  --runtimeconfig "C:\Users\michaelmah\OneDrive - Derivco (Pty) Limited\Documents\Training\DevFluence TDD Fundamentals with C#\Example\Example.Tests\bin\Debug\netcoreapp3.1\fine-code-coverage\build-output\Example.Tests.runtimeconfig.json" in args
TpTrace Verbose: 0 : 23096, 5, 2022/08/28, 20:46:54.181, 53638866609, vstest.console.dll, DotnetTestHostmanager: Adding  --depsfile "C:\Users\michaelmah\OneDrive - Derivco (Pty) Limited\Documents\Training\DevFluence TDD Fundamentals with C#\Example\Example.Tests\bin\Debug\netcoreapp3.1\fine-code-coverage\build-output\Example.Tests.deps.json" in args
TpTrace Verbose: 0 : 23096, 5, 2022/08/28, 20:46:54.181, 53638872657, vstest.console.dll, DotnetTestHostmanager.IsWinOnArm: Current PROCESSOR_ARCHITECTURE from environment variable 'AMD64'
TpTrace Verbose: 0 : 23096, 5, 2022/08/28, 20:46:54.181, 53638873998, vstest.console.dll, DotnetTestHostmanager.IsWinOnArm: Is Windows on ARM 'False'
TpTrace Verbose: 0 : 23096, 5, 2022/08/28, 20:46:54.182, 53638877339, vstest.console.dll, DotnetTestHostManager: testhost.exe found at path: C:\Users\michaelmah\OneDrive - Derivco (Pty) Limited\Documents\Training\DevFluence TDD Fundamentals with C#\Example\Example.Tests\bin\Debug\netcoreapp3.1\fine-code-coverage\build-output\testhost.exe
TpTrace Verbose: 0 : 23096, 5, 2022/08/28, 20:46:54.182, 53638878402, vstest.console.dll, DotnetTestHostmanager: Full path of host exe is C:\Users\michaelmah\OneDrive - Derivco (Pty) Limited\Documents\Training\DevFluence TDD Fundamentals with C#\Example\Example.Tests\bin\Debug\netcoreapp3.1\fine-code-coverage\build-output\testhost.exe
TpTrace Verbose: 0 : 23096, 5, 2022/08/28, 20:46:54.182, 53638881121, vstest.console.dll, DotnetTestHostmanager.LaunchTestHostAsync: Found 'VSTEST_WINAPPHOST_DOTNET_ROOT' in env variables, value 'C:\Program Files\dotnet', forwarding to 'DOTNET_ROOT'
TpTrace Verbose: 0 : 23096, 7, 2022/08/28, 20:46:54.184, 53638895881, vstest.console.dll, DotnetTestHostManager: Starting process 'C:\Users\michaelmah\OneDrive - Derivco (Pty) Limited\Documents\Training\DevFluence TDD Fundamentals with C#\Example\Example.Tests\bin\Debug\netcoreapp3.1\fine-code-coverage\build-output\testhost.exe' with command line ' --runtimeconfig "C:\Users\michaelmah\OneDrive - Derivco (Pty) Limited\Documents\Training\DevFluence TDD Fundamentals with C#\Example\Example.Tests\bin\Debug\netcoreapp3.1\fine-code-coverage\build-output\Example.Tests.runtimeconfig.json" --depsfile "C:\Users\michaelmah\OneDrive - Derivco (Pty) Limited\Documents\Training\DevFluence TDD Fundamentals with C#\Example\Example.Tests\bin\Debug\netcoreapp3.1\fine-code-coverage\build-output\Example.Tests.deps.json" --port 55686 --endpoint 127.0.0.1:055686 --role client --parentprocessid 23096 --diag "C:\Users\michaelmah\OneDrive - Derivco (Pty) Limited\Documents\Training\DevFluence TDD Fundamentals with C#\Example\Example.Tests\bin\Debug\netcoreapp3.1\fine-code-coverage\coverage-tool-output\diagnostics.host.22-08-28_20-46-54_17974_5.log" --tracelevel 4 --datacollectionport 55685 --telemetryoptedin false'
TpTrace Verbose: 0 : 23096, 7, 2022/08/28, 20:46:54.199, 53639046541, vstest.console.dll, MulticastDelegateUtilities.SafeInvoke: HostProviderEvents.OnHostLaunched: Invoking callback 1/2 for Microsoft.VisualStudio.TestPlatform.CrossPlatEngine.Client.ProxyExecutionManagerWithDataCollection.TestHostLaunchedHandler, took 1 ms.
TpTrace Verbose: 0 : 23096, 7, 2022/08/28, 20:46:54.199, 53639048173, vstest.console.dll, Test Runtime launched
TpTrace Verbose: 0 : 23096, 7, 2022/08/28, 20:46:54.199, 53639049080, vstest.console.dll, MulticastDelegateUtilities.SafeInvoke: HostProviderEvents.OnHostLaunched: Invoking callback 2/2 for Microsoft.VisualStudio.TestPlatform.CrossPlatEngine.Client.ProxyOperationManager.TestHostManagerHostLaunched, took 0 ms.
TpTrace Verbose: 0 : 23096, 5, 2022/08/28, 20:46:54.200, 53639058287, vstest.console.dll, TestRequestSender.WaitForRequestHandlerConnection: waiting for connection with timeout: 90000.
TpTrace Verbose: 0 : 23096, 7, 2022/08/28, 20:46:54.605, 53643108292, vstest.console.dll, MulticastDelegateUtilities.SafeInvoke: SocketServer: ClientConnected: Invoking callback 1/1 for Microsoft.VisualStudio.TestPlatform.CommunicationUtilities.TestRequestSender.<InitializeCommunication>b__23_0, took 0 ms.
TpTrace Verbose: 0 : 23096, 5, 2022/08/28, 20:46:54.605, 53643108498, vstest.console.dll, TestRequestSender.WaitForRequestHandlerConnection: waiting took 404 ms, with timeout 90000 ms, and result 0, which is success.
TpTrace Verbose: 0 : 23096, 7, 2022/08/28, 20:46:54.605, 53643110115, vstest.console.dll, SocketServer.OnClientConnected: Client connected for endPoint: 127.0.0.1:55686, starting MessageLoopAsync:
TpTrace Verbose: 0 : 23096, 14, 2022/08/28, 20:46:54.606, 53643116084, vstest.console.dll, TcpClientExtensions.MessageLoopAsync: Polling on remoteEndPoint: 127.0.0.1:55687 localEndPoint: 127.0.0.1:55686
TpTrace Verbose: 0 : 23096, 5, 2022/08/28, 20:46:54.607, 53643128793, vstest.console.dll, TestRequestSender.CheckVersionWithTestHost: Sending check version message: {"MessageType":"ProtocolVersion","Payload":6}
TpTrace Verbose: 0 : 23096, 14, 2022/08/28, 20:46:54.925, 53646312788, vstest.console.dll, TcpClientExtensions.MessageLoopAsync: NotifyDataAvailable remoteEndPoint: 127.0.0.1:55687 localEndPoint: 127.0.0.1:55686
TpTrace Verbose: 0 : 23096, 14, 2022/08/28, 20:46:54.926, 53646318032, vstest.console.dll, TestRequestSender.CheckVersionWithTestHost: onMessageReceived received message: (ProtocolVersion) -> 6
TpTrace Verbose: 0 : 23096, 14, 2022/08/28, 20:46:54.927, 53646326042, vstest.console.dll, MulticastDelegateUtilities.SafeInvoke: LengthPrefixCommunicationChannel: MessageReceived: Invoking callback 1/1 for Microsoft.VisualStudio.TestPlatform.CommunicationUtilities.TestRequestSender+<>c__DisplayClass25_0.<CheckVersionWithTestHost>b__0, took 1 ms.
TpTrace Verbose: 0 : 23096, 5, 2022/08/28, 20:46:54.927, 53646327623, vstest.console.dll, TestPluginCache.GetExtensionPaths: Filtered extension paths: 
TpTrace Verbose: 0 : 23096, 14, 2022/08/28, 20:46:54.927, 53646327983, vstest.console.dll, TcpClientExtensions.MessageLoopAsync: Polling on remoteEndPoint: 127.0.0.1:55687 localEndPoint: 127.0.0.1:55686
TpTrace Verbose: 0 : 23096, 5, 2022/08/28, 20:46:54.927, 53646329024, vstest.console.dll, TestPluginCache.GetExtensionPaths: Added default extension paths: C:\Program Files\dotnet\sdk\6.0.303\Extensions\DumpMinitool.exe
C:\Program Files\dotnet\sdk\6.0.303\Extensions\DumpMinitool.x86.exe
C:\Program Files\dotnet\sdk\6.0.303\Extensions\Microsoft.Diagnostics.NETCore.Client.dll
C:\Program Files\dotnet\sdk\6.0.303\Extensions\Microsoft.TestPlatform.Extensions.BlameDataCollector.dll
C:\Program Files\dotnet\sdk\6.0.303\Extensions\Microsoft.TestPlatform.Extensions.EventLogCollector.dll
C:\Program Files\dotnet\sdk\6.0.303\Extensions\Microsoft.TestPlatform.TestHostRuntimeProvider.dll
C:\Program Files\dotnet\sdk\6.0.303\Extensions\Microsoft.VisualStudio.TestPlatform.Extensions.Html.TestLogger.dll
C:\Program Files\dotnet\sdk\6.0.303\Extensions\Microsoft.VisualStudio.TestPlatform.Extensions.Trx.TestLogger.dll
TpTrace Verbose: 0 : 23096, 5, 2022/08/28, 20:46:54.927, 53646331509, vstest.console.dll, TestPluginCache.GetExtensionPaths: Added unfilterableExtensionPaths: 
TpTrace Verbose: 0 : 23096, 5, 2022/08/28, 20:46:54.938, 53646440979, vstest.console.dll, TestRequestSender.InitializeExecution: Sending initialize execution with message: {"Version":6,"MessageType":"TestExecution.Initialize","Payload":["C:\\Users\\michaelmah\\OneDrive - Derivco (Pty) Limited\\Documents\\Training\\DevFluence TDD Fundamentals with C#\\Example\\Example.Tests\\bin\\Debug\\netcoreapp3.1\\fine-code-coverage\\build-output\\NUnit3.TestAdapter.dll"]}
TpTrace Warning: 0 : 23096, 5, 2022/08/28, 20:46:54.939, 53646449019, vstest.console.dll, InferRunSettingsHelper.MakeRunsettingsCompatible: Removing the following settings: TargetPlatform from RunSettings file. To use those settings please move to latest version of Microsoft.NET.Test.Sdk
TpTrace Verbose: 0 : 23096, 14, 2022/08/28, 20:46:54.948, 53646542023, vstest.console.dll, TcpClientExtensions.MessageLoopAsync: NotifyDataAvailable remoteEndPoint: 127.0.0.1:55687 localEndPoint: 127.0.0.1:55686
TpTrace Verbose: 0 : 23096, 14, 2022/08/28, 20:46:54.949, 53646547198, vstest.console.dll, TestRequestSender.OnExecutionMessageReceived: Received message: {"Version":6,"MessageType":"TestSession.Message","Payload":{"MessageLevel":0,"Message":"Logging TestHost Diagnostics in file: C:\\Users\\michaelmah\\OneDrive - Derivco (Pty) Limited\\Documents\\Training\\DevFluence TDD Fundamentals with C#\\Example\\Example.Tests\\bin\\Debug\\netcoreapp3.1\\fine-code-coverage\\coverage-tool-output\\diagnostics.host.22-08-28_20-46-54_17974_5.log"}}
TpTrace Verbose: 0 : 23096, 14, 2022/08/28, 20:46:54.955, 53646608000, vstest.console.dll, TestRunRequest:SendTestRunMessage: Starting.
TpTrace Verbose: 0 : 23096, 14, 2022/08/28, 20:46:54.955, 53646611074, vstest.console.dll, MulticastDelegateUtilities.SafeInvoke: TestRun.LogMessages: Invoking callback 1/1 for Microsoft.VisualStudio.TestPlatform.CommandLine.TestRunResultAggregator.TestRunMessageHandler, took 0 ms.
TpTrace Verbose: 0 : 23096, 4, 2022/08/28, 20:46:54.955, 53646611335, vstest.console.dll, MulticastDelegateUtilities.SafeInvoke: InternalTestLoggerEvents.SendTestRunMessage: Invoking callback 1/1 for Microsoft.VisualStudio.TestPlatform.CommandLine.Internal.ConsoleLogger.TestMessageHandler, took 0 ms.
TpTrace Information: 0 : 23096, 14, 2022/08/28, 20:46:54.955, 53646612192, vstest.console.dll, TestRunRequest:SendTestRunMessage: Completed.
TpTrace Verbose: 0 : 23096, 14, 2022/08/28, 20:46:54.955, 53646614160, vstest.console.dll, MulticastDelegateUtilities.SafeInvoke: LengthPrefixCommunicationChannel: MessageReceived: Invoking callback 1/1 for Microsoft.VisualStudio.TestPlatform.CommunicationUtilities.TestRequestSender+<>c__DisplayClass30_0.<StartTestRun>b__1, took 6 ms.
TpTrace Verbose: 0 : 23096, 14, 2022/08/28, 20:46:54.956, 53646614745, vstest.console.dll, TcpClientExtensions.MessageLoopAsync: Polling on remoteEndPoint: 127.0.0.1:55687 localEndPoint: 127.0.0.1:55686
TpTrace Verbose: 0 : 23096, 5, 2022/08/28, 20:46:54.967, 53646727323, vstest.console.dll, TestRequestSender.StartTestRun: Sending test run with message: {"Version":6,"MessageType":"TestExecution.StartWithSources","Payload":{"AdapterSourceMap":{"_none_":["C:\\Users\\michaelmah\\OneDrive - Derivco (Pty) Limited\\Documents\\Training\\DevFluence TDD Fundamentals with C#\\Example\\Example.Tests\\bin\\Debug\\netcoreapp3.1\\fine-code-coverage\\build-output\\Example.Tests.dll"]},"RunSettings":"<RunSettings>\r\n  <RunConfiguration>\r\n    <ResultsDirectory>C:\\Users\\michaelmah\\OneDrive - Derivco (Pty) Limited\\Documents\\Training\\DevFluence TDD Fundamentals with C#\\Example\\Example.Tests\\bin\\Debug\\netcoreapp3.1\\fine-code-coverage\\coverage-tool-output</ResultsDirectory>\r\n    <TargetFrameworkVersion>.NETCoreApp,Version=v3.1</TargetFrameworkVersion>\r\n    <DesignMode>False</DesignMode>\r\n    <CollectSourceInformation>False</CollectSourceInformation>\r\n  </RunConfiguration>\r\n  <LoggerRunSettings>\r\n    <Loggers>\r\n      <Logger friendlyName=\"blame\" enabled=\"True\" />\r\n      <Logger friendlyName=\"Console\" uri=\"logger://microsoft/TestPlatform/ConsoleLogger/v1\" assemblyQualifiedName=\"Microsoft.VisualStudio.TestPlatform.CommandLine.Internal.ConsoleLogger, vstest.console, Version=15.0.0.0, Culture=neutral, PublicKeyToken=b03f5f7f11d50a3a\" codeBase=\"C:\\Program Files\\dotnet\\sdk\\6.0.303\\vstest.console.dll\" enabled=\"True\" />\r\n    </Loggers>\r\n  </LoggerRunSettings>\r\n  <DataCollectionRunSettings>\r\n    <DataCollectors>\r\n      <DataCollector friendlyName=\"blame\" enabled=\"True\">\r\n        <Configuration>\r\n          <ResultsDirectory>C:\\Users\\michaelmah\\OneDrive - Derivco (Pty) Limited\\Documents\\Training\\DevFluence TDD Fundamentals with C#\\Example\\Example.Tests\\bin\\Debug\\netcoreapp3.1\\fine-code-coverage\\coverage-tool-output</ResultsDirectory>\r\n        </Configuration>\r\n      </DataCollector>\r\n    </DataCollectors>\r\n  </DataCollectionRunSettings>\r\n</RunSettings>","TestExecutionContext":{"FrequencyOfRunStatsChangeEvent":10,"RunStatsChangeEventTimeout":"00:00:01.5000000","InIsolation":false,"KeepAlive":false,"AreTestCaseLevelEventsRequired":false,"IsDebug":false,"TestCaseFilter":null,"FilterOptions":null},"Package":null}}
TpTrace Verbose: 0 : 23096, 14, 2022/08/28, 20:46:55.677, 53653828647, vstest.console.dll, TcpClientExtensions.MessageLoopAsync: NotifyDataAvailable remoteEndPoint: 127.0.0.1:55687 localEndPoint: 127.0.0.1:55686
TpTrace Verbose: 0 : 23096, 14, 2022/08/28, 20:46:55.677, 53653832132, vstest.console.dll, TestRequestSender.OnExecutionMessageReceived: Received message: {"Version":6,"MessageType":"TestSession.Message","Payload":{"MessageLevel":0,"Message":"NUnit Adapter 4.2.0.0: Test execution started"}}
TpTrace Verbose: 0 : 23096, 14, 2022/08/28, 20:46:55.678, 53653839512, vstest.console.dll, TestRunRequest:SendTestRunMessage: Starting.
TpTrace Verbose: 0 : 23096, 14, 2022/08/28, 20:46:55.678, 53653841581, vstest.console.dll, MulticastDelegateUtilities.SafeInvoke: TestRun.LogMessages: Invoking callback 1/1 for Microsoft.VisualStudio.TestPlatform.CommandLine.TestRunResultAggregator.TestRunMessageHandler, took 0 ms.
TpTrace Verbose: 0 : 23096, 4, 2022/08/28, 20:46:55.678, 53653841922, vstest.console.dll, MulticastDelegateUtilities.SafeInvoke: InternalTestLoggerEvents.SendTestRunMessage: Invoking callback 1/1 for Microsoft.VisualStudio.TestPlatform.CommandLine.Internal.ConsoleLogger.TestMessageHandler, took 0 ms.
TpTrace Information: 0 : 23096, 14, 2022/08/28, 20:46:55.678, 53653842509, vstest.console.dll, TestRunRequest:SendTestRunMessage: Completed.
TpTrace Verbose: 0 : 23096, 14, 2022/08/28, 20:46:55.679, 53653845033, vstest.console.dll, MulticastDelegateUtilities.SafeInvoke: LengthPrefixCommunicationChannel: MessageReceived: Invoking callback 1/1 for Microsoft.VisualStudio.TestPlatform.CommunicationUtilities.TestRequestSender+<>c__DisplayClass30_0.<StartTestRun>b__1, took 1 ms.
TpTrace Verbose: 0 : 23096, 14, 2022/08/28, 20:46:55.679, 53653845935, vstest.console.dll, TcpClientExtensions.MessageLoopAsync: Polling on remoteEndPoint: 127.0.0.1:55687 localEndPoint: 127.0.0.1:55686
TpTrace Verbose: 0 : 23096, 14, 2022/08/28, 20:46:55.791, 53654973708, vstest.console.dll, TcpClientExtensions.MessageLoopAsync: NotifyDataAvailable remoteEndPoint: 127.0.0.1:55687 localEndPoint: 127.0.0.1:55686
TpTrace Verbose: 0 : 23096, 14, 2022/08/28, 20:46:55.792, 53654976233, vstest.console.dll, TestRequestSender.OnExecutionMessageReceived: Received message: {"Version":6,"MessageType":"TestSession.Message","Payload":{"MessageLevel":0,"Message":"Running all tests in C:\\Users\\michaelmah\\OneDrive - Derivco (Pty) Limited\\Documents\\Training\\DevFluence TDD Fundamentals with C#\\Example\\Example.Tests\\bin\\Debug\\netcoreapp3.1\\fine-code-coverage\\build-output\\Example.Tests.dll"}}
TpTrace Verbose: 0 : 23096, 14, 2022/08/28, 20:46:55.792, 53654979894, vstest.console.dll, TestRunRequest:SendTestRunMessage: Starting.
TpTrace Verbose: 0 : 23096, 14, 2022/08/28, 20:46:55.792, 53654981062, vstest.console.dll, MulticastDelegateUtilities.SafeInvoke: TestRun.LogMessages: Invoking callback 1/1 for Microsoft.VisualStudio.TestPlatform.CommandLine.TestRunResultAggregator.TestRunMessageHandler, took 0 ms.
TpTrace Verbose: 0 : 23096, 4, 2022/08/28, 20:46:55.792, 53654981173, vstest.console.dll, MulticastDelegateUtilities.SafeInvoke: InternalTestLoggerEvents.SendTestRunMessage: Invoking callback 1/1 for Microsoft.VisualStudio.TestPlatform.CommandLine.Internal.ConsoleLogger.TestMessageHandler, took 0 ms.
TpTrace Information: 0 : 23096, 14, 2022/08/28, 20:46:55.792, 53654981965, vstest.console.dll, TestRunRequest:SendTestRunMessage: Completed.
TpTrace Verbose: 0 : 23096, 14, 2022/08/28, 20:46:55.792, 53654984223, vstest.console.dll, MulticastDelegateUtilities.SafeInvoke: LengthPrefixCommunicationChannel: MessageReceived: Invoking callback 1/1 for Microsoft.VisualStudio.TestPlatform.CommunicationUtilities.TestRequestSender+<>c__DisplayClass30_0.<StartTestRun>b__1, took 0 ms.
TpTrace Verbose: 0 : 23096, 14, 2022/08/28, 20:46:55.793, 53654984948, vstest.console.dll, TcpClientExtensions.MessageLoopAsync: Polling on remoteEndPoint: 127.0.0.1:55687 localEndPoint: 127.0.0.1:55686
TpTrace Verbose: 0 : 23096, 14, 2022/08/28, 20:46:56.112, 53658182245, vstest.console.dll, TcpClientExtensions.MessageLoopAsync: NotifyDataAvailable remoteEndPoint: 127.0.0.1:55687 localEndPoint: 127.0.0.1:55686
TpTrace Verbose: 0 : 23096, 14, 2022/08/28, 20:46:56.112, 53658184259, vstest.console.dll, TestRequestSender.OnExecutionMessageReceived: Received message: {"Version":6,"MessageType":"TestSession.Message","Payload":{"MessageLevel":0,"Message":"   NUnit3TestExecutor discovered 1 of 1 NUnit test cases using Current Discovery mode, Non-Explicit run"}}
TpTrace Verbose: 0 : 23096, 14, 2022/08/28, 20:46:56.113, 53658187317, vstest.console.dll, TestRunRequest:SendTestRunMessage: Starting.
TpTrace Verbose: 0 : 23096, 14, 2022/08/28, 20:46:56.113, 53658188364, vstest.console.dll, MulticastDelegateUtilities.SafeInvoke: TestRun.LogMessages: Invoking callback 1/1 for Microsoft.VisualStudio.TestPlatform.CommandLine.TestRunResultAggregator.TestRunMessageHandler, took 0 ms.
TpTrace Verbose: 0 : 23096, 4, 2022/08/28, 20:46:56.113, 53658188625, vstest.console.dll, MulticastDelegateUtilities.SafeInvoke: InternalTestLoggerEvents.SendTestRunMessage: Invoking callback 1/1 for Microsoft.VisualStudio.TestPlatform.CommandLine.Internal.ConsoleLogger.TestMessageHandler, took 0 ms.
TpTrace Information: 0 : 23096, 14, 2022/08/28, 20:46:56.113, 53658189301, vstest.console.dll, TestRunRequest:SendTestRunMessage: Completed.
TpTrace Verbose: 0 : 23096, 14, 2022/08/28, 20:46:56.113, 53658191126, vstest.console.dll, MulticastDelegateUtilities.SafeInvoke: LengthPrefixCommunicationChannel: MessageReceived: Invoking callback 1/1 for Microsoft.VisualStudio.TestPlatform.CommunicationUtilities.TestRequestSender+<>c__DisplayClass30_0.<StartTestRun>b__1, took 0 ms.
TpTrace Verbose: 0 : 23096, 14, 2022/08/28, 20:46:56.113, 53658191733, vstest.console.dll, TcpClientExtensions.MessageLoopAsync: Polling on remoteEndPoint: 127.0.0.1:55687 localEndPoint: 127.0.0.1:55686
TpTrace Verbose: 0 : 23096, 14, 2022/08/28, 20:46:56.419, 53661246978, vstest.console.dll, TcpClientExtensions.MessageLoopAsync: NotifyDataAvailable remoteEndPoint: 127.0.0.1:55687 localEndPoint: 127.0.0.1:55686
TpTrace Verbose: 0 : 23096, 14, 2022/08/28, 20:46:56.419, 53661249665, vstest.console.dll, TestRequestSender.OnExecutionMessageReceived: Received message: {"Version":6,"MessageType":"TestSession.Message","Payload":{"MessageLevel":0,"Message":"NUnit Adapter 4.2.0.0: Test execution complete"}}
TpTrace Verbose: 0 : 23096, 14, 2022/08/28, 20:46:56.419, 53661253565, vstest.console.dll, TestRunRequest:SendTestRunMessage: Starting.
TpTrace Verbose: 0 : 23096, 14, 2022/08/28, 20:46:56.420, 53661254849, vstest.console.dll, MulticastDelegateUtilities.SafeInvoke: TestRun.LogMessages: Invoking callback 1/1 for Microsoft.VisualStudio.TestPlatform.CommandLine.TestRunResultAggregator.TestRunMessageHandler, took 0 ms.
TpTrace Verbose: 0 : 23096, 4, 2022/08/28, 20:46:56.420, 53661255167, vstest.console.dll, MulticastDelegateUtilities.SafeInvoke: InternalTestLoggerEvents.SendTestRunMessage: Invoking callback 1/1 for Microsoft.VisualStudio.TestPlatform.CommandLine.Internal.ConsoleLogger.TestMessageHandler, took 0 ms.
TpTrace Information: 0 : 23096, 14, 2022/08/28, 20:46:56.420, 53661255695, vstest.console.dll, TestRunRequest:SendTestRunMessage: Completed.
TpTrace Verbose: 0 : 23096, 14, 2022/08/28, 20:46:56.420, 53661257740, vstest.console.dll, MulticastDelegateUtilities.SafeInvoke: LengthPrefixCommunicationChannel: MessageReceived: Invoking callback 1/1 for Microsoft.VisualStudio.TestPlatform.CommunicationUtilities.TestRequestSender+<>c__DisplayClass30_0.<StartTestRun>b__1, took 0 ms.
TpTrace Verbose: 0 : 23096, 14, 2022/08/28, 20:46:56.420, 53661258522, vstest.console.dll, TcpClientExtensions.MessageLoopAsync: Polling on remoteEndPoint: 127.0.0.1:55687 localEndPoint: 127.0.0.1:55686
TpTrace Verbose: 0 : 23096, 14, 2022/08/28, 20:46:56.526, 53662322104, vstest.console.dll, TcpClientExtensions.MessageLoopAsync: NotifyDataAvailable remoteEndPoint: 127.0.0.1:55687 localEndPoint: 127.0.0.1:55686
TpTrace Verbose: 0 : 23096, 14, 2022/08/28, 20:46:56.527, 53662325808, vstest.console.dll, TestRequestSender.OnExecutionMessageReceived: Received message: {"Version":6,"MessageType":"TestExecution.Completed","Payload":{"TestRunCompleteArgs":{"TestRunStatistics":{"ExecutedTests":1,"Stats":{"Passed":1}},"IsCanceled":false,"IsAborted":false,"Error":null,"AttachmentSets":[],"InvokedDataCollectors":[],"ElapsedTimeInRunningTests":"00:00:00.8358404","Metrics":{},"DiscoveredExtensions":{"TestDiscoverers":["NUnit.VisualStudio.TestAdapter.NUnit3TestDiscoverer, NUnit3.TestAdapter, Version=4.2.0.0, Culture=neutral, PublicKeyToken=4cb40d35494691ac"],"TestExecutors":["executor://NUnit3TestExecutor"],"TestExecutors2":[],"TestSettingsProviders":[]}},"LastRunTests":{"NewTestResults":[{"TestCase":{"Id":"6e14504f-ceb1-1abe-4bbe-2b0bcede6bce","FullyQualifiedName":"Example.Tests.ExampleTests.Learning","DisplayName":"Learning","ExecutorUri":"executor://NUnit3TestExecutor","Source":"C:\\Users\\michaelmah\\OneDrive - Derivco (Pty) Limited\\Documents\\Training\\DevFluence TDD Fundamentals with C#\\Example\\Example.Tests\\bin\\Debug\\netcoreapp3.1\\fine-code-coverage\\build-output\\Example.Tests.dll","CodeFilePath":null,"LineNumber":0,"Properties":[{"Key":{"Id":"NUnit.Seed","Label":"Seed","Category":"","Description":"","Attributes":0,"ValueType":"System.String"},"Value":"812502805"}]},"Attachments":[],"Outcome":1,"ErrorMessage":null,"ErrorStackTrace":null,"DisplayName":"Learning","Messages":[],"ComputerName":"ZCTMICMAHL1","Duration":"00:00:00.0781850","StartTime":"2022-08-28T18:46:56.1760878+00:00","EndTime":"2022-08-28T18:46:56.2540994+00:00","Properties":[{"Key":{"Id":"NUnit.Seed","Label":"Seed","Category":"","Description":"","Attributes":0,"ValueType":"System.String"},"Value":"812502805"}]}],"TestRunStatistics":{"ExecutedTests":1,"Stats":{"Passed":1}},"ActiveTests":[]},"RunAttachments":[],"ExecutorUris":["executor://nunit3testexecutor/"]}}
TpTrace Verbose: 0 : 23096, 14, 2022/08/28, 20:46:56.531, 53662371173, vstest.console.dll, TestRequestSender.EndSession: Sending end session.
TpTrace Verbose: 0 : 23096, 14, 2022/08/28, 20:46:56.532, 53662376630, vstest.console.dll, ProxyOperationManager.Close: waiting for test host to exit for 100 ms
TpTrace Warning: 0 : 23096, 13, 2022/08/28, 20:46:56.570, 53662762458, vstest.console.dll, TestHostManagerCallbacks.ErrorReceivedCallback Test host standard error line: 
TpTrace Verbose: 0 : 23096, 13, 2022/08/28, 20:46:56.582, 53662883642, vstest.console.dll, TestHostProvider.ExitCallBack: Host exited starting callback.
TpTrace Information: 0 : 23096, 13, 2022/08/28, 20:46:56.583, 53662890637, vstest.console.dll, TestHostManagerCallbacks.ExitCallBack: Testhost processId: 20368 exited with exitcode: 0 error: ''
TpTrace Verbose: 0 : 23096, 13, 2022/08/28, 20:46:56.583, 53662891483, vstest.console.dll, DotnetTestHostManager.OnHostExited: invoking OnHostExited callback
TpTrace Verbose: 0 : 23096, 13, 2022/08/28, 20:46:56.583, 53662892274, vstest.console.dll, CrossPlatEngine.TestHostManagerHostExited: calling on client process exit callback.
TpTrace Information: 0 : 23096, 13, 2022/08/28, 20:46:56.583, 53662893030, vstest.console.dll, TestRequestSender.OnClientProcessExit: Test host process exited. Standard error: 
TpTrace Information: 0 : 23096, 14, 2022/08/28, 20:46:56.583, 53662893432, vstest.console.dll, SocketServer.Stop: Stop server endPoint: 127.0.0.1:55686
TpTrace Information: 0 : 23096, 13, 2022/08/28, 20:46:56.583, 53662893595, vstest.console.dll, SocketServer.Stop: Stop server endPoint: 127.0.0.1:55686
TpTrace Information: 0 : 23096, 14, 2022/08/28, 20:46:56.583, 53662894327, vstest.console.dll, SocketServer.Stop: Cancellation requested. Stopping message loop.
TpTrace Information: 0 : 23096, 13, 2022/08/28, 20:46:56.584, 53662894866, vstest.console.dll, SocketServer.Stop: Cancellation requested. Stopping message loop.
TpTrace Verbose: 0 : 23096, 13, 2022/08/28, 20:46:56.584, 53662896219, vstest.console.dll, MulticastDelegateUtilities.SafeInvoke: HostProviderEvents.OnHostExited: Invoking callback 1/1 for Microsoft.VisualStudio.TestPlatform.CrossPlatEngine.Client.ProxyOperationManager.TestHostManagerHostExited, took 0 ms.
TpTrace Information: 0 : 23096, 14, 2022/08/28, 20:46:56.584, 53662896704, vstest.console.dll, Closing the connection
TpTrace Verbose: 0 : 23096, 14, 2022/08/28, 20:46:56.584, 53662902036, vstest.console.dll, ProxyDataCollectionManager.InvokeDataCollectionServiceAction: Starting.
TpTrace Information: 0 : 23096, 14, 2022/08/28, 20:46:56.584, 53662902836, vstest.console.dll, ProxyDataCollectionManager.AfterTestRunEnd: Get attachment set and invoked data collectors processId: 10116 port: 55683
TpTrace Verbose: 0 : 23096, 14, 2022/08/28, 20:46:56.584, 53662903592, vstest.console.dll, DataCollectionRequestSender.SendAfterTestRunStartAndGetResult: Send AfterTestRunEnd message with isCancelled: False
TpTrace Verbose: 0 : 23096, 14, 2022/08/28, 20:46:56.597, 53663025180, vstest.console.dll, DataCollectionRequestSender.SendAfterTestRunStartAndGetResult: Received message: (DataCollection.AfterTestRunEndResult) -> {
  "AttachmentSets": [],
  "InvokedDataCollectors": [
    {
      "Uri": "datacollector://Microsoft/TestPlatform/Extensions/Blame/v1",
      "FriendlyName": "Blame",
      "AssemblyQualifiedName": "Microsoft.TestPlatform.Extensions.BlameDataCollector.BlameCollector, Microsoft.TestPlatform.Extensions.BlameDataCollector, Version=15.0.0.0, Culture=neutral, PublicKeyToken=b03f5f7f11d50a3a",
      "FilePath": "C:\\Program Files\\dotnet\\sdk\\6.0.303\\Extensions\\Microsoft.TestPlatform.Extensions.BlameDataCollector.dll",
      "HasAttachmentProcessor": false
    }
  ],
  "Metrics": {}
}
TpTrace Warning: 0 : 23096, 10, 2022/08/28, 20:46:56.605, 53663106938, vstest.console.dll, DataCollectionLauncher.ErrorReceivedCallback datacollector standard error line: 
TpTrace Information: 0 : 23096, 14, 2022/08/28, 20:46:56.607, 53663129137, vstest.console.dll, ProxyDataCollectionManager.InvokeDataCollectionServiceAction: Completed.
TpTrace Information: 0 : 23096, 10, 2022/08/28, 20:46:56.613, 53663186092, vstest.console.dll, DataCollectionLauncher.ExitCallBack: Data collector exited with exitcode: 0 error: ''
TpTrace Verbose: 0 : 23096, 14, 2022/08/28, 20:46:56.714, 53664202100, vstest.console.dll, TestRunRequest:SendTestRunStatsChange: Starting.
TpTrace Verbose: 0 : 23096, 14, 2022/08/28, 20:46:56.715, 53664206100, vstest.console.dll, MulticastDelegateUtilities.SafeInvoke: TestRun.RunStatsChanged: Invoking callbacks was skipped because there are no subscribers.
TpTrace Information: 0 : 23096, 14, 2022/08/28, 20:46:56.715, 53664206918, vstest.console.dll, TestRunRequest:SendTestRunStatsChange: Completed.
TpTrace Verbose: 0 : 23096, 14, 2022/08/28, 20:46:56.715, 53664211376, vstest.console.dll, ParallelProxyExecutionManager: HandlePartialRunComplete: Total completed clients = 1, Run complete = True, Run canceled: False.
TpTrace Verbose: 0 : 23096, 4, 2022/08/28, 20:46:56.718, 53664243498, vstest.console.dll, MulticastDelegateUtilities.SafeInvoke: InternalTestLoggerEvents.SendTestResult: Invoking callback 1/1 for Microsoft.VisualStudio.TestPlatform.CommandLine.Internal.ConsoleLogger.TestResultHandler, took 3 ms.
TpTrace Verbose: 0 : 23096, 4, 2022/08/28, 20:46:56.732, 53664375832, vstest.console.dll, MulticastDelegateUtilities.SafeInvoke: InternalTestLoggerEvents.SendTestRunComplete: Invoking callback 1/2 for Microsoft.TestPlatform.Extensions.BlameDataCollector.BlameLogger.TestRunCompleteHandler, took 0 ms.
TpTrace Verbose: 0 : 23096, 4, 2022/08/28, 20:46:56.740, 53664462495, vstest.console.dll, MulticastDelegateUtilities.SafeInvoke: InternalTestLoggerEvents.SendTestRunComplete: Invoking callback 2/2 for Microsoft.VisualStudio.TestPlatform.CommandLine.Internal.ConsoleLogger.TestRunCompleteHandler, took 8 ms.
TpTrace Verbose: 0 : 23096, 14, 2022/08/28, 20:46:56.741, 53664466173, vstest.console.dll, TestRunRequest:TestRunComplete: Starting. IsAborted:False IsCanceled:False.
TpTrace Verbose: 0 : 23096, 14, 2022/08/28, 20:46:56.742, 53664475836, vstest.console.dll, TestLoggerManager.HandleTestRunComplete: Ignoring as the object is disposed.
TpTrace Verbose: 0 : 23096, 14, 2022/08/28, 20:46:56.742, 53664478550, vstest.console.dll, MulticastDelegateUtilities.SafeInvoke: TestRun.TestRunComplete: Invoking callback 1/2 for Microsoft.VisualStudio.TestPlatform.CommandLine.TestRunResultAggregator.TestRunCompletionHandler, took 0 ms.
TpTrace Verbose: 0 : 23096, 14, 2022/08/28, 20:46:56.742, 53664479721, vstest.console.dll, MulticastDelegateUtilities.SafeInvoke: TestRun.TestRunComplete: Invoking callback 2/2 for Microsoft.VisualStudio.TestPlatform.CommandLine.Processors.RunTestsArgumentExecutor+TestRunRequestEventsRegistrar.TestRunRequest_OnRunCompletion, took 0 ms.
TpTrace Information: 0 : 23096, 14, 2022/08/28, 20:46:56.742, 53664481088, vstest.console.dll, TestRunRequest:TestRunComplete: Completed.
TpTrace Verbose: 0 : 23096, 1, 2022/08/28, 20:46:56.742, 53664481467, vstest.console.dll, TestRunRequest.Dispose: Starting.
TpTrace Verbose: 0 : 23096, 14, 2022/08/28, 20:46:56.742, 53664481730, vstest.console.dll, TestRequestSender.SetOperationComplete: Setting operation complete.
TpTrace Information: 0 : 23096, 1, 2022/08/28, 20:46:56.742, 53664482602, vstest.console.dll, TestRunRequest.Dispose: Completed.
TpTrace Information: 0 : 23096, 14, 2022/08/28, 20:46:56.742, 53664483236, vstest.console.dll, SocketServer.Stop: Stop server endPoint: 127.0.0.1:55686
TpTrace Information: 0 : 23096, 1, 2022/08/28, 20:46:56.742, 53664484042, vstest.console.dll, TestRequestManager.RunTests: run tests completed.
TpTrace Information: 0 : 23096, 14, 2022/08/28, 20:46:56.742, 53664484337, vstest.console.dll, SocketServer.Stop: Cancellation requested. Stopping message loop.
TpTrace Verbose: 0 : 23096, 14, 2022/08/28, 20:46:56.743, 53664485451, vstest.console.dll, MulticastDelegateUtilities.SafeInvoke: LengthPrefixCommunicationChannel: MessageReceived: Invoking callback 1/1 for Microsoft.VisualStudio.TestPlatform.CommunicationUtilities.TestRequestSender+<>c__DisplayClass30_0.<StartTestRun>b__1, took 215 ms.
TpTrace Information: 0 : 23096, 1, 2022/08/28, 20:46:56.743, 53664485606, vstest.console.dll, RunTestsArgumentProcessor:Execute: Test run is completed.
TpTrace Information: 0 : 23096, 14, 2022/08/28, 20:46:56.743, 53664486063, vstest.console.dll, SocketServer.PrivateStop: Stopping server endPoint: 127.0.0.1:55686 error: 
TpTrace Verbose: 0 : 23096, 1, 2022/08/28, 20:46:56.743, 53664488641, vstest.console.dll, Executor.Execute: Exiting with exit code of 0
