<?xml version="1.0" encoding="utf-8"?>
<coverage line-rate="0.8887999999999999" branch-rate="1" version="1.9" timestamp="1661712416" lines-covered="8" lines-valid="9" branches-covered="0" branches-valid="0">
  <sources>
    <source>C:\Users\michaelmah\</source>
  </sources>
  <packages>
    <package name="Example" line-rate="1" branch-rate="1" complexity="1">
      <classes>
        <class name="Example.ExampleProdCode" filename="OneDrive - Derivco (Pty) Limited\Documents\Training\DevFluence TDD Fundamentals with C#\Example\Example\ExampleProdCode.cs" line-rate="1" branch-rate="1" complexity="1">
          <methods>
            <method name="HelloWorld" signature="()" line-rate="1" branch-rate="1" complexity="1">
              <lines>
                <line number="8" hits="1" branch="False" />
                <line number="9" hits="1" branch="False" />
                <line number="10" hits="1" branch="False" />
              </lines>
            </method>
          </methods>
          <lines>
            <line number="8" hits="1" branch="False" />
            <line number="9" hits="1" branch="False" />
            <line number="10" hits="1" branch="False" />
          </lines>
        </class>
      </classes>
    </package>
    <package name="Example.Tests" line-rate="0.8332999999999999" branch-rate="1" complexity="2">
      <classes>
        <class name="AutoGeneratedProgram" filename=".nuget\packages\microsoft.net.test.sdk\17.3.0\build\netcoreapp2.1\Microsoft.NET.Test.Sdk.Program.cs" line-rate="0" branch-rate="1" complexity="1">
          <methods>
            <method name="Main" signature="(System.String[])" line-rate="0" branch-rate="1" complexity="1">
              <lines>
                <line number="4" hits="0" branch="False" />
              </lines>
            </method>
          </methods>
          <lines>
            <line number="4" hits="0" branch="False" />
          </lines>
        </class>
        <class name="Example.Tests.ExampleTests" filename="OneDrive - Derivco (Pty) Limited\Documents\Training\DevFluence TDD Fundamentals with C#\Example\Example.Tests\ExampleTests.cs" line-rate="1" branch-rate="1" complexity="1">
          <methods>
            <method name="Learning" signature="()" line-rate="1" branch-rate="1" complexity="1">
              <lines>
                <line number="11" hits="1" branch="False" />
                <line number="12" hits="1" branch="False" />
                <line number="13" hits="1" branch="False" />
                <line number="14" hits="1" branch="False" />
                <line number="15" hits="1" branch="False" />
              </lines>
            </method>
          </methods>
          <lines>
            <line number="11" hits="1" branch="False" />
            <line number="12" hits="1" branch="False" />
            <line number="13" hits="1" branch="False" />
            <line number="14" hits="1" branch="False" />
            <line number="15" hits="1" branch="False" />
          </lines>
        </class>
      </classes>
    </package>
  </packages>
</coverage>